<?xml version="1.0" encoding="UTF-8"?>
<!-- Generated by org.testng.reporters.JUnitXMLReporter -->
<testsuite hostname="AS-40" ignored="14" name="BatteryCaution" tests="12" failures="0" timestamp="2023-01-16T12:38:09 EET" time="7.226" errors="0">
  <testcase name="@BeforeTest beforeClass" time="7.183" classname="com.ERA.base.Base">
    <failure type="org.openqa.selenium.SessionNotCreatedException" message="Unable to create a new remote session. Original error: unexpected end of stream on Connection{127.0.0.1:4723, proxy=DIRECT hostAddress=/127.0.0.1:4723 cipherSuite=none protocol=http/1.1}
Build info: version: &amp;apos;3.141.59&amp;apos;, revision: &amp;apos;e82be7d358&amp;apos;, time: &amp;apos;2018-11-14T08:17:03&amp;apos;
System info: host: &amp;apos;AS-40&amp;apos;, ip: &amp;apos;192.168.80.157&amp;apos;, os.name: &amp;apos;Windows 10&amp;apos;, os.arch: &amp;apos;x86&amp;apos;, os.version: &amp;apos;10.0&amp;apos;, java.version: &amp;apos;1.8.0_352-352&amp;apos;
Driver info: driver.version: AndroidDriver">
      <![CDATA[org.openqa.selenium.SessionNotCreatedException: Unable to create a new remote session. Original error: unexpected end of stream on Connection{127.0.0.1:4723, proxy=DIRECT hostAddress=/127.0.0.1:4723 cipherSuite=none protocol=http/1.1}
Build info: version: '3.141.59', revision: 'e82be7d358', time: '2018-11-14T08:17:03'
System info: host: 'AS-40', ip: '192.168.80.157', os.name: 'Windows 10', os.arch: 'x86', os.version: '10.0', java.version: '1.8.0_352-352'
Driver info: driver.version: AndroidDriver
at io.appium.java_client.remote.AppiumCommandExecutor$1.createSession(AppiumCommandExecutor.java:208)
at io.appium.java_client.remote.AppiumCommandExecutor.createSession(AppiumCommandExecutor.java:217)
at io.appium.java_client.remote.AppiumCommandExecutor.execute(AppiumCommandExecutor.java:239)
at org.openqa.selenium.remote.RemoteWebDriver.execute(RemoteWebDriver.java:552)
at io.appium.java_client.DefaultGenericMobileDriver.execute(DefaultGenericMobileDriver.java:42)
at io.appium.java_client.AppiumDriver.execute(AppiumDriver.java:1)
at io.appium.java_client.android.AndroidDriver.execute(AndroidDriver.java:1)
at org.openqa.selenium.remote.RemoteWebDriver.startSession(RemoteWebDriver.java:213)
at org.openqa.selenium.remote.RemoteWebDriver.<init>(RemoteWebDriver.java:131)
at io.appium.java_client.DefaultGenericMobileDriver.<init>(DefaultGenericMobileDriver.java:38)
at io.appium.java_client.AppiumDriver.<init>(AppiumDriver.java:84)
at io.appium.java_client.AppiumDriver.<init>(AppiumDriver.java:94)
at io.appium.java_client.android.AndroidDriver.<init>(AndroidDriver.java:95)
at com.ERA.base.Base.beforeClass(Base.java:653)
at io.appium.java_client.remote.AppiumCommandExecutor$1.createSession(AppiumCommandExecutor.java:186)
... 37 more
Caused by: java.io.IOException: unexpected end of stream on Connection{127.0.0.1:4723, proxy=DIRECT hostAddress=/127.0.0.1:4723 cipherSuite=none protocol=http/1.1}
at okhttp3.internal.http1.Http1Codec.readResponseHeaders(Http1Codec.java:208)
at okhttp3.internal.http.CallServerInterceptor.intercept(CallServerInterceptor.java:88)
at okhttp3.internal.http.RealInterceptorChain.proceed(RealInterceptorChain.java:147)
at okhttp3.internal.http.RealInterceptorChain.proceed(RealInterceptorChain.java:121)
at org.openqa.selenium.remote.internal.OkHttpClient$Factory$1.lambda$createClient$1(OkHttpClient.java:152)
at okhttp3.internal.http.RealInterceptorChain.proceed(RealInterceptorChain.java:147)
at okhttp3.internal.connection.ConnectInterceptor.intercept(ConnectInterceptor.java:45)
at okhttp3.internal.http.RealInterceptorChain.proceed(RealInterceptorChain.java:147)
at okhttp3.internal.http.RealInterceptorChain.proceed(RealInterceptorChain.java:121)
at okhttp3.internal.cache.CacheInterceptor.intercept(CacheInterceptor.java:93)
at okhttp3.internal.http.RealInterceptorChain.proceed(RealInterceptorChain.java:147)
at okhttp3.internal.http.RealInterceptorChain.proceed(RealInterceptorChain.java:121)
at okhttp3.internal.http.BridgeInterceptor.intercept(BridgeInterceptor.java:93)
at okhttp3.internal.http.RealInterceptorChain.proceed(RealInterceptorChain.java:147)
at okhttp3.internal.http.RetryAndFollowUpInterceptor.intercept(RetryAndFollowUpInterceptor.java:126)
at okhttp3.internal.http.RealInterceptorChain.proceed(RealInterceptorChain.java:147)
at okhttp3.internal.http.RealInterceptorChain.proceed(RealInterceptorChain.java:121)
at okhttp3.RealCall.getResponseWithInterceptorChain(RealCall.java:200)
at okhttp3.RealCall.execute(RealCall.java:77)
at org.openqa.selenium.remote.internal.OkHttpClient.execute(OkHttpClient.java:103)
at org.openqa.selenium.remote.ProtocolHandshake.createSession(ProtocolHandshake.java:105)
... 42 more
Caused by: java.io.EOFException: \n not found: limit=0 content=â€¦
at okio.RealBufferedSource.readUtf8LineStrict(RealBufferedSource.java:237)
at okhttp3.internal.http1.Http1Codec.readHeaderLine(Http1Codec.java:215)
at okhttp3.internal.http1.Http1Codec.readResponseHeaders(Http1Codec.java:189)
... 62 more
... Removed 29 stack frames]]>
    </failure>
  </testcase> <!-- @BeforeTest beforeClass -->
  <testcase name="@AfterMethod afterMethod" time="-1.673865489055E9" classname="com.ERA.base.Base">
    <skipped/>
  </testcase> <!-- @AfterMethod afterMethod -->
  <testcase name="@AfterMethod afterMethod" time="-1.673865489058E9" classname="com.ERA.base.Base">
    <skipped/>
  </testcase> <!-- @AfterMethod afterMethod -->
  <testcase name="@AfterMethod afterMethod" time="-1.67386548906E9" classname="com.ERA.base.Base">
    <skipped/>
  </testcase> <!-- @AfterMethod afterMethod -->
  <testcase name="@AfterMethod afterMethod" time="-1.673865489079E9" classname="com.ERA.base.Base">
    <skipped/>
  </testcase> <!-- @AfterMethod afterMethod -->
  <testcase name="@AfterMethod afterMethod" time="-1.67386548908E9" classname="com.ERA.base.Base">
    <skipped/>
  </testcase> <!-- @AfterMethod afterMethod -->
  <testcase name="@AfterMethod afterMethod" time="-1.673865489082E9" classname="com.ERA.base.Base">
    <skipped/>
  </testcase> <!-- @AfterMethod afterMethod -->
  <testcase name="@AfterMethod afterMethod" time="-1.673865489084E9" classname="com.ERA.base.Base">
    <skipped/>
  </testcase> <!-- @AfterMethod afterMethod -->
  <testcase name="@AfterMethod afterMethod" time="-1.673865489086E9" classname="com.ERA.base.Base">
    <skipped/>
  </testcase> <!-- @AfterMethod afterMethod -->
  <testcase name="@AfterMethod afterMethod" time="-1.673865489088E9" classname="com.ERA.base.Base">
    <skipped/>
  </testcase> <!-- @AfterMethod afterMethod -->
  <testcase name="@AfterMethod afterMethod" time="-1.67386548909E9" classname="com.ERA.base.Base">
    <skipped/>
  </testcase> <!-- @AfterMethod afterMethod -->
  <testcase name="@AfterMethod afterMethod" time="-1.673865489092E9" classname="com.ERA.base.Base">
    <skipped/>
  </testcase> <!-- @AfterMethod afterMethod -->
  <testcase name="@AfterMethod afterMethod" time="-1.673865489094E9" classname="com.ERA.base.Base">
    <skipped/>
  </testcase> <!-- @AfterMethod afterMethod -->
  <testcase name="DragServiceSheet" time="0.0" classname="Battery.NewFlow_addNormalBatteryRequestTest">
    <skipped/>
  </testcase> <!-- DragServiceSheet -->
  <testcase name="SelectBattery" time="0.0" classname="Battery.NewFlow_addNormalBatteryRequestTest">
    <skipped/>
  </testcase> <!-- SelectBattery -->
  <testcase name="Addingvalidpickup" time="0.0" classname="towing.validPickUPLocationTest">
    <skipped/>
  </testcase> <!-- Addingvalidpickup -->
  <testcase name="SendPickupLocation" time="0.0" classname="towing.validPickUPLocationTest">
    <skipped/>
  </testcase> <!-- SendPickupLocation -->
  <testcase name="ClickSearchresultItem" time="0.0" classname="towing.validPickUPLocationTest">
    <skipped/>
  </testcase> <!-- ClickSearchresultItem -->
  <testcase name="Confirm_location" time="0.0" classname="Battery.Confirm_LocationTest">
    <skipped/>
  </testcase> <!-- Confirm_location -->
  <testcase name="clickAddNote" time="0.0" classname="Battery.NoteTest">
    <skipped/>
  </testcase> <!-- clickAddNote -->
  <testcase name="Sendnotevalue" time="0.0" classname="Battery.NoteTest">
    <skipped/>
  </testcase> <!-- Sendnotevalue -->
  <testcase name="ConfirmNote" time="0.0" classname="Battery.NoteTest">
    <skipped/>
  </testcase> <!-- ConfirmNote -->
  <testcase name="DragServiceSheet" time="0.0" classname="Battery.cautionBatteryRequestTest">
    <skipped/>
  </testcase> <!-- DragServiceSheet -->
  <testcase name="clickBackarrrow2" time="0.0" classname="Battery.cautionBatteryRequestTest">
    <skipped/>
  </testcase> <!-- clickBackarrrow2 -->
  <testcase name="confirmbackome" time="0.0" classname="Battery.cautionBatteryRequestTest">
    <skipped/>
  </testcase> <!-- confirmbackome -->
  <testcase name="SendFujirahPickupLocation" time="0.0" classname="towing.validPickUPLocationTest">
    <ignored/>
  </testcase> <!-- SendFujirahPickupLocation -->
  <testcase name="@BeforeSuite beforeSuite" time="0.0" classname="com.ERA.base.Base">
    <ignored/>
  </testcase> <!-- @BeforeSuite beforeSuite -->
  <testcase name="@BeforeSuite beforeSuite" time="0.0" classname="com.ERA.base.Base">
    <ignored/>
  </testcase> <!-- @BeforeSuite beforeSuite -->
  <testcase name="@BeforeSuite beforeSuite" time="0.0" classname="com.ERA.base.Base">
    <ignored/>
  </testcase> <!-- @BeforeSuite beforeSuite -->
  <testcase name="@BeforeSuite beforeSuite" time="0.0" classname="com.ERA.base.Base">
    <ignored/>
  </testcase> <!-- @BeforeSuite beforeSuite -->
  <testcase name="TowingclickAddNote" time="0.0" classname="Battery.NoteTest">
    <ignored/>
  </testcase> <!-- TowingclickAddNote -->
  <testcase name="@BeforeTest beforeClass" time="0.0" classname="com.ERA.base.Base">
    <ignored/>
  </testcase> <!-- @BeforeTest beforeClass -->
  <testcase name="@BeforeTest beforeClass" time="0.0" classname="com.ERA.base.Base">
    <ignored/>
  </testcase> <!-- @BeforeTest beforeClass -->
  <testcase name="@BeforeTest beforeClass" time="0.0" classname="com.ERA.base.Base">
    <ignored/>
  </testcase> <!-- @BeforeTest beforeClass -->
  <testcase name="@BeforeTest beforeClass" time="0.0" classname="com.ERA.base.Base">
    <ignored/>
  </testcase> <!-- @BeforeTest beforeClass -->
  <testcase name="@AfterSuite afterSuite" time="0.0" classname="com.ERA.base.Base">
    <ignored/>
  </testcase> <!-- @AfterSuite afterSuite -->
  <testcase name="@AfterSuite afterSuite" time="0.0" classname="com.ERA.base.Base">
    <ignored/>
  </testcase> <!-- @AfterSuite afterSuite -->
  <testcase name="@AfterSuite afterSuite" time="0.0" classname="com.ERA.base.Base">
    <ignored/>
  </testcase> <!-- @AfterSuite afterSuite -->
  <testcase name="@AfterSuite afterSuite" time="0.0" classname="com.ERA.base.Base">
    <ignored/>
  </testcase> <!-- @AfterSuite afterSuite -->
</testsuite> <!-- BatteryCaution -->
