<?xml version="1.0" encoding="UTF-8"?>
<!-- Generated by org.testng.reporters.JUnitXMLReporter -->
<testsuite hostname="AS-40" ignored="16" name="check completed Status" tests="12" failures="1" timestamp="2023-01-23T14:34:09 EET" time="69.774" errors="0">
  <testcase name="clcallowLocationPermissionTestLogin" time="3.228" classname="common.allowLocationPermissionTest"/>
  <testcase name="clcikLogin" time="2.873" classname="login.FujirahLoginfromHomescreenTest"/>
  <testcase name="SelectCountyCode" time="0.22" classname="login.FujirahLoginfromHomescreenTest"/>
  <testcase name="Searchforcounrty" time="0.486" classname="login.FujirahLoginfromHomescreenTest"/>
  <testcase name="SelectEgypt" time="0.427" classname="login.FujirahLoginfromHomescreenTest"/>
  <testcase name="addFujirahMobileNumber" time="0.84" classname="login.FujirahLoginfromHomescreenTest"/>
  <testcase name="clickContinue" time="1.59" classname="login.FujirahLoginfromHomescreenTest"/>
  <testcase name="getotpPolice" time="7.489" classname="login.FujirahLoginfromHomescreenTest"/>
  <testcase name="ClickMenu" time="5.301" classname="common.MenuTest"/>
  <testcase name="ClickSubmittedRequest" time="7.113" classname="common.SubmittedRequestTest"/>
  <testcase name="clickfristitemTest" time="10.375" classname="FujirahAccount.RequestCompletedTest"/>
  <testcase name="confirmRequestCompletedTest" time="0.156" classname="FujirahAccount.RequestCompletedTest">
    <failure type="java.lang.AssertionError" message="The following asserts failed:
	expected [مكتمل] but found [تم إنزال المركبة]">
      <![CDATA[java.lang.AssertionError: The following asserts failed:
expected [مكتمل] but found [تم إنزال المركبة]
at com.ERA.screens.RequestHistoryScreen.checkCompletedStatus1(RequestHistoryScreen.java:192)
at FujirahAccount.RequestCompletedTest.confirmRequestCompletedTest(RequestCompletedTest.java:18)
at java.util.ArrayList.forEach(ArrayList.java:1259)
... Removed 29 stack frames]]>
    </failure>
  </testcase> <!-- confirmRequestCompletedTest -->
  <testcase name="@AfterTest afterTest" time="0.0" classname="com.ERA.base.Base">
    <ignored/>
  </testcase> <!-- @AfterTest afterTest -->
  <testcase name="@AfterTest afterTest" time="0.0" classname="com.ERA.base.Base">
    <ignored/>
  </testcase> <!-- @AfterTest afterTest -->
  <testcase name="@AfterTest afterTest" time="0.0" classname="com.ERA.base.Base">
    <ignored/>
  </testcase> <!-- @AfterTest afterTest -->
  <testcase name="@AfterTest afterTest" time="0.0" classname="com.ERA.base.Base">
    <ignored/>
  </testcase> <!-- @AfterTest afterTest -->
  <testcase name="@BeforeSuite beforeSuite" time="0.0" classname="com.ERA.base.Base">
    <ignored/>
  </testcase> <!-- @BeforeSuite beforeSuite -->
  <testcase name="@BeforeSuite beforeSuite" time="0.0" classname="com.ERA.base.Base">
    <ignored/>
  </testcase> <!-- @BeforeSuite beforeSuite -->
  <testcase name="@BeforeSuite beforeSuite" time="0.0" classname="com.ERA.base.Base">
    <ignored/>
  </testcase> <!-- @BeforeSuite beforeSuite -->
  <testcase name="@BeforeSuite beforeSuite" time="0.0" classname="com.ERA.base.Base">
    <ignored/>
  </testcase> <!-- @BeforeSuite beforeSuite -->
  <testcase name="@BeforeTest beforeClass" time="0.0" classname="com.ERA.base.Base">
    <ignored/>
  </testcase> <!-- @BeforeTest beforeClass -->
  <testcase name="@BeforeTest beforeClass" time="0.0" classname="com.ERA.base.Base">
    <ignored/>
  </testcase> <!-- @BeforeTest beforeClass -->
  <testcase name="@BeforeTest beforeClass" time="0.0" classname="com.ERA.base.Base">
    <ignored/>
  </testcase> <!-- @BeforeTest beforeClass -->
  <testcase name="@BeforeTest beforeClass" time="0.0" classname="com.ERA.base.Base">
    <ignored/>
  </testcase> <!-- @BeforeTest beforeClass -->
  <testcase name="@AfterSuite afterSuite" time="0.0" classname="com.ERA.base.Base">
    <ignored/>
  </testcase> <!-- @AfterSuite afterSuite -->
  <testcase name="@AfterSuite afterSuite" time="0.0" classname="com.ERA.base.Base">
    <ignored/>
  </testcase> <!-- @AfterSuite afterSuite -->
  <testcase name="@AfterSuite afterSuite" time="0.0" classname="com.ERA.base.Base">
    <ignored/>
  </testcase> <!-- @AfterSuite afterSuite -->
  <testcase name="@AfterSuite afterSuite" time="0.0" classname="com.ERA.base.Base">
    <ignored/>
  </testcase> <!-- @AfterSuite afterSuite -->
</testsuite> <!-- check completed Status -->
