<?xml version="1.0" encoding="UTF-8"?>
<!-- Generated by org.testng.reporters.JUnitXMLReporter -->
<testsuite hostname="AS-40" ignored="38" name="Create RTA Request" tests="37" failures="1" timestamp="2023-01-30T11:02:33 EET" time="305.366" errors="0">
  <testcase name="confirmlocation" time="17.779" classname="RTA.RTA_IamNotSure_Test"/>
  <testcase name="selectIamnotsure" time="0.403" classname="RTA.RTA_IamNotSure_Test"/>
  <testcase name="takeImage" time="0.604" classname="RTA.ImageHappyPathTest"/>
  <testcase name="allowcameraPermission" time="15.487" classname="RTA.ImageHappyPathTest">
    <failure type="org.openqa.selenium.NoSuchElementException" message="Can&amp;apos;t locate an element by this strategy: By.chained({By.id: com.android.permissioncontroller:id/permission_allow_button})">
      <![CDATA[org.openqa.selenium.NoSuchElementException: Can't locate an element by this strategy: By.chained({By.id: com.android.permissioncontroller:id/permission_allow_button})
at io.appium.java_client.pagefactory.AppiumElementLocator.findElement(AppiumElementLocator.java:126)
at io.appium.java_client.pagefactory.interceptors.InterceptorOfASingleElement.intercept(InterceptorOfASingleElement.java:59)
at io.appium.java_client.android.AndroidElement$$EnhancerByCGLIB$$b598166c.click(<generated>)
at com.ERA.screens.ImageScreen.allowcameraPermission(ImageScreen.java:54)
at RTA.ImageHappyPathTest.allowcameraPermission(ImageHappyPathTest.java:21)
at java.util.ArrayList.forEach(ArrayList.java:1259)
Caused by: org.openqa.selenium.TimeoutException: Expected condition failed: waiting for io.appium.java_client.pagefactory.AppiumElementLocator$WaitingFunction@1c4ecdc (tried for 1 second(s) with 500 milliseconds interval)
at org.openqa.selenium.support.ui.FluentWait.timeoutException(FluentWait.java:304)
at org.openqa.selenium.support.ui.FluentWait.until(FluentWait.java:272)
at io.appium.java_client.pagefactory.AppiumElementLocator.waitFor(AppiumElementLocator.java:99)
at io.appium.java_client.pagefactory.AppiumElementLocator.findElement(AppiumElementLocator.java:119)
... 32 more
Caused by: org.openqa.selenium.NoSuchElementException: Cannot locate an element using By.chained({By.id: com.android.permissioncontroller:id/permission_allow_button})
For documentation on this error, please visit: https://www.seleniumhq.org/exceptions/no_such_element.html
Build info: version: '3.141.59', revision: 'e82be7d358', time: '2018-11-14T08:17:03'
System info: host: 'AS-40', ip: '192.168.1.13', os.name: 'Windows 10', os.arch: 'x86', os.version: '10.0', java.version: '1.8.0_352-352'
Driver info: driver.version: AndroidDriver
at io.appium.java_client.pagefactory.bys.builder.ByChained.findElement(ByChained.java:74)
at org.openqa.selenium.remote.RemoteWebDriver.findElement(RemoteWebDriver.java:315)
at io.appium.java_client.DefaultGenericMobileDriver.findElement(DefaultGenericMobileDriver.java:58)
at io.appium.java_client.AppiumDriver.findElement(AppiumDriver.java:1)
at io.appium.java_client.android.AndroidDriver.findElement(AndroidDriver.java:1)
at io.appium.java_client.pagefactory.bys.ContentMappedBy.findElement(ContentMappedBy.java:50)
at org.openqa.selenium.remote.RemoteWebDriver.findElement(RemoteWebDriver.java:315)
at io.appium.java_client.DefaultGenericMobileDriver.findElement(DefaultGenericMobileDriver.java:58)
at io.appium.java_client.AppiumDriver.findElement(AppiumDriver.java:1)
at io.appium.java_client.android.AndroidDriver.findElement(AndroidDriver.java:1)
at io.appium.java_client.pagefactory.AppiumElementLocator.lambda$0(AppiumElementLocator.java:120)
at io.appium.java_client.pagefactory.AppiumElementLocator$WaitingFunction.apply(AppiumElementLocator.java:172)
at io.appium.java_client.pagefactory.AppiumElementLocator$WaitingFunction.apply(AppiumElementLocator.java:1)
at org.openqa.selenium.support.ui.FluentWait.until(FluentWait.java:249)
... 34 more
... Removed 27 stack frames]]>
    </failure>
  </testcase> <!-- allowcameraPermission -->
  <testcase name="cameraTakeImage" time="0.401" classname="RTA.ImageHappyPathTest"/>
  <testcase name="ConfirmImage" time="0.305" classname="RTA.ImageHappyPathTest"/>
  <testcase name="ConfirmImagebutton" time="0.359" classname="RTA.ImageHappyPathTest"/>
  <testcase name="confirmdropOff" time="0.572" classname="RTA.DropOffTest"/>
  <testcase name="confirmSummery" time="15.325" classname="RTA.SummeryHappyPathTest"/>
  <testcase name="clickBack" time="10.15" classname="RTA.SaveAsDraftTest"/>
  <testcase name="SaveAsdraft" time="0.714" classname="RTA.SaveAsDraftTest"/>
  <testcase name="ClickMenu" time="5.172" classname="common.MenuTest"/>
  <testcase name="ClickSubmittedRequest" time="6.398" classname="common.SubmittedRequestTest"/>
  <testcase name="clickTrack" time="10.365" classname="RTA.TrackTest"/>
  <testcase name="setup" time="3.349" classname="RTA_FleetAndAdmin.Admin_GetGobId_Test"/>
  <testcase name="loginTest" time="7.14" classname="RTA_FleetAndAdmin.Admin_GetGobId_Test"/>
  <testcase name="OpenRequest" time="13.039" classname="RTA_FleetAndAdmin.Admin_GetGobId_Test"/>
  <testcase name="SearchWithMobileNumber" time="16.518" classname="RTA_FleetAndAdmin.Admin_GetGobId_Test"/>
  <testcase name="GetRequestAndJobOrderID" time="3.097" classname="RTA_FleetAndAdmin.Admin_GetGobId_Test"/>
  <testcase name="setup" time="3.403" classname="RTA_FleetAndAdmin.Fleet_IamNotSure_AssignRequest_Test"/>
  <testcase name="loginTest" time="13.373" classname="RTA_FleetAndAdmin.Fleet_IamNotSure_AssignRequest_Test"/>
  <testcase name="SearchWithjoborderId" time="0.093" classname="RTA_FleetAndAdmin.Fleet_IamNotSure_AssignRequest_Test"/>
  <testcase name="clickAction" time="5.175" classname="RTA_FleetAndAdmin.Fleet_IamNotSure_AssignRequest_Test"/>
  <testcase name="changeRecoverytype" time="5.193" classname="RTA_FleetAndAdmin.Fleet_IamNotSure_AssignRequest_Test"/>
  <testcase name="selectrecoverytype" time="5.196" classname="RTA_FleetAndAdmin.Fleet_IamNotSure_AssignRequest_Test"/>
  <testcase name="item_selection" time="2.089" classname="RTA_FleetAndAdmin.Fleet_IamNotSure_AssignRequest_Test"/>
  <testcase name="save" time="0.094" classname="RTA_FleetAndAdmin.Fleet_IamNotSure_AssignRequest_Test"/>
  <testcase name="refresh" time="1.216" classname="RTA_FleetAndAdmin.Fleet_IamNotSure_AssignRequest_Test"/>
  <testcase name="SearchWithjoborderId2" time="0.104" classname="RTA_FleetAndAdmin.Fleet_IamNotSure_AssignRequest_Test"/>
  <testcase name="actionbutton2" time="10.168" classname="RTA_FleetAndAdmin.Fleet_IamNotSure_AssignRequest_Test"/>
  <testcase name="Clickdetails" time="0.084" classname="RTA_FleetAndAdmin.Fleet_IamNotSure_AssignRequest_Test"/>
  <testcase name="clcikAssignbutton" time="8.469" classname="RTA_FleetAndAdmin.Fleet_IamNotSure_AssignRequest_Test"/>
  <testcase name="SerchWithdriverName" time="3.254" classname="RTA_FleetAndAdmin.Fleet_IamNotSure_AssignRequest_Test"/>
  <testcase name="selectdriverfromList" time="20.559" classname="RTA_FleetAndAdmin.Fleet_IamNotSure_AssignRequest_Test"/>
  <testcase name="confirmAssign" time="5.181" classname="RTA_FleetAndAdmin.Fleet_IamNotSure_AssignRequest_Test"/>
  <testcase name="driverLogin" time="3.126" classname="driverApi.API_Driver_Login_Test"/>
  <testcase name="Startjob_Test" time="51.026" classname="driverApi.API_Driver_Startjob_Test"/>
  <testcase name="@AfterTest afterTest" time="0.0" classname="com.ERA.base.Base">
    <ignored/>
  </testcase> <!-- @AfterTest afterTest -->
  <testcase name="@AfterTest afterTest" time="0.0" classname="com.ERA.base.Base">
    <ignored/>
  </testcase> <!-- @AfterTest afterTest -->
  <testcase name="@AfterTest afterTest" time="0.0" classname="com.ERA.base.Base">
    <ignored/>
  </testcase> <!-- @AfterTest afterTest -->
  <testcase name="@AfterTest afterTest" time="0.0" classname="com.ERA.base.Base">
    <ignored/>
  </testcase> <!-- @AfterTest afterTest -->
  <testcase name="@AfterTest afterTest" time="0.0" classname="com.ERA.base.Base">
    <ignored/>
  </testcase> <!-- @AfterTest afterTest -->
  <testcase name="@AfterTest afterTest" time="0.0" classname="com.ERA.base.Base">
    <ignored/>
  </testcase> <!-- @AfterTest afterTest -->
  <testcase name="@AfterTest afterTest" time="0.0" classname="com.ERA.base.Base">
    <ignored/>
  </testcase> <!-- @AfterTest afterTest -->
  <testcase name="@AfterTest afterTest" time="0.0" classname="com.ERA.base.Base">
    <ignored/>
  </testcase> <!-- @AfterTest afterTest -->
  <testcase name="@AfterTest afterTest" time="0.0" classname="com.ERA.base.Base">
    <ignored/>
  </testcase> <!-- @AfterTest afterTest -->
  <testcase name="@AfterSuite afterSuite" time="0.0" classname="com.ERA.base.BaseClass">
    <ignored/>
  </testcase> <!-- @AfterSuite afterSuite -->
  <testcase name="@BeforeTest beforeClass" time="0.0" classname="com.ERA.base.Base">
    <ignored/>
  </testcase> <!-- @BeforeTest beforeClass -->
  <testcase name="@BeforeTest beforeClass" time="0.0" classname="com.ERA.base.Base">
    <ignored/>
  </testcase> <!-- @BeforeTest beforeClass -->
  <testcase name="@BeforeTest beforeClass" time="0.0" classname="com.ERA.base.Base">
    <ignored/>
  </testcase> <!-- @BeforeTest beforeClass -->
  <testcase name="@BeforeTest beforeClass" time="0.0" classname="com.ERA.base.Base">
    <ignored/>
  </testcase> <!-- @BeforeTest beforeClass -->
  <testcase name="@BeforeTest beforeClass" time="0.0" classname="com.ERA.base.Base">
    <ignored/>
  </testcase> <!-- @BeforeTest beforeClass -->
  <testcase name="@BeforeTest beforeClass" time="0.0" classname="com.ERA.base.Base">
    <ignored/>
  </testcase> <!-- @BeforeTest beforeClass -->
  <testcase name="@BeforeTest beforeClass" time="0.0" classname="com.ERA.base.Base">
    <ignored/>
  </testcase> <!-- @BeforeTest beforeClass -->
  <testcase name="@BeforeTest beforeClass" time="0.0" classname="com.ERA.base.Base">
    <ignored/>
  </testcase> <!-- @BeforeTest beforeClass -->
  <testcase name="@BeforeTest beforeClass" time="0.0" classname="com.ERA.base.Base">
    <ignored/>
  </testcase> <!-- @BeforeTest beforeClass -->
  <testcase name="@BeforeSuite beforeSuite" time="0.0" classname="com.ERA.base.Base">
    <ignored/>
  </testcase> <!-- @BeforeSuite beforeSuite -->
  <testcase name="@BeforeSuite beforeSuite" time="0.0" classname="com.ERA.base.Base">
    <ignored/>
  </testcase> <!-- @BeforeSuite beforeSuite -->
  <testcase name="@BeforeSuite beforeSuite" time="0.0" classname="com.ERA.base.Base">
    <ignored/>
  </testcase> <!-- @BeforeSuite beforeSuite -->
  <testcase name="@BeforeSuite beforeSuite" time="0.0" classname="com.ERA.base.Base">
    <ignored/>
  </testcase> <!-- @BeforeSuite beforeSuite -->
  <testcase name="@BeforeSuite beforeSuite" time="0.0" classname="com.ERA.base.Base">
    <ignored/>
  </testcase> <!-- @BeforeSuite beforeSuite -->
  <testcase name="@BeforeSuite beforeSuite" time="0.0" classname="com.ERA.base.Base">
    <ignored/>
  </testcase> <!-- @BeforeSuite beforeSuite -->
  <testcase name="@BeforeSuite beforeSuite" time="0.0" classname="com.ERA.base.Base">
    <ignored/>
  </testcase> <!-- @BeforeSuite beforeSuite -->
  <testcase name="@BeforeSuite beforeSuite" time="0.0" classname="com.ERA.base.Base">
    <ignored/>
  </testcase> <!-- @BeforeSuite beforeSuite -->
  <testcase name="@BeforeSuite beforeSuite" time="0.0" classname="com.ERA.base.Base">
    <ignored/>
  </testcase> <!-- @BeforeSuite beforeSuite -->
  <testcase name="@BeforeSuite loadConfig" time="0.0" classname="com.ERA.base.BaseClass">
    <ignored/>
  </testcase> <!-- @BeforeSuite loadConfig -->
  <testcase name="@AfterSuite afterSuite" time="0.0" classname="com.ERA.base.Base">
    <ignored/>
  </testcase> <!-- @AfterSuite afterSuite -->
  <testcase name="@AfterSuite afterSuite" time="0.0" classname="com.ERA.base.Base">
    <ignored/>
  </testcase> <!-- @AfterSuite afterSuite -->
  <testcase name="@AfterSuite afterSuite" time="0.0" classname="com.ERA.base.Base">
    <ignored/>
  </testcase> <!-- @AfterSuite afterSuite -->
  <testcase name="@AfterSuite afterSuite" time="0.0" classname="com.ERA.base.Base">
    <ignored/>
  </testcase> <!-- @AfterSuite afterSuite -->
  <testcase name="@AfterSuite afterSuite" time="0.0" classname="com.ERA.base.Base">
    <ignored/>
  </testcase> <!-- @AfterSuite afterSuite -->
  <testcase name="@AfterSuite afterSuite" time="0.0" classname="com.ERA.base.Base">
    <ignored/>
  </testcase> <!-- @AfterSuite afterSuite -->
  <testcase name="@AfterSuite afterSuite" time="0.0" classname="com.ERA.base.Base">
    <ignored/>
  </testcase> <!-- @AfterSuite afterSuite -->
  <testcase name="@AfterSuite afterSuite" time="0.0" classname="com.ERA.base.Base">
    <ignored/>
  </testcase> <!-- @AfterSuite afterSuite -->
  <testcase name="@AfterSuite afterSuite" time="0.0" classname="com.ERA.base.Base">
    <ignored/>
  </testcase> <!-- @AfterSuite afterSuite -->
</testsuite> <!-- Create RTA Request -->
