<html>
<head>
<title>TestNG:  Create RTA Request</title>
<link href="../testng.css" rel="stylesheet" type="text/css" />
<link href="../my-testng.css" rel="stylesheet" type="text/css" />

<style type="text/css">
.log { display: none;} 
.stack-trace { display: none;} 
</style>
<script type="text/javascript">
<!--
function flip(e) {
  current = e.style.display;
  if (current == 'block') {
    e.style.display = 'none';
    return 0;
  }
  else {
    e.style.display = 'block';
    return 1;
  }
}

function toggleBox(szDivId, elem, msg1, msg2)
{
  var res = -1;  if (document.getElementById) {
    res = flip(document.getElementById(szDivId));
  }
  else if (document.all) {
    // this is the way old msie versions work
    res = flip(document.all[szDivId]);
  }
  if(elem) {
    if(res == 0) elem.innerHTML = msg1; else elem.innerHTML = msg2;
  }

}

function toggleAllBoxes() {
  if (document.getElementsByTagName) {
    d = document.getElementsByTagName('div');
    for (i = 0; i < d.length; i++) {
      if (d[i].className == 'log') {
        flip(d[i]);
      }
    }
  }
}

// -->
</script>

</head>
<body>
<h2 align='center'>Create RTA Request</h2><table border='1' align="center">
<tr>
<td>Tests passed/Failed/Skipped:</td><td>36/1/0</td>
</tr><tr>
<td>Started on:</td><td>Mon Jan 30 10:57:28 EET 2023</td>
</tr>
<tr><td>Total time:</td><td>305 seconds (305366 ms)</td>
</tr><tr>
<td>Included groups:</td><td></td>
</tr><tr>
<td>Excluded groups:</td><td></td>
</tr>
</table><p/>
<small><i>(Hover the method name to see the test class name)</i></small><p/>
<table width='100%' border='1' class='invocation-failed'>
<tr><td colspan='4' align='center'><b>FAILED TESTS</b></td></tr>
<tr><td><b>Test method</b></td>
<td width="30%"><b>Exception</b></td>
<td width="10%"><b>Time (seconds)</b></td>
<td><b>Instance</b></td>
</tr>
<tr>
<td title='RTA.ImageHappyPathTest.allowcameraPermission()'><b>allowcameraPermission</b><br>Test class: RTA.ImageHappyPathTest</td>
<td><div><pre>org.openqa.selenium.NoSuchElementException: Can&apos;t locate an element by this strategy: By.chained({By.id: com.android.permissioncontroller:id/permission_allow_button})
	at io.appium.java_client.pagefactory.AppiumElementLocator.findElement(AppiumElementLocator.java:126)
	at io.appium.java_client.pagefactory.interceptors.InterceptorOfASingleElement.intercept(InterceptorOfASingleElement.java:59)
	at io.appium.java_client.android.AndroidElement$$EnhancerByCGLIB$$b598166c.click(&lt;generated&gt;)
	at com.ERA.screens.ImageScreen.allowcameraPermission(ImageScreen.java:54)
	at RTA.ImageHappyPathTest.allowcameraPermission(ImageHappyPathTest.java:21)
	at java.util.ArrayList.forEach(ArrayList.java:1259)
Caused by: org.openqa.selenium.TimeoutException: Expected condition failed: waiting for io.appium.java_client.pagefactory.AppiumElementLocator$WaitingFunction@1c4ecdc (tried for 1 second(s) with 500 milliseconds interval)
	at org.openqa.selenium.support.ui.FluentWait.timeoutException(FluentWait.java:304)
	at org.openqa.selenium.support.ui.FluentWait.until(FluentWait.java:272)
	at io.appium.java_client.pagefactory.AppiumElementLocator.waitFor(AppiumElementLocator.java:99)
	at io.appium.java_client.pagefactory.AppiumElementLocator.findElement(AppiumElementLocator.java:119)
	... 32 more
Caused by: org.openqa.selenium.NoSuchElementException: Cannot locate an element using By.chained({By.id: com.android.permissioncontroller:id/permission_allow_button})
For documentation on this error, please visit: https://www.seleniumhq.org/exceptions/no_such_element.html
Build info: version: &apos;3.141.59&apos;, revision: &apos;e82be7d358&apos;, time: &apos;2018-11-14T08:17:03&apos;
System info: host: &apos;AS-40&apos;, ip: &apos;192.168.1.13&apos;, os.name: &apos;Windows 10&apos;, os.arch: &apos;x86&apos;, os.version: &apos;10.0&apos;, java.version: &apos;1.8.0_352-352&apos;
Driver info: driver.version: AndroidDriver
	at io.appium.java_client.pagefactory.bys.builder.ByChained.findElement(ByChained.java:74)
	at org.openqa.selenium.remote.RemoteWebDriver.findElement(RemoteWebDriver.java:315)
	at io.appium.java_client.DefaultGenericMobileDriver.findElement(DefaultGenericMobileDriver.java:58)
	at io.appium.java_client.AppiumDriver.findElement(AppiumDriver.java:1)
	at io.appium.java_client.android.AndroidDriver.findElement(AndroidDriver.java:1)
	at io.appium.java_client.pagefactory.bys.ContentMappedBy.findElement(ContentMappedBy.java:50)
	at org.openqa.selenium.remote.RemoteWebDriver.findElement(RemoteWebDriver.java:315)
	at io.appium.java_client.DefaultGenericMobileDriver.findElement(DefaultGenericMobileDriver.java:58)
	at io.appium.java_client.AppiumDriver.findElement(AppiumDriver.java:1)
	at io.appium.java_client.android.AndroidDriver.findElement(AndroidDriver.java:1)
	at io.appium.java_client.pagefactory.AppiumElementLocator.lambda$0(AppiumElementLocator.java:120)
	at io.appium.java_client.pagefactory.AppiumElementLocator$WaitingFunction.apply(AppiumElementLocator.java:172)
	at io.appium.java_client.pagefactory.AppiumElementLocator$WaitingFunction.apply(AppiumElementLocator.java:1)
	at org.openqa.selenium.support.ui.FluentWait.until(FluentWait.java:249)
	... 34 more
... Removed 27 stack frames</pre></div><a href='#' onClick='toggleBox("stack-trace18242026", this, "Click to show all stack frames", "Click to hide stack frames")'>Click to show all stack frames</a>
<div class='stack-trace' id='stack-trace18242026'><pre>org.openqa.selenium.NoSuchElementException: Can&apos;t locate an element by this strategy: By.chained({By.id: com.android.permissioncontroller:id/permission_allow_button})
	at io.appium.java_client.pagefactory.AppiumElementLocator.findElement(AppiumElementLocator.java:126)
	at io.appium.java_client.pagefactory.interceptors.InterceptorOfASingleElement.intercept(InterceptorOfASingleElement.java:59)
	at io.appium.java_client.android.AndroidElement$$EnhancerByCGLIB$$b598166c.click(&lt;generated&gt;)
	at com.ERA.screens.ImageScreen.allowcameraPermission(ImageScreen.java:54)
	at RTA.ImageHappyPathTest.allowcameraPermission(ImageHappyPathTest.java:21)
	at sun.reflect.NativeMethodAccessorImpl.invoke0(Native Method)
	at sun.reflect.NativeMethodAccessorImpl.invoke(NativeMethodAccessorImpl.java:62)
	at sun.reflect.DelegatingMethodAccessorImpl.invoke(DelegatingMethodAccessorImpl.java:43)
	at java.lang.reflect.Method.invoke(Method.java:498)
	at org.testng.internal.MethodInvocationHelper.invokeMethod(MethodInvocationHelper.java:133)
	at org.testng.internal.TestInvoker.invokeMethod(TestInvoker.java:598)
	at org.testng.internal.TestInvoker.invokeTestMethod(TestInvoker.java:173)
	at org.testng.internal.MethodRunner.runInSequence(MethodRunner.java:46)
	at org.testng.internal.TestInvoker$MethodInvocationAgent.invoke(TestInvoker.java:824)
	at org.testng.internal.TestInvoker.invokeTestMethods(TestInvoker.java:146)
	at org.testng.internal.TestMethodWorker.invokeTestMethods(TestMethodWorker.java:146)
	at org.testng.internal.TestMethodWorker.run(TestMethodWorker.java:128)
	at java.util.ArrayList.forEach(ArrayList.java:1259)
	at org.testng.TestRunner.privateRun(TestRunner.java:794)
	at org.testng.TestRunner.run(TestRunner.java:596)
	at org.testng.SuiteRunner.runTest(SuiteRunner.java:377)
	at org.testng.SuiteRunner.runSequentially(SuiteRunner.java:371)
	at org.testng.SuiteRunner.privateRun(SuiteRunner.java:332)
	at org.testng.SuiteRunner.run(SuiteRunner.java:276)
	at org.testng.SuiteRunnerWorker.runSuite(SuiteRunnerWorker.java:53)
	at org.testng.SuiteRunnerWorker.run(SuiteRunnerWorker.java:96)
	at org.testng.TestNG.runSuitesSequentially(TestNG.java:1212)
	at org.testng.TestNG.runSuitesLocally(TestNG.java:1134)
	at org.testng.TestNG.runSuites(TestNG.java:1063)
	at org.testng.TestNG.run(TestNG.java:1031)
	at org.testng.remote.AbstractRemoteTestNG.run(AbstractRemoteTestNG.java:115)
	at org.testng.remote.RemoteTestNG.initAndRun(RemoteTestNG.java:251)
	at org.testng.remote.RemoteTestNG.main(RemoteTestNG.java:77)
Caused by: org.openqa.selenium.TimeoutException: Expected condition failed: waiting for io.appium.java_client.pagefactory.AppiumElementLocator$WaitingFunction@1c4ecdc (tried for 1 second(s) with 500 milliseconds interval)
	at org.openqa.selenium.support.ui.FluentWait.timeoutException(FluentWait.java:304)
	at org.openqa.selenium.support.ui.FluentWait.until(FluentWait.java:272)
	at io.appium.java_client.pagefactory.AppiumElementLocator.waitFor(AppiumElementLocator.java:99)
	at io.appium.java_client.pagefactory.AppiumElementLocator.findElement(AppiumElementLocator.java:119)
	... 32 more
Caused by: org.openqa.selenium.NoSuchElementException: Cannot locate an element using By.chained({By.id: com.android.permissioncontroller:id/permission_allow_button})
For documentation on this error, please visit: https://www.seleniumhq.org/exceptions/no_such_element.html
Build info: version: &apos;3.141.59&apos;, revision: &apos;e82be7d358&apos;, time: &apos;2018-11-14T08:17:03&apos;
System info: host: &apos;AS-40&apos;, ip: &apos;192.168.1.13&apos;, os.name: &apos;Windows 10&apos;, os.arch: &apos;x86&apos;, os.version: &apos;10.0&apos;, java.version: &apos;1.8.0_352-352&apos;
Driver info: driver.version: AndroidDriver
	at io.appium.java_client.pagefactory.bys.builder.ByChained.findElement(ByChained.java:74)
	at org.openqa.selenium.remote.RemoteWebDriver.findElement(RemoteWebDriver.java:315)
	at io.appium.java_client.DefaultGenericMobileDriver.findElement(DefaultGenericMobileDriver.java:58)
	at io.appium.java_client.AppiumDriver.findElement(AppiumDriver.java:1)
	at io.appium.java_client.android.AndroidDriver.findElement(AndroidDriver.java:1)
	at io.appium.java_client.pagefactory.bys.ContentMappedBy.findElement(ContentMappedBy.java:50)
	at org.openqa.selenium.remote.RemoteWebDriver.findElement(RemoteWebDriver.java:315)
	at io.appium.java_client.DefaultGenericMobileDriver.findElement(DefaultGenericMobileDriver.java:58)
	at io.appium.java_client.AppiumDriver.findElement(AppiumDriver.java:1)
	at io.appium.java_client.android.AndroidDriver.findElement(AndroidDriver.java:1)
	at io.appium.java_client.pagefactory.AppiumElementLocator.lambda$0(AppiumElementLocator.java:120)
	at io.appium.java_client.pagefactory.AppiumElementLocator$WaitingFunction.apply(AppiumElementLocator.java:172)
	at io.appium.java_client.pagefactory.AppiumElementLocator$WaitingFunction.apply(AppiumElementLocator.java:1)
	at org.openqa.selenium.support.ui.FluentWait.until(FluentWait.java:249)
	... 34 more
</pre></div></td>
<td>15</td>
<td>RTA.ImageHappyPathTest@ea6137</td></tr>
</table><p>
<table width='100%' border='1' class='invocation-passed'>
<tr><td colspan='4' align='center'><b>PASSED TESTS</b></td></tr>
<tr><td><b>Test method</b></td>
<td width="30%"><b>Exception</b></td>
<td width="10%"><b>Time (seconds)</b></td>
<td><b>Instance</b></td>
</tr>
<tr>
<td title='RTA.TrackTest.clickTrack()'><b>clickTrack</b><br>Test class: RTA.TrackTest</td>
<td></td>
<td>10</td>
<td>RTA.TrackTest@e12bac</td></tr>
<tr>
<td title='RTA_FleetAndAdmin.Fleet_IamNotSure_AssignRequest_Test.confirmAssign()'><b>confirmAssign</b><br>Test class: RTA_FleetAndAdmin.Fleet_IamNotSure_AssignRequest_Test</td>
<td></td>
<td>5</td>
<td>RTA_FleetAndAdmin.Fleet_IamNotSure_AssignRequest_Test@c87930</td></tr>
<tr>
<td title='RTA_FleetAndAdmin.Fleet_IamNotSure_AssignRequest_Test.selectrecoverytype()'><b>selectrecoverytype</b><br>Test class: RTA_FleetAndAdmin.Fleet_IamNotSure_AssignRequest_Test</td>
<td></td>
<td>5</td>
<td>RTA_FleetAndAdmin.Fleet_IamNotSure_AssignRequest_Test@c87930</td></tr>
<tr>
<td title='RTA.DropOffTest.confirmdropOff()'><b>confirmdropOff</b><br>Test class: RTA.DropOffTest</td>
<td></td>
<td>0</td>
<td>RTA.DropOffTest@67a849</td></tr>
<tr>
<td title='driverApi.API_Driver_Login_Test.driverLogin()'><b>driverLogin</b><br>Test class: driverApi.API_Driver_Login_Test</td>
<td></td>
<td>3</td>
<td>driverApi.API_Driver_Login_Test@cff1a</td></tr>
<tr>
<td title='RTA_FleetAndAdmin.Admin_GetGobId_Test.SearchWithMobileNumber()'><b>SearchWithMobileNumber</b><br>Test class: RTA_FleetAndAdmin.Admin_GetGobId_Test<br>Parameters: Amiraaa, 1017900001, 4588, 11, AA</td>
<td></td>
<td>16</td>
<td>RTA_FleetAndAdmin.Admin_GetGobId_Test@1040f2f</td></tr>
<tr>
<td title='RTA_FleetAndAdmin.Fleet_IamNotSure_AssignRequest_Test.actionbutton2()'><b>actionbutton2</b><br>Test class: RTA_FleetAndAdmin.Fleet_IamNotSure_AssignRequest_Test</td>
<td></td>
<td>10</td>
<td>RTA_FleetAndAdmin.Fleet_IamNotSure_AssignRequest_Test@c87930</td></tr>
<tr>
<td title='RTA.ImageHappyPathTest.ConfirmImagebutton()'><b>ConfirmImagebutton</b><br>Test class: RTA.ImageHappyPathTest</td>
<td></td>
<td>0</td>
<td>RTA.ImageHappyPathTest@ea6137</td></tr>
<tr>
<td title='common.SubmittedRequestTest.ClickSubmittedRequest()'><b>ClickSubmittedRequest</b><br>Test class: common.SubmittedRequestTest</td>
<td></td>
<td>6</td>
<td>common.SubmittedRequestTest@17632c9</td></tr>
<tr>
<td title='RTA_FleetAndAdmin.Fleet_IamNotSure_AssignRequest_Test.refresh()'><b>refresh</b><br>Test class: RTA_FleetAndAdmin.Fleet_IamNotSure_AssignRequest_Test</td>
<td></td>
<td>1</td>
<td>RTA_FleetAndAdmin.Fleet_IamNotSure_AssignRequest_Test@c87930</td></tr>
<tr>
<td title='RTA_FleetAndAdmin.Fleet_IamNotSure_AssignRequest_Test.changeRecoverytype()'><b>changeRecoverytype</b><br>Test class: RTA_FleetAndAdmin.Fleet_IamNotSure_AssignRequest_Test</td>
<td></td>
<td>5</td>
<td>RTA_FleetAndAdmin.Fleet_IamNotSure_AssignRequest_Test@c87930</td></tr>
<tr>
<td title='RTA_FleetAndAdmin.Fleet_IamNotSure_AssignRequest_Test.SearchWithjoborderId2()'><b>SearchWithjoborderId2</b><br>Test class: RTA_FleetAndAdmin.Fleet_IamNotSure_AssignRequest_Test</td>
<td></td>
<td>0</td>
<td>RTA_FleetAndAdmin.Fleet_IamNotSure_AssignRequest_Test@c87930</td></tr>
<tr>
<td title='RTA_FleetAndAdmin.Admin_GetGobId_Test.GetRequestAndJobOrderID()'><b>GetRequestAndJobOrderID</b><br>Test class: RTA_FleetAndAdmin.Admin_GetGobId_Test<br>Parameters: Amiraaa, 1017900001, 4588, 11, AA</td>
<td></td>
<td>3</td>
<td>RTA_FleetAndAdmin.Admin_GetGobId_Test@1040f2f</td></tr>
<tr>
<td title='RTA.SaveAsDraftTest.SaveAsdraft()'><b>SaveAsdraft</b><br>Test class: RTA.SaveAsDraftTest</td>
<td></td>
<td>0</td>
<td>RTA.SaveAsDraftTest@67a738</td></tr>
<tr>
<td title='RTA_FleetAndAdmin.Fleet_IamNotSure_AssignRequest_Test.selectdriverfromList()'><b>selectdriverfromList</b><br>Test class: RTA_FleetAndAdmin.Fleet_IamNotSure_AssignRequest_Test</td>
<td></td>
<td>20</td>
<td>RTA_FleetAndAdmin.Fleet_IamNotSure_AssignRequest_Test@c87930</td></tr>
<tr>
<td title='RTA_FleetAndAdmin.Fleet_IamNotSure_AssignRequest_Test.setup()'><b>setup</b><br>Test class: RTA_FleetAndAdmin.Fleet_IamNotSure_AssignRequest_Test</td>
<td></td>
<td>3</td>
<td>RTA_FleetAndAdmin.Fleet_IamNotSure_AssignRequest_Test@c87930</td></tr>
<tr>
<td title='RTA_FleetAndAdmin.Fleet_IamNotSure_AssignRequest_Test.item_selection()'><b>item_selection</b><br>Test class: RTA_FleetAndAdmin.Fleet_IamNotSure_AssignRequest_Test</td>
<td></td>
<td>2</td>
<td>RTA_FleetAndAdmin.Fleet_IamNotSure_AssignRequest_Test@c87930</td></tr>
<tr>
<td title='RTA.ImageHappyPathTest.takeImage()'><b>takeImage</b><br>Test class: RTA.ImageHappyPathTest</td>
<td></td>
<td>0</td>
<td>RTA.ImageHappyPathTest@ea6137</td></tr>
<tr>
<td title='RTA_FleetAndAdmin.Admin_GetGobId_Test.loginTest()'><b>loginTest</b><br>Test class: RTA_FleetAndAdmin.Admin_GetGobId_Test</td>
<td></td>
<td>7</td>
<td>RTA_FleetAndAdmin.Admin_GetGobId_Test@1040f2f</td></tr>
<tr>
<td title='RTA_FleetAndAdmin.Admin_GetGobId_Test.OpenRequest()'><b>OpenRequest</b><br>Test class: RTA_FleetAndAdmin.Admin_GetGobId_Test</td>
<td></td>
<td>13</td>
<td>RTA_FleetAndAdmin.Admin_GetGobId_Test@1040f2f</td></tr>
<tr>
<td title='RTA_FleetAndAdmin.Fleet_IamNotSure_AssignRequest_Test.SerchWithdriverName()'><b>SerchWithdriverName</b><br>Test class: RTA_FleetAndAdmin.Fleet_IamNotSure_AssignRequest_Test</td>
<td></td>
<td>3</td>
<td>RTA_FleetAndAdmin.Fleet_IamNotSure_AssignRequest_Test@c87930</td></tr>
<tr>
<td title='RTA_FleetAndAdmin.Fleet_IamNotSure_AssignRequest_Test.save()'><b>save</b><br>Test class: RTA_FleetAndAdmin.Fleet_IamNotSure_AssignRequest_Test</td>
<td></td>
<td>0</td>
<td>RTA_FleetAndAdmin.Fleet_IamNotSure_AssignRequest_Test@c87930</td></tr>
<tr>
<td title='RTA.SaveAsDraftTest.clickBack()'><b>clickBack</b><br>Test class: RTA.SaveAsDraftTest</td>
<td></td>
<td>10</td>
<td>RTA.SaveAsDraftTest@67a738</td></tr>
<tr>
<td title='RTA_FleetAndAdmin.Admin_GetGobId_Test.setup()'><b>setup</b><br>Test class: RTA_FleetAndAdmin.Admin_GetGobId_Test</td>
<td></td>
<td>3</td>
<td>RTA_FleetAndAdmin.Admin_GetGobId_Test@1040f2f</td></tr>
<tr>
<td title='RTA_FleetAndAdmin.Fleet_IamNotSure_AssignRequest_Test.clickAction()'><b>clickAction</b><br>Test class: RTA_FleetAndAdmin.Fleet_IamNotSure_AssignRequest_Test</td>
<td></td>
<td>5</td>
<td>RTA_FleetAndAdmin.Fleet_IamNotSure_AssignRequest_Test@c87930</td></tr>
<tr>
<td title='RTA_FleetAndAdmin.Fleet_IamNotSure_AssignRequest_Test.clcikAssignbutton()'><b>clcikAssignbutton</b><br>Test class: RTA_FleetAndAdmin.Fleet_IamNotSure_AssignRequest_Test</td>
<td></td>
<td>8</td>
<td>RTA_FleetAndAdmin.Fleet_IamNotSure_AssignRequest_Test@c87930</td></tr>
<tr>
<td title='RTA.RTA_IamNotSure_Test.confirmlocation()'><b>confirmlocation</b><br>Test class: RTA.RTA_IamNotSure_Test</td>
<td></td>
<td>17</td>
<td>RTA.RTA_IamNotSure_Test@157d90a</td></tr>
<tr>
<td title='RTA.RTA_IamNotSure_Test.selectIamnotsure()'><b>selectIamnotsure</b><br>Test class: RTA.RTA_IamNotSure_Test</td>
<td></td>
<td>0</td>
<td>RTA.RTA_IamNotSure_Test@157d90a</td></tr>
<tr>
<td title='RTA_FleetAndAdmin.Fleet_IamNotSure_AssignRequest_Test.loginTest()'><b>loginTest</b><br>Test class: RTA_FleetAndAdmin.Fleet_IamNotSure_AssignRequest_Test</td>
<td></td>
<td>13</td>
<td>RTA_FleetAndAdmin.Fleet_IamNotSure_AssignRequest_Test@c87930</td></tr>
<tr>
<td title='RTA.SummeryHappyPathTest.confirmSummery()'><b>confirmSummery</b><br>Test class: RTA.SummeryHappyPathTest</td>
<td></td>
<td>15</td>
<td>RTA.SummeryHappyPathTest@1d5872c</td></tr>
<tr>
<td title='RTA.ImageHappyPathTest.ConfirmImage()'><b>ConfirmImage</b><br>Test class: RTA.ImageHappyPathTest</td>
<td></td>
<td>0</td>
<td>RTA.ImageHappyPathTest@ea6137</td></tr>
<tr>
<td title='RTA_FleetAndAdmin.Fleet_IamNotSure_AssignRequest_Test.Clickdetails()'><b>Clickdetails</b><br>Test class: RTA_FleetAndAdmin.Fleet_IamNotSure_AssignRequest_Test</td>
<td></td>
<td>0</td>
<td>RTA_FleetAndAdmin.Fleet_IamNotSure_AssignRequest_Test@c87930</td></tr>
<tr>
<td title='common.MenuTest.ClickMenu()'><b>ClickMenu</b><br>Test class: common.MenuTest</td>
<td></td>
<td>5</td>
<td>common.MenuTest@f0f1be</td></tr>
<tr>
<td title='RTA_FleetAndAdmin.Fleet_IamNotSure_AssignRequest_Test.SearchWithjoborderId()'><b>SearchWithjoborderId</b><br>Test class: RTA_FleetAndAdmin.Fleet_IamNotSure_AssignRequest_Test</td>
<td></td>
<td>0</td>
<td>RTA_FleetAndAdmin.Fleet_IamNotSure_AssignRequest_Test@c87930</td></tr>
<tr>
<td title='driverApi.API_Driver_Startjob_Test.Startjob_Test()'><b>Startjob_Test</b><br>Test class: driverApi.API_Driver_Startjob_Test</td>
<td></td>
<td>51</td>
<td>driverApi.API_Driver_Startjob_Test@15710fc</td></tr>
<tr>
<td title='RTA.ImageHappyPathTest.cameraTakeImage()'><b>cameraTakeImage</b><br>Test class: RTA.ImageHappyPathTest</td>
<td></td>
<td>0</td>
<td>RTA.ImageHappyPathTest@ea6137</td></tr>
</table><p>
</body>
</html>