<?xml version="1.0" encoding="UTF-8"?>
<!-- Generated by org.testng.reporters.JUnitXMLReporter -->
<testsuite hostname="AS-40" ignored="40" name="CreateOneDubaiPolice" tests="37" failures="2" timestamp="2023-01-24T14:17:04 EET" time="293.942" errors="0">
  <testcase name="clcallowLocationPermissionTestLogin" time="2.845" classname="common.allowLocationPermissionTest"/>
  <testcase name="clcikLogin" time="2.856" classname="login.ClickloginbuttonfromHomescreenTest"/>
  <testcase name="SelectCountyCode" time="0.096" classname="login.ClickloginbuttonfromHomescreenTest"/>
  <testcase name="Searchforcounrty" time="0.88" classname="login.ClickloginbuttonfromHomescreenTest"/>
  <testcase name="SelectEgypt" time="0.332" classname="login.ClickloginbuttonfromHomescreenTest"/>
  <testcase name="addPoliceMobileNumber" time="0.782" classname="login.ClickloginbuttonfromHomescreenTest"/>
  <testcase name="clickContinue" time="0.809" classname="login.ClickloginbuttonfromHomescreenTest"/>
  <testcase name="getotpPolice" time="9.561" classname="login.ClickloginbuttonfromHomescreenTest"/>
  <testcase name="confirmlocation" time="13.368" classname="DubaiPoliceAccount.DubaiPoliceTest"/>
  <testcase name="selectSubService" time="0.357" classname="DubaiPoliceAccount.DubaiPoliceTest"/>
  <testcase name="confirmSubService" time="0.267" classname="DubaiPoliceAccount.DubaiPoliceTest"/>
  <testcase name="takeImage" time="0.29" classname="DubaiPoliceAccount.ImageHappyPathTest"/>
  <testcase name="allowcameraPermission" time="0.154" classname="DubaiPoliceAccount.ImageHappyPathTest"/>
  <testcase name="cameraTakeImage" time="1.18" classname="DubaiPoliceAccount.ImageHappyPathTest"/>
  <testcase name="ConfirmImage" time="0.337" classname="DubaiPoliceAccount.ImageHappyPathTest"/>
  <testcase name="ConfirmImagebutton" time="0.51" classname="DubaiPoliceAccount.ImageHappyPathTest"/>
  <testcase name="SelectropOff" time="0.317" classname="DubaiPoliceAccount.DropOffTest"/>
  <testcase name="confirmdropOff" time="0.306" classname="DubaiPoliceAccount.DropOffTest"/>
  <testcase name="confirmSummery" time="15.69" classname="DubaiPoliceAccount.SummeryHappyPathTest"/>
  <testcase name="finish" time="0.839" classname="DubaiPoliceAccount.SummeryHappyPathTest"/>
  <testcase name="setup" time="3.467" classname="Dubai_FleetAndAdmin.Admin_GetGobId_Test"/>
  <testcase name="loginTest" time="7.872" classname="Dubai_FleetAndAdmin.Admin_GetGobId_Test"/>
  <testcase name="OpenRequest" time="12.214" classname="Dubai_FleetAndAdmin.Admin_GetGobId_Test"/>
  <testcase name="SearchWithMobileNumber" time="16.522" classname="Dubai_FleetAndAdmin.Admin_GetGobId_Test"/>
  <testcase name="GetRequestAndJobOrderID" time="3.105" classname="Dubai_FleetAndAdmin.Admin_GetGobId_Test"/>
  <testcase name="setup" time="8.238" classname="Dubai_FleetAndAdmin.Fleet_Towing_AssignRequest_Test"/>
  <testcase name="loginTest" time="20.039" classname="Dubai_FleetAndAdmin.Fleet_Towing_AssignRequest_Test"/>
  <testcase name="SearchWithjoborderId" time="0.092" classname="Dubai_FleetAndAdmin.Fleet_Towing_AssignRequest_Test"/>
  <testcase name="clcikAction" time="5.18" classname="Dubai_FleetAndAdmin.Fleet_Towing_AssignRequest_Test"/>
  <testcase name="Clickdetails" time="5.16" classname="Dubai_FleetAndAdmin.Fleet_Towing_AssignRequest_Test"/>
  <testcase name="clcikAssignbutton" time="9.189" classname="Dubai_FleetAndAdmin.Fleet_Towing_AssignRequest_Test"/>
  <testcase name="SerchWithdriverName" time="13.092" classname="Dubai_FleetAndAdmin.Fleet_Towing_AssignRequest_Test"/>
  <testcase name="selectdriverfromList" time="10.062" classname="Dubai_FleetAndAdmin.Fleet_Towing_AssignRequest_Test">
    <failure type="org.openqa.selenium.NoSuchElementException" message="no such element: Unable to locate element: {&amp;quot;method&amp;quot;:&amp;quot;xpath&amp;quot;,&amp;quot;selector&amp;quot;:&amp;quot;/html/body/div[8]/div/div/div[2]/div/form/div[5]/div[1]/span/span/input&amp;quot;}
  (Session info: chrome=109.0.5414.75)
For documentation on this error, please visit: https://www.seleniumhq.org/exceptions/no_such_element.html
Build info: version: &amp;apos;3.141.59&amp;apos;, revision: &amp;apos;e82be7d358&amp;apos;, time: &amp;apos;2018-11-14T08:17:03&amp;apos;
System info: host: &amp;apos;AS-40&amp;apos;, ip: &amp;apos;192.168.8.101&amp;apos;, os.name: &amp;apos;Windows 10&amp;apos;, os.arch: &amp;apos;x86&amp;apos;, os.version: &amp;apos;10.0&amp;apos;, java.version: &amp;apos;1.8.0_352-352&amp;apos;
Driver info: org.openqa.selenium.chrome.ChromeDriver
Capabilities {acceptInsecureCerts: false, browserName: chrome, browserVersion: 109.0.5414.75, chrome: {chromedriverVersion: 109.0.5414.74 (e7c5703604da..., userDataDir: C:\Program Files (x86)\scop...}, goog:chromeOptions: {debuggerAddress: localhost:61717}, javascriptEnabled: true, networkConnectionEnabled: false, pageLoadStrategy: normal, platform: WINDOWS, platformName: WINDOWS, proxy: Proxy(), setWindowRect: true, strictFileInteractability: false, timeouts: {implicit: 0, pageLoad: 300000, script: 30000}, unhandledPromptBehavior: dismiss and notify, webauthn:extension:credBlob: true, webauthn:extension:largeBlob: true, webauthn:virtualAuthenticators: true}
Session ID: d7eef8ec9eec42e095a6f7ce13981bae
*** Element info: {Using=xpath, value=/html/body/div[8]/div/div/div[2]/div/form/div[5]/div[1]/span/span/input}">
      <![CDATA[org.openqa.selenium.NoSuchElementException: no such element: Unable to locate element: {"method":"xpath","selector":"/html/body/div[8]/div/div/div[2]/div/form/div[5]/div[1]/span/span/input"}
  (Session info: chrome=109.0.5414.75)
For documentation on this error, please visit: https://www.seleniumhq.org/exceptions/no_such_element.html
Build info: version: '3.141.59', revision: 'e82be7d358', time: '2018-11-14T08:17:03'
System info: host: 'AS-40', ip: '192.168.8.101', os.name: 'Windows 10', os.arch: 'x86', os.version: '10.0', java.version: '1.8.0_352-352'
Driver info: org.openqa.selenium.chrome.ChromeDriver
Capabilities {acceptInsecureCerts: false, browserName: chrome, browserVersion: 109.0.5414.75, chrome: {chromedriverVersion: 109.0.5414.74 (e7c5703604da..., userDataDir: C:\Program Files (x86)\scop...}, goog:chromeOptions: {debuggerAddress: localhost:61717}, javascriptEnabled: true, networkConnectionEnabled: false, pageLoadStrategy: normal, platform: WINDOWS, platformName: WINDOWS, proxy: Proxy(), setWindowRect: true, strictFileInteractability: false, timeouts: {implicit: 0, pageLoad: 300000, script: 30000}, unhandledPromptBehavior: dismiss and notify, webauthn:extension:credBlob: true, webauthn:extension:largeBlob: true, webauthn:virtualAuthenticators: true}
Session ID: d7eef8ec9eec42e095a6f7ce13981bae
*** Element info: {Using=xpath, value=/html/body/div[8]/div/div/div[2]/div/form/div[5]/div[1]/span/span/input}
at org.openqa.selenium.remote.http.W3CHttpResponseCodec.createException(W3CHttpResponseCodec.java:187)
at org.openqa.selenium.remote.http.W3CHttpResponseCodec.decode(W3CHttpResponseCodec.java:122)
at org.openqa.selenium.remote.http.W3CHttpResponseCodec.decode(W3CHttpResponseCodec.java:49)
at org.openqa.selenium.remote.HttpCommandExecutor.execute(HttpCommandExecutor.java:158)
at org.openqa.selenium.remote.service.DriverCommandExecutor.execute(DriverCommandExecutor.java:83)
at org.openqa.selenium.remote.RemoteWebDriver.execute(RemoteWebDriver.java:552)
at org.openqa.selenium.remote.RemoteWebDriver.findElement(RemoteWebDriver.java:323)
at org.openqa.selenium.remote.RemoteWebDriver.findElementByXPath(RemoteWebDriver.java:428)
at org.openqa.selenium.By$ByXPath.findElement(By.java:353)
at org.openqa.selenium.remote.RemoteWebDriver.findElement(RemoteWebDriver.java:315)
at org.openqa.selenium.support.pagefactory.DefaultElementLocator.findElement(DefaultElementLocator.java:69)
at org.openqa.selenium.support.pagefactory.internal.LocatingElementHandler.invoke(LocatingElementHandler.java:38)
at com.sun.proxy.$Proxy27.sendKeys(Unknown Source)
at com.ERA.PageObject.SearchCriteria.selectdriverfromList(SearchCriteria.java:212)
at Dubai_FleetAndAdmin.Fleet_Towing_AssignRequest_Test.selectdriverfromList(Fleet_Towing_AssignRequest_Test.java:98)
at java.util.ArrayList.forEach(ArrayList.java:1259)
... Removed 31 stack frames]]>
    </failure>
  </testcase> <!-- selectdriverfromList -->
  <testcase name="confirmAssign" time="10.075" classname="Dubai_FleetAndAdmin.Fleet_Towing_AssignRequest_Test">
    <failure type="org.openqa.selenium.json.JsonException" message="java.lang.reflect.InvocationTargetException
Build info: version: &amp;apos;3.141.59&amp;apos;, revision: &amp;apos;e82be7d358&amp;apos;, time: &amp;apos;2018-11-14T08:17:03&amp;apos;
System info: host: &amp;apos;AS-40&amp;apos;, ip: &amp;apos;192.168.8.101&amp;apos;, os.name: &amp;apos;Windows 10&amp;apos;, os.arch: &amp;apos;x86&amp;apos;, os.version: &amp;apos;10.0&amp;apos;, java.version: &amp;apos;1.8.0_352-352&amp;apos;
Driver info: driver.version: RemoteWebDriver">
      <![CDATA[org.openqa.selenium.json.JsonException: java.lang.reflect.InvocationTargetException
Build info: version: '3.141.59', revision: 'e82be7d358', time: '2018-11-14T08:17:03'
System info: host: 'AS-40', ip: '192.168.8.101', os.name: 'Windows 10', os.arch: 'x86', os.version: '10.0', java.version: '1.8.0_352-352'
Driver info: driver.version: RemoteWebDriver
at org.openqa.selenium.json.JsonOutput.convertUsingMethod(JsonOutput.java:332)
at org.openqa.selenium.json.JsonOutput.lambda$new$16(JsonOutput.java:155)
at org.openqa.selenium.json.JsonOutput.write(JsonOutput.java:264)
at org.openqa.selenium.json.JsonOutput.lambda$null$21(JsonOutput.java:168)
at java.util.LinkedHashMap$LinkedValues.forEach(LinkedHashMap.java:608)
at org.openqa.selenium.json.JsonOutput.lambda$new$22(JsonOutput.java:168)
at org.openqa.selenium.json.JsonOutput.write(JsonOutput.java:264)
at org.openqa.selenium.json.JsonOutput.lambda$null$23(JsonOutput.java:177)
at com.google.common.collect.SingletonImmutableBiMap.forEach(SingletonImmutableBiMap.java:65)
at org.openqa.selenium.json.JsonOutput.lambda$new$24(JsonOutput.java:176)
at org.openqa.selenium.json.JsonOutput.write(JsonOutput.java:264)
at org.openqa.selenium.json.JsonOutput.write(JsonOutput.java:255)
at org.openqa.selenium.json.Json.toJson(Json.java:42)
at org.openqa.selenium.remote.http.AbstractHttpCommandCodec.encode(AbstractHttpCommandCodec.java:227)
at org.openqa.selenium.remote.http.AbstractHttpCommandCodec.encode(AbstractHttpCommandCodec.java:117)
at org.openqa.selenium.remote.HttpCommandExecutor.execute(HttpCommandExecutor.java:152)
at org.openqa.selenium.remote.service.DriverCommandExecutor.execute(DriverCommandExecutor.java:83)
at org.openqa.selenium.remote.RemoteWebDriver.execute(RemoteWebDriver.java:552)
at org.openqa.selenium.remote.RemoteWebDriver.perform(RemoteWebDriver.java:618)
at org.openqa.selenium.interactions.Actions$BuiltAction.perform(Actions.java:639)
at com.ERA.base.Action.click(Action.java:47)
at com.ERA.PageObject.SearchCriteria.confirmAssign(SearchCriteria.java:292)
at Dubai_FleetAndAdmin.Fleet_Towing_AssignRequest_Test.confirmAssign(Fleet_Towing_AssignRequest_Test.java:106)
at java.util.ArrayList.forEach(ArrayList.java:1259)
Suppressed: org.openqa.selenium.json.JsonException: Attempting to close incomplete json stream
Build info: version: '3.141.59', revision: 'e82be7d358', time: '2018-11-14T08:17:03'
System info: host: 'AS-40', ip: '192.168.8.101', os.name: 'Windows 10', os.arch: 'x86', os.version: '10.0', java.version: '1.8.0_352-352'
Driver info: driver.version: RemoteWebDriver
at org.openqa.selenium.json.JsonOutput.close(JsonOutput.java:279)
at org.openqa.selenium.json.Json.toJson(Json.java:44)
... 38 more
at org.openqa.selenium.json.JsonOutput.convertUsingMethod(JsonOutput.java:328)
... 50 more
Caused by: org.openqa.selenium.NoSuchElementException: no such element: Unable to locate element: {"method":"css selector","selector":".btn\-success"}
  (Session info: chrome=109.0.5414.75)
For documentation on this error, please visit: https://www.seleniumhq.org/exceptions/no_such_element.html
Build info: version: '3.141.59', revision: 'e82be7d358', time: '2018-11-14T08:17:03'
System info: host: 'AS-40', ip: '192.168.8.101', os.name: 'Windows 10', os.arch: 'x86', os.version: '10.0', java.version: '1.8.0_352-352'
Driver info: org.openqa.selenium.chrome.ChromeDriver
Capabilities {acceptInsecureCerts: false, browserName: chrome, browserVersion: 109.0.5414.75, chrome: {chromedriverVersion: 109.0.5414.74 (e7c5703604da..., userDataDir: C:\Program Files (x86)\scop...}, goog:chromeOptions: {debuggerAddress: localhost:61717}, javascriptEnabled: true, networkConnectionEnabled: false, pageLoadStrategy: normal, platform: WINDOWS, platformName: WINDOWS, proxy: Proxy(), setWindowRect: true, strictFileInteractability: false, timeouts: {implicit: 0, pageLoad: 300000, script: 30000}, unhandledPromptBehavior: dismiss and notify, webauthn:extension:credBlob: true, webauthn:extension:largeBlob: true, webauthn:virtualAuthenticators: true}
Session ID: d7eef8ec9eec42e095a6f7ce13981bae
*** Element info: {Using=class name, value=btn-success}
at org.openqa.selenium.remote.http.W3CHttpResponseCodec.createException(W3CHttpResponseCodec.java:187)
at org.openqa.selenium.remote.http.W3CHttpResponseCodec.decode(W3CHttpResponseCodec.java:122)
at org.openqa.selenium.remote.http.W3CHttpResponseCodec.decode(W3CHttpResponseCodec.java:49)
at org.openqa.selenium.remote.HttpCommandExecutor.execute(HttpCommandExecutor.java:158)
at org.openqa.selenium.remote.service.DriverCommandExecutor.execute(DriverCommandExecutor.java:83)
at org.openqa.selenium.remote.RemoteWebDriver.execute(RemoteWebDriver.java:552)
at org.openqa.selenium.remote.RemoteWebDriver.findElement(RemoteWebDriver.java:323)
at org.openqa.selenium.remote.RemoteWebDriver.findElementByClassName(RemoteWebDriver.java:412)
at org.openqa.selenium.By$ByClassName.findElement(By.java:389)
at org.openqa.selenium.remote.RemoteWebDriver.findElement(RemoteWebDriver.java:315)
at org.openqa.selenium.support.pagefactory.DefaultElementLocator.findElement(DefaultElementLocator.java:69)
at org.openqa.selenium.support.pagefactory.internal.LocatingElementHandler.invoke(LocatingElementHandler.java:38)
at com.sun.proxy.$Proxy27.getWrappedElement(Unknown Source)
at org.openqa.selenium.interactions.PointerInput$Origin.asArg(PointerInput.java:204)
at org.openqa.selenium.interactions.PointerInput$Move.encode(PointerInput.java:155)
at org.openqa.selenium.interactions.Sequence.encode(Sequence.java:75)
at org.openqa.selenium.interactions.Sequence.toJson(Sequence.java:84)
... 55 more
... Removed 36 stack frames]]>
    </failure>
  </testcase> <!-- confirmAssign -->
  <testcase name="driverLogin" time="2.96" classname="driverApi.API_Driver_Login_Test"/>
  <testcase name="Startjob_Test" time="51.176" classname="driverApi.API_Driver_Startjob_Test"/>
  <testcase name="completejob" time="13.457" classname="driverApi.API_Driver_completejob_Test"/>
  <testcase name="viewRequestetails" time="0.0" classname="DubaiPoliceAccount.SummeryHappyPathTest">
    <ignored/>
  </testcase> <!-- viewRequestetails -->
  <testcase name="getotpRTA" time="0.0" classname="login.ClickloginbuttonfromHomescreenTest">
    <ignored/>
  </testcase> <!-- getotpRTA -->
  <testcase name="@AfterTest afterTest" time="0.0" classname="com.ERA.base.Base">
    <ignored/>
  </testcase> <!-- @AfterTest afterTest -->
  <testcase name="@AfterTest afterTest" time="0.0" classname="com.ERA.base.Base">
    <ignored/>
  </testcase> <!-- @AfterTest afterTest -->
  <testcase name="@AfterTest afterTest" time="0.0" classname="com.ERA.base.Base">
    <ignored/>
  </testcase> <!-- @AfterTest afterTest -->
  <testcase name="@AfterTest afterTest" time="0.0" classname="com.ERA.base.Base">
    <ignored/>
  </testcase> <!-- @AfterTest afterTest -->
  <testcase name="@AfterTest afterTest" time="0.0" classname="com.ERA.base.Base">
    <ignored/>
  </testcase> <!-- @AfterTest afterTest -->
  <testcase name="@AfterTest afterTest" time="0.0" classname="com.ERA.base.Base">
    <ignored/>
  </testcase> <!-- @AfterTest afterTest -->
  <testcase name="@AfterTest afterTest" time="0.0" classname="com.ERA.base.Base">
    <ignored/>
  </testcase> <!-- @AfterTest afterTest -->
  <testcase name="@AfterTest afterTest" time="0.0" classname="com.ERA.base.Base">
    <ignored/>
  </testcase> <!-- @AfterTest afterTest -->
  <testcase name="@AfterSuite afterSuite" time="0.0" classname="com.ERA.base.BaseClass">
    <ignored/>
  </testcase> <!-- @AfterSuite afterSuite -->
  <testcase name="@BeforeTest beforeClass" time="0.0" classname="com.ERA.base.Base">
    <ignored/>
  </testcase> <!-- @BeforeTest beforeClass -->
  <testcase name="@BeforeTest beforeClass" time="0.0" classname="com.ERA.base.Base">
    <ignored/>
  </testcase> <!-- @BeforeTest beforeClass -->
  <testcase name="@BeforeTest beforeClass" time="0.0" classname="com.ERA.base.Base">
    <ignored/>
  </testcase> <!-- @BeforeTest beforeClass -->
  <testcase name="@BeforeTest beforeClass" time="0.0" classname="com.ERA.base.Base">
    <ignored/>
  </testcase> <!-- @BeforeTest beforeClass -->
  <testcase name="@BeforeTest beforeClass" time="0.0" classname="com.ERA.base.Base">
    <ignored/>
  </testcase> <!-- @BeforeTest beforeClass -->
  <testcase name="@BeforeTest beforeClass" time="0.0" classname="com.ERA.base.Base">
    <ignored/>
  </testcase> <!-- @BeforeTest beforeClass -->
  <testcase name="@BeforeTest beforeClass" time="0.0" classname="com.ERA.base.Base">
    <ignored/>
  </testcase> <!-- @BeforeTest beforeClass -->
  <testcase name="@BeforeTest beforeClass" time="0.0" classname="com.ERA.base.Base">
    <ignored/>
  </testcase> <!-- @BeforeTest beforeClass -->
  <testcase name="add_RTA_MobileNumber" time="0.0" classname="login.ClickloginbuttonfromHomescreenTest">
    <ignored/>
  </testcase> <!-- add_RTA_MobileNumber -->
  <testcase name="@BeforeSuite beforeSuite" time="0.0" classname="com.ERA.base.Base">
    <ignored/>
  </testcase> <!-- @BeforeSuite beforeSuite -->
  <testcase name="@BeforeSuite beforeSuite" time="0.0" classname="com.ERA.base.Base">
    <ignored/>
  </testcase> <!-- @BeforeSuite beforeSuite -->
  <testcase name="@BeforeSuite beforeSuite" time="0.0" classname="com.ERA.base.Base">
    <ignored/>
  </testcase> <!-- @BeforeSuite beforeSuite -->
  <testcase name="@BeforeSuite beforeSuite" time="0.0" classname="com.ERA.base.Base">
    <ignored/>
  </testcase> <!-- @BeforeSuite beforeSuite -->
  <testcase name="@BeforeSuite beforeSuite" time="0.0" classname="com.ERA.base.Base">
    <ignored/>
  </testcase> <!-- @BeforeSuite beforeSuite -->
  <testcase name="@BeforeSuite beforeSuite" time="0.0" classname="com.ERA.base.Base">
    <ignored/>
  </testcase> <!-- @BeforeSuite beforeSuite -->
  <testcase name="@BeforeSuite beforeSuite" time="0.0" classname="com.ERA.base.Base">
    <ignored/>
  </testcase> <!-- @BeforeSuite beforeSuite -->
  <testcase name="@BeforeSuite beforeSuite" time="0.0" classname="com.ERA.base.Base">
    <ignored/>
  </testcase> <!-- @BeforeSuite beforeSuite -->
  <testcase name="getotp" time="0.0" classname="login.ClickloginbuttonfromHomescreenTest">
    <ignored/>
  </testcase> <!-- getotp -->
  <testcase name="addMobileNumber" time="0.0" classname="login.ClickloginbuttonfromHomescreenTest">
    <ignored/>
  </testcase> <!-- addMobileNumber -->
  <testcase name="SelectropOff2" time="0.0" classname="DubaiPoliceAccount.DropOffTest">
    <ignored/>
  </testcase> <!-- SelectropOff2 -->
  <testcase name="@BeforeSuite loadConfig" time="0.0" classname="com.ERA.base.BaseClass">
    <ignored/>
  </testcase> <!-- @BeforeSuite loadConfig -->
  <testcase name="@AfterSuite afterSuite" time="0.0" classname="com.ERA.base.Base">
    <ignored/>
  </testcase> <!-- @AfterSuite afterSuite -->
  <testcase name="@AfterSuite afterSuite" time="0.0" classname="com.ERA.base.Base">
    <ignored/>
  </testcase> <!-- @AfterSuite afterSuite -->
  <testcase name="@AfterSuite afterSuite" time="0.0" classname="com.ERA.base.Base">
    <ignored/>
  </testcase> <!-- @AfterSuite afterSuite -->
  <testcase name="@AfterSuite afterSuite" time="0.0" classname="com.ERA.base.Base">
    <ignored/>
  </testcase> <!-- @AfterSuite afterSuite -->
  <testcase name="@AfterSuite afterSuite" time="0.0" classname="com.ERA.base.Base">
    <ignored/>
  </testcase> <!-- @AfterSuite afterSuite -->
  <testcase name="@AfterSuite afterSuite" time="0.0" classname="com.ERA.base.Base">
    <ignored/>
  </testcase> <!-- @AfterSuite afterSuite -->
  <testcase name="@AfterSuite afterSuite" time="0.0" classname="com.ERA.base.Base">
    <ignored/>
  </testcase> <!-- @AfterSuite afterSuite -->
  <testcase name="@AfterSuite afterSuite" time="0.0" classname="com.ERA.base.Base">
    <ignored/>
  </testcase> <!-- @AfterSuite afterSuite -->
</testsuite> <!-- CreateOneDubaiPolice -->
