<html>
<head>
<title>TestNG:  CreateOneDubaiPolice</title>
<link href="../testng.css" rel="stylesheet" type="text/css" />
<link href="../my-testng.css" rel="stylesheet" type="text/css" />

<style type="text/css">
.log { display: none;} 
.stack-trace { display: none;} 
</style>
<script type="text/javascript">
<!--
function flip(e) {
  current = e.style.display;
  if (current == 'block') {
    e.style.display = 'none';
    return 0;
  }
  else {
    e.style.display = 'block';
    return 1;
  }
}

function toggleBox(szDivId, elem, msg1, msg2)
{
  var res = -1;  if (document.getElementById) {
    res = flip(document.getElementById(szDivId));
  }
  else if (document.all) {
    // this is the way old msie versions work
    res = flip(document.all[szDivId]);
  }
  if(elem) {
    if(res == 0) elem.innerHTML = msg1; else elem.innerHTML = msg2;
  }

}

function toggleAllBoxes() {
  if (document.getElementsByTagName) {
    d = document.getElementsByTagName('div');
    for (i = 0; i < d.length; i++) {
      if (d[i].className == 'log') {
        flip(d[i]);
      }
    }
  }
}

// -->
</script>

</head>
<body>
<h2 align='center'>CreateOneDubaiPolice</h2><table border='1' align="center">
<tr>
<td>Tests passed/Failed/Skipped:</td><td>35/2/0</td>
</tr><tr>
<td>Started on:</td><td>Tue Jan 24 14:12:10 EET 2023</td>
</tr>
<tr><td>Total time:</td><td>293 seconds (293942 ms)</td>
</tr><tr>
<td>Included groups:</td><td></td>
</tr><tr>
<td>Excluded groups:</td><td></td>
</tr>
</table><p/>
<small><i>(Hover the method name to see the test class name)</i></small><p/>
<table width='100%' border='1' class='invocation-failed'>
<tr><td colspan='4' align='center'><b>FAILED TESTS</b></td></tr>
<tr><td><b>Test method</b></td>
<td width="30%"><b>Exception</b></td>
<td width="10%"><b>Time (seconds)</b></td>
<td><b>Instance</b></td>
</tr>
<tr>
<td title='Dubai_FleetAndAdmin.Fleet_Towing_AssignRequest_Test.confirmAssign()'><b>confirmAssign</b><br>Test class: Dubai_FleetAndAdmin.Fleet_Towing_AssignRequest_Test</td>
<td><div><pre>org.openqa.selenium.json.JsonException: java.lang.reflect.InvocationTargetException
Build info: version: &apos;3.141.59&apos;, revision: &apos;e82be7d358&apos;, time: &apos;2018-11-14T08:17:03&apos;
System info: host: &apos;AS-40&apos;, ip: &apos;192.168.8.101&apos;, os.name: &apos;Windows 10&apos;, os.arch: &apos;x86&apos;, os.version: &apos;10.0&apos;, java.version: &apos;1.8.0_352-352&apos;
Driver info: driver.version: RemoteWebDriver
	at org.openqa.selenium.json.JsonOutput.convertUsingMethod(JsonOutput.java:332)
	at org.openqa.selenium.json.JsonOutput.lambda$new$16(JsonOutput.java:155)
	at org.openqa.selenium.json.JsonOutput.write(JsonOutput.java:264)
	at org.openqa.selenium.json.JsonOutput.lambda$null$21(JsonOutput.java:168)
	at java.util.LinkedHashMap$LinkedValues.forEach(LinkedHashMap.java:608)
	at org.openqa.selenium.json.JsonOutput.lambda$new$22(JsonOutput.java:168)
	at org.openqa.selenium.json.JsonOutput.write(JsonOutput.java:264)
	at org.openqa.selenium.json.JsonOutput.lambda$null$23(JsonOutput.java:177)
	at com.google.common.collect.SingletonImmutableBiMap.forEach(SingletonImmutableBiMap.java:65)
	at org.openqa.selenium.json.JsonOutput.lambda$new$24(JsonOutput.java:176)
	at org.openqa.selenium.json.JsonOutput.write(JsonOutput.java:264)
	at org.openqa.selenium.json.JsonOutput.write(JsonOutput.java:255)
	at org.openqa.selenium.json.Json.toJson(Json.java:42)
	at org.openqa.selenium.remote.http.AbstractHttpCommandCodec.encode(AbstractHttpCommandCodec.java:227)
	at org.openqa.selenium.remote.http.AbstractHttpCommandCodec.encode(AbstractHttpCommandCodec.java:117)
	at org.openqa.selenium.remote.HttpCommandExecutor.execute(HttpCommandExecutor.java:152)
	at org.openqa.selenium.remote.service.DriverCommandExecutor.execute(DriverCommandExecutor.java:83)
	at org.openqa.selenium.remote.RemoteWebDriver.execute(RemoteWebDriver.java:552)
	at org.openqa.selenium.remote.RemoteWebDriver.perform(RemoteWebDriver.java:618)
	at org.openqa.selenium.interactions.Actions$BuiltAction.perform(Actions.java:639)
	at com.ERA.base.Action.click(Action.java:47)
	at com.ERA.PageObject.SearchCriteria.confirmAssign(SearchCriteria.java:292)
	at Dubai_FleetAndAdmin.Fleet_Towing_AssignRequest_Test.confirmAssign(Fleet_Towing_AssignRequest_Test.java:106)
	at java.util.ArrayList.forEach(ArrayList.java:1259)
	Suppressed: org.openqa.selenium.json.JsonException: Attempting to close incomplete json stream
Build info: version: &apos;3.141.59&apos;, revision: &apos;e82be7d358&apos;, time: &apos;2018-11-14T08:17:03&apos;
System info: host: &apos;AS-40&apos;, ip: &apos;192.168.8.101&apos;, os.name: &apos;Windows 10&apos;, os.arch: &apos;x86&apos;, os.version: &apos;10.0&apos;, java.version: &apos;1.8.0_352-352&apos;
Driver info: driver.version: RemoteWebDriver
		at org.openqa.selenium.json.JsonOutput.close(JsonOutput.java:279)
		at org.openqa.selenium.json.Json.toJson(Json.java:44)
		... 38 more
	at org.openqa.selenium.json.JsonOutput.convertUsingMethod(JsonOutput.java:328)
	... 50 more
Caused by: org.openqa.selenium.NoSuchElementException: no such element: Unable to locate element: {&quot;method&quot;:&quot;css selector&quot;,&quot;selector&quot;:&quot;.btn\-success&quot;}
  (Session info: chrome=109.0.5414.75)
For documentation on this error, please visit: https://www.seleniumhq.org/exceptions/no_such_element.html
Build info: version: &apos;3.141.59&apos;, revision: &apos;e82be7d358&apos;, time: &apos;2018-11-14T08:17:03&apos;
System info: host: &apos;AS-40&apos;, ip: &apos;192.168.8.101&apos;, os.name: &apos;Windows 10&apos;, os.arch: &apos;x86&apos;, os.version: &apos;10.0&apos;, java.version: &apos;1.8.0_352-352&apos;
Driver info: org.openqa.selenium.chrome.ChromeDriver
Capabilities {acceptInsecureCerts: false, browserName: chrome, browserVersion: 109.0.5414.75, chrome: {chromedriverVersion: 109.0.5414.74 (e7c5703604da..., userDataDir: C:\Program Files (x86)\scop...}, goog:chromeOptions: {debuggerAddress: localhost:61717}, javascriptEnabled: true, networkConnectionEnabled: false, pageLoadStrategy: normal, platform: WINDOWS, platformName: WINDOWS, proxy: Proxy(), setWindowRect: true, strictFileInteractability: false, timeouts: {implicit: 0, pageLoad: 300000, script: 30000}, unhandledPromptBehavior: dismiss and notify, webauthn:extension:credBlob: true, webauthn:extension:largeBlob: true, webauthn:virtualAuthenticators: true}
Session ID: d7eef8ec9eec42e095a6f7ce13981bae
*** Element info: {Using=class name, value=btn-success}
	at org.openqa.selenium.remote.http.W3CHttpResponseCodec.createException(W3CHttpResponseCodec.java:187)
	at org.openqa.selenium.remote.http.W3CHttpResponseCodec.decode(W3CHttpResponseCodec.java:122)
	at org.openqa.selenium.remote.http.W3CHttpResponseCodec.decode(W3CHttpResponseCodec.java:49)
	at org.openqa.selenium.remote.HttpCommandExecutor.execute(HttpCommandExecutor.java:158)
	at org.openqa.selenium.remote.service.DriverCommandExecutor.execute(DriverCommandExecutor.java:83)
	at org.openqa.selenium.remote.RemoteWebDriver.execute(RemoteWebDriver.java:552)
	at org.openqa.selenium.remote.RemoteWebDriver.findElement(RemoteWebDriver.java:323)
	at org.openqa.selenium.remote.RemoteWebDriver.findElementByClassName(RemoteWebDriver.java:412)
	at org.openqa.selenium.By$ByClassName.findElement(By.java:389)
	at org.openqa.selenium.remote.RemoteWebDriver.findElement(RemoteWebDriver.java:315)
	at org.openqa.selenium.support.pagefactory.DefaultElementLocator.findElement(DefaultElementLocator.java:69)
	at org.openqa.selenium.support.pagefactory.internal.LocatingElementHandler.invoke(LocatingElementHandler.java:38)
	at com.sun.proxy.$Proxy27.getWrappedElement(Unknown Source)
	at org.openqa.selenium.interactions.PointerInput$Origin.asArg(PointerInput.java:204)
	at org.openqa.selenium.interactions.PointerInput$Move.encode(PointerInput.java:155)
	at org.openqa.selenium.interactions.Sequence.encode(Sequence.java:75)
	at org.openqa.selenium.interactions.Sequence.toJson(Sequence.java:84)
	... 55 more
... Removed 36 stack frames</pre></div><a href='#' onClick='toggleBox("stack-trace3442135", this, "Click to show all stack frames", "Click to hide stack frames")'>Click to show all stack frames</a>
<div class='stack-trace' id='stack-trace3442135'><pre>org.openqa.selenium.json.JsonException: java.lang.reflect.InvocationTargetException
Build info: version: &apos;3.141.59&apos;, revision: &apos;e82be7d358&apos;, time: &apos;2018-11-14T08:17:03&apos;
System info: host: &apos;AS-40&apos;, ip: &apos;192.168.8.101&apos;, os.name: &apos;Windows 10&apos;, os.arch: &apos;x86&apos;, os.version: &apos;10.0&apos;, java.version: &apos;1.8.0_352-352&apos;
Driver info: driver.version: RemoteWebDriver
	at org.openqa.selenium.json.JsonOutput.convertUsingMethod(JsonOutput.java:332)
	at org.openqa.selenium.json.JsonOutput.lambda$new$16(JsonOutput.java:155)
	at org.openqa.selenium.json.JsonOutput.write(JsonOutput.java:264)
	at org.openqa.selenium.json.JsonOutput.lambda$null$21(JsonOutput.java:168)
	at java.util.LinkedHashMap$LinkedValues.forEach(LinkedHashMap.java:608)
	at org.openqa.selenium.json.JsonOutput.lambda$new$22(JsonOutput.java:168)
	at org.openqa.selenium.json.JsonOutput.write(JsonOutput.java:264)
	at org.openqa.selenium.json.JsonOutput.lambda$null$23(JsonOutput.java:177)
	at com.google.common.collect.SingletonImmutableBiMap.forEach(SingletonImmutableBiMap.java:65)
	at org.openqa.selenium.json.JsonOutput.lambda$new$24(JsonOutput.java:176)
	at org.openqa.selenium.json.JsonOutput.write(JsonOutput.java:264)
	at org.openqa.selenium.json.JsonOutput.write(JsonOutput.java:255)
	at org.openqa.selenium.json.Json.toJson(Json.java:42)
	at org.openqa.selenium.remote.http.AbstractHttpCommandCodec.encode(AbstractHttpCommandCodec.java:227)
	at org.openqa.selenium.remote.http.AbstractHttpCommandCodec.encode(AbstractHttpCommandCodec.java:117)
	at org.openqa.selenium.remote.HttpCommandExecutor.execute(HttpCommandExecutor.java:152)
	at org.openqa.selenium.remote.service.DriverCommandExecutor.execute(DriverCommandExecutor.java:83)
	at org.openqa.selenium.remote.RemoteWebDriver.execute(RemoteWebDriver.java:552)
	at org.openqa.selenium.remote.RemoteWebDriver.perform(RemoteWebDriver.java:618)
	at org.openqa.selenium.interactions.Actions$BuiltAction.perform(Actions.java:639)
	at com.ERA.base.Action.click(Action.java:47)
	at com.ERA.PageObject.SearchCriteria.confirmAssign(SearchCriteria.java:292)
	at Dubai_FleetAndAdmin.Fleet_Towing_AssignRequest_Test.confirmAssign(Fleet_Towing_AssignRequest_Test.java:106)
	at sun.reflect.NativeMethodAccessorImpl.invoke0(Native Method)
	at sun.reflect.NativeMethodAccessorImpl.invoke(NativeMethodAccessorImpl.java:62)
	at sun.reflect.DelegatingMethodAccessorImpl.invoke(DelegatingMethodAccessorImpl.java:43)
	at java.lang.reflect.Method.invoke(Method.java:498)
	at org.testng.internal.MethodInvocationHelper.invokeMethod(MethodInvocationHelper.java:133)
	at org.testng.internal.TestInvoker.invokeMethod(TestInvoker.java:598)
	at org.testng.internal.TestInvoker.invokeTestMethod(TestInvoker.java:173)
	at org.testng.internal.MethodRunner.runInSequence(MethodRunner.java:46)
	at org.testng.internal.TestInvoker$MethodInvocationAgent.invoke(TestInvoker.java:824)
	at org.testng.internal.TestInvoker.invokeTestMethods(TestInvoker.java:146)
	at org.testng.internal.TestMethodWorker.invokeTestMethods(TestMethodWorker.java:146)
	at org.testng.internal.TestMethodWorker.run(TestMethodWorker.java:128)
	at java.util.ArrayList.forEach(ArrayList.java:1259)
	at org.testng.TestRunner.privateRun(TestRunner.java:794)
	at org.testng.TestRunner.run(TestRunner.java:596)
	at org.testng.SuiteRunner.runTest(SuiteRunner.java:377)
	at org.testng.SuiteRunner.runSequentially(SuiteRunner.java:371)
	at org.testng.SuiteRunner.privateRun(SuiteRunner.java:332)
	at org.testng.SuiteRunner.run(SuiteRunner.java:276)
	at org.testng.SuiteRunnerWorker.runSuite(SuiteRunnerWorker.java:53)
	at org.testng.SuiteRunnerWorker.run(SuiteRunnerWorker.java:96)
	at org.testng.TestNG.runSuitesSequentially(TestNG.java:1212)
	at org.testng.TestNG.runSuitesLocally(TestNG.java:1134)
	at org.testng.TestNG.runSuites(TestNG.java:1063)
	at org.testng.TestNG.run(TestNG.java:1031)
	at org.testng.remote.AbstractRemoteTestNG.run(AbstractRemoteTestNG.java:115)
	at org.testng.remote.RemoteTestNG.initAndRun(RemoteTestNG.java:251)
	at org.testng.remote.RemoteTestNG.main(RemoteTestNG.java:77)
	Suppressed: org.openqa.selenium.json.JsonException: Attempting to close incomplete json stream
Build info: version: &apos;3.141.59&apos;, revision: &apos;e82be7d358&apos;, time: &apos;2018-11-14T08:17:03&apos;
System info: host: &apos;AS-40&apos;, ip: &apos;192.168.8.101&apos;, os.name: &apos;Windows 10&apos;, os.arch: &apos;x86&apos;, os.version: &apos;10.0&apos;, java.version: &apos;1.8.0_352-352&apos;
Driver info: driver.version: RemoteWebDriver
		at org.openqa.selenium.json.JsonOutput.close(JsonOutput.java:279)
		at org.openqa.selenium.json.Json.toJson(Json.java:44)
		... 38 more
Caused by: java.lang.reflect.InvocationTargetException
	at sun.reflect.NativeMethodAccessorImpl.invoke0(Native Method)
	at sun.reflect.NativeMethodAccessorImpl.invoke(NativeMethodAccessorImpl.java:62)
	at sun.reflect.DelegatingMethodAccessorImpl.invoke(DelegatingMethodAccessorImpl.java:43)
	at java.lang.reflect.Method.invoke(Method.java:498)
	at org.openqa.selenium.json.JsonOutput.convertUsingMethod(JsonOutput.java:328)
	... 50 more
Caused by: org.openqa.selenium.NoSuchElementException: no such element: Unable to locate element: {&quot;method&quot;:&quot;css selector&quot;,&quot;selector&quot;:&quot;.btn\-success&quot;}
  (Session info: chrome=109.0.5414.75)
For documentation on this error, please visit: https://www.seleniumhq.org/exceptions/no_such_element.html
Build info: version: &apos;3.141.59&apos;, revision: &apos;e82be7d358&apos;, time: &apos;2018-11-14T08:17:03&apos;
System info: host: &apos;AS-40&apos;, ip: &apos;192.168.8.101&apos;, os.name: &apos;Windows 10&apos;, os.arch: &apos;x86&apos;, os.version: &apos;10.0&apos;, java.version: &apos;1.8.0_352-352&apos;
Driver info: org.openqa.selenium.chrome.ChromeDriver
Capabilities {acceptInsecureCerts: false, browserName: chrome, browserVersion: 109.0.5414.75, chrome: {chromedriverVersion: 109.0.5414.74 (e7c5703604da..., userDataDir: C:\Program Files (x86)\scop...}, goog:chromeOptions: {debuggerAddress: localhost:61717}, javascriptEnabled: true, networkConnectionEnabled: false, pageLoadStrategy: normal, platform: WINDOWS, platformName: WINDOWS, proxy: Proxy(), setWindowRect: true, strictFileInteractability: false, timeouts: {implicit: 0, pageLoad: 300000, script: 30000}, unhandledPromptBehavior: dismiss and notify, webauthn:extension:credBlob: true, webauthn:extension:largeBlob: true, webauthn:virtualAuthenticators: true}
Session ID: d7eef8ec9eec42e095a6f7ce13981bae
*** Element info: {Using=class name, value=btn-success}
	at sun.reflect.NativeConstructorAccessorImpl.newInstance0(Native Method)
	at sun.reflect.NativeConstructorAccessorImpl.newInstance(NativeConstructorAccessorImpl.java:62)
	at sun.reflect.DelegatingConstructorAccessorImpl.newInstance(DelegatingConstructorAccessorImpl.java:45)
	at java.lang.reflect.Constructor.newInstance(Constructor.java:423)
	at org.openqa.selenium.remote.http.W3CHttpResponseCodec.createException(W3CHttpResponseCodec.java:187)
	at org.openqa.selenium.remote.http.W3CHttpResponseCodec.decode(W3CHttpResponseCodec.java:122)
	at org.openqa.selenium.remote.http.W3CHttpResponseCodec.decode(W3CHttpResponseCodec.java:49)
	at org.openqa.selenium.remote.HttpCommandExecutor.execute(HttpCommandExecutor.java:158)
	at org.openqa.selenium.remote.service.DriverCommandExecutor.execute(DriverCommandExecutor.java:83)
	at org.openqa.selenium.remote.RemoteWebDriver.execute(RemoteWebDriver.java:552)
	at org.openqa.selenium.remote.RemoteWebDriver.findElement(RemoteWebDriver.java:323)
	at org.openqa.selenium.remote.RemoteWebDriver.findElementByClassName(RemoteWebDriver.java:412)
	at org.openqa.selenium.By$ByClassName.findElement(By.java:389)
	at org.openqa.selenium.remote.RemoteWebDriver.findElement(RemoteWebDriver.java:315)
	at org.openqa.selenium.support.pagefactory.DefaultElementLocator.findElement(DefaultElementLocator.java:69)
	at org.openqa.selenium.support.pagefactory.internal.LocatingElementHandler.invoke(LocatingElementHandler.java:38)
	at com.sun.proxy.$Proxy27.getWrappedElement(Unknown Source)
	at org.openqa.selenium.interactions.PointerInput$Origin.asArg(PointerInput.java:204)
	at org.openqa.selenium.interactions.PointerInput$Move.encode(PointerInput.java:155)
	at org.openqa.selenium.interactions.Sequence.encode(Sequence.java:75)
	at org.openqa.selenium.interactions.Sequence.toJson(Sequence.java:84)
	... 55 more
</pre></div></td>
<td>10</td>
<td>Dubai_FleetAndAdmin.Fleet_Towing_AssignRequest_Test@17632c9</td></tr>
<tr>
<td title='Dubai_FleetAndAdmin.Fleet_Towing_AssignRequest_Test.selectdriverfromList()'><b>selectdriverfromList</b><br>Test class: Dubai_FleetAndAdmin.Fleet_Towing_AssignRequest_Test</td>
<td><div><pre>org.openqa.selenium.NoSuchElementException: no such element: Unable to locate element: {&quot;method&quot;:&quot;xpath&quot;,&quot;selector&quot;:&quot;/html/body/div[8]/div/div/div[2]/div/form/div[5]/div[1]/span/span/input&quot;}
  (Session info: chrome=109.0.5414.75)
For documentation on this error, please visit: https://www.seleniumhq.org/exceptions/no_such_element.html
Build info: version: &apos;3.141.59&apos;, revision: &apos;e82be7d358&apos;, time: &apos;2018-11-14T08:17:03&apos;
System info: host: &apos;AS-40&apos;, ip: &apos;192.168.8.101&apos;, os.name: &apos;Windows 10&apos;, os.arch: &apos;x86&apos;, os.version: &apos;10.0&apos;, java.version: &apos;1.8.0_352-352&apos;
Driver info: org.openqa.selenium.chrome.ChromeDriver
Capabilities {acceptInsecureCerts: false, browserName: chrome, browserVersion: 109.0.5414.75, chrome: {chromedriverVersion: 109.0.5414.74 (e7c5703604da..., userDataDir: C:\Program Files (x86)\scop...}, goog:chromeOptions: {debuggerAddress: localhost:61717}, javascriptEnabled: true, networkConnectionEnabled: false, pageLoadStrategy: normal, platform: WINDOWS, platformName: WINDOWS, proxy: Proxy(), setWindowRect: true, strictFileInteractability: false, timeouts: {implicit: 0, pageLoad: 300000, script: 30000}, unhandledPromptBehavior: dismiss and notify, webauthn:extension:credBlob: true, webauthn:extension:largeBlob: true, webauthn:virtualAuthenticators: true}
Session ID: d7eef8ec9eec42e095a6f7ce13981bae
*** Element info: {Using=xpath, value=/html/body/div[8]/div/div/div[2]/div/form/div[5]/div[1]/span/span/input}
	at org.openqa.selenium.remote.http.W3CHttpResponseCodec.createException(W3CHttpResponseCodec.java:187)
	at org.openqa.selenium.remote.http.W3CHttpResponseCodec.decode(W3CHttpResponseCodec.java:122)
	at org.openqa.selenium.remote.http.W3CHttpResponseCodec.decode(W3CHttpResponseCodec.java:49)
	at org.openqa.selenium.remote.HttpCommandExecutor.execute(HttpCommandExecutor.java:158)
	at org.openqa.selenium.remote.service.DriverCommandExecutor.execute(DriverCommandExecutor.java:83)
	at org.openqa.selenium.remote.RemoteWebDriver.execute(RemoteWebDriver.java:552)
	at org.openqa.selenium.remote.RemoteWebDriver.findElement(RemoteWebDriver.java:323)
	at org.openqa.selenium.remote.RemoteWebDriver.findElementByXPath(RemoteWebDriver.java:428)
	at org.openqa.selenium.By$ByXPath.findElement(By.java:353)
	at org.openqa.selenium.remote.RemoteWebDriver.findElement(RemoteWebDriver.java:315)
	at org.openqa.selenium.support.pagefactory.DefaultElementLocator.findElement(DefaultElementLocator.java:69)
	at org.openqa.selenium.support.pagefactory.internal.LocatingElementHandler.invoke(LocatingElementHandler.java:38)
	at com.sun.proxy.$Proxy27.sendKeys(Unknown Source)
	at com.ERA.PageObject.SearchCriteria.selectdriverfromList(SearchCriteria.java:212)
	at Dubai_FleetAndAdmin.Fleet_Towing_AssignRequest_Test.selectdriverfromList(Fleet_Towing_AssignRequest_Test.java:98)
	at java.util.ArrayList.forEach(ArrayList.java:1259)
... Removed 31 stack frames</pre></div><a href='#' onClick='toggleBox("stack-trace21455411", this, "Click to show all stack frames", "Click to hide stack frames")'>Click to show all stack frames</a>
<div class='stack-trace' id='stack-trace21455411'><pre>org.openqa.selenium.NoSuchElementException: no such element: Unable to locate element: {&quot;method&quot;:&quot;xpath&quot;,&quot;selector&quot;:&quot;/html/body/div[8]/div/div/div[2]/div/form/div[5]/div[1]/span/span/input&quot;}
  (Session info: chrome=109.0.5414.75)
For documentation on this error, please visit: https://www.seleniumhq.org/exceptions/no_such_element.html
Build info: version: &apos;3.141.59&apos;, revision: &apos;e82be7d358&apos;, time: &apos;2018-11-14T08:17:03&apos;
System info: host: &apos;AS-40&apos;, ip: &apos;192.168.8.101&apos;, os.name: &apos;Windows 10&apos;, os.arch: &apos;x86&apos;, os.version: &apos;10.0&apos;, java.version: &apos;1.8.0_352-352&apos;
Driver info: org.openqa.selenium.chrome.ChromeDriver
Capabilities {acceptInsecureCerts: false, browserName: chrome, browserVersion: 109.0.5414.75, chrome: {chromedriverVersion: 109.0.5414.74 (e7c5703604da..., userDataDir: C:\Program Files (x86)\scop...}, goog:chromeOptions: {debuggerAddress: localhost:61717}, javascriptEnabled: true, networkConnectionEnabled: false, pageLoadStrategy: normal, platform: WINDOWS, platformName: WINDOWS, proxy: Proxy(), setWindowRect: true, strictFileInteractability: false, timeouts: {implicit: 0, pageLoad: 300000, script: 30000}, unhandledPromptBehavior: dismiss and notify, webauthn:extension:credBlob: true, webauthn:extension:largeBlob: true, webauthn:virtualAuthenticators: true}
Session ID: d7eef8ec9eec42e095a6f7ce13981bae
*** Element info: {Using=xpath, value=/html/body/div[8]/div/div/div[2]/div/form/div[5]/div[1]/span/span/input}
	at sun.reflect.NativeConstructorAccessorImpl.newInstance0(Native Method)
	at sun.reflect.NativeConstructorAccessorImpl.newInstance(NativeConstructorAccessorImpl.java:62)
	at sun.reflect.DelegatingConstructorAccessorImpl.newInstance(DelegatingConstructorAccessorImpl.java:45)
	at java.lang.reflect.Constructor.newInstance(Constructor.java:423)
	at org.openqa.selenium.remote.http.W3CHttpResponseCodec.createException(W3CHttpResponseCodec.java:187)
	at org.openqa.selenium.remote.http.W3CHttpResponseCodec.decode(W3CHttpResponseCodec.java:122)
	at org.openqa.selenium.remote.http.W3CHttpResponseCodec.decode(W3CHttpResponseCodec.java:49)
	at org.openqa.selenium.remote.HttpCommandExecutor.execute(HttpCommandExecutor.java:158)
	at org.openqa.selenium.remote.service.DriverCommandExecutor.execute(DriverCommandExecutor.java:83)
	at org.openqa.selenium.remote.RemoteWebDriver.execute(RemoteWebDriver.java:552)
	at org.openqa.selenium.remote.RemoteWebDriver.findElement(RemoteWebDriver.java:323)
	at org.openqa.selenium.remote.RemoteWebDriver.findElementByXPath(RemoteWebDriver.java:428)
	at org.openqa.selenium.By$ByXPath.findElement(By.java:353)
	at org.openqa.selenium.remote.RemoteWebDriver.findElement(RemoteWebDriver.java:315)
	at org.openqa.selenium.support.pagefactory.DefaultElementLocator.findElement(DefaultElementLocator.java:69)
	at org.openqa.selenium.support.pagefactory.internal.LocatingElementHandler.invoke(LocatingElementHandler.java:38)
	at com.sun.proxy.$Proxy27.sendKeys(Unknown Source)
	at com.ERA.PageObject.SearchCriteria.selectdriverfromList(SearchCriteria.java:212)
	at Dubai_FleetAndAdmin.Fleet_Towing_AssignRequest_Test.selectdriverfromList(Fleet_Towing_AssignRequest_Test.java:98)
	at sun.reflect.NativeMethodAccessorImpl.invoke0(Native Method)
	at sun.reflect.NativeMethodAccessorImpl.invoke(NativeMethodAccessorImpl.java:62)
	at sun.reflect.DelegatingMethodAccessorImpl.invoke(DelegatingMethodAccessorImpl.java:43)
	at java.lang.reflect.Method.invoke(Method.java:498)
	at org.testng.internal.MethodInvocationHelper.invokeMethod(MethodInvocationHelper.java:133)
	at org.testng.internal.TestInvoker.invokeMethod(TestInvoker.java:598)
	at org.testng.internal.TestInvoker.invokeTestMethod(TestInvoker.java:173)
	at org.testng.internal.MethodRunner.runInSequence(MethodRunner.java:46)
	at org.testng.internal.TestInvoker$MethodInvocationAgent.invoke(TestInvoker.java:824)
	at org.testng.internal.TestInvoker.invokeTestMethods(TestInvoker.java:146)
	at org.testng.internal.TestMethodWorker.invokeTestMethods(TestMethodWorker.java:146)
	at org.testng.internal.TestMethodWorker.run(TestMethodWorker.java:128)
	at java.util.ArrayList.forEach(ArrayList.java:1259)
	at org.testng.TestRunner.privateRun(TestRunner.java:794)
	at org.testng.TestRunner.run(TestRunner.java:596)
	at org.testng.SuiteRunner.runTest(SuiteRunner.java:377)
	at org.testng.SuiteRunner.runSequentially(SuiteRunner.java:371)
	at org.testng.SuiteRunner.privateRun(SuiteRunner.java:332)
	at org.testng.SuiteRunner.run(SuiteRunner.java:276)
	at org.testng.SuiteRunnerWorker.runSuite(SuiteRunnerWorker.java:53)
	at org.testng.SuiteRunnerWorker.run(SuiteRunnerWorker.java:96)
	at org.testng.TestNG.runSuitesSequentially(TestNG.java:1212)
	at org.testng.TestNG.runSuitesLocally(TestNG.java:1134)
	at org.testng.TestNG.runSuites(TestNG.java:1063)
	at org.testng.TestNG.run(TestNG.java:1031)
	at org.testng.remote.AbstractRemoteTestNG.run(AbstractRemoteTestNG.java:115)
	at org.testng.remote.RemoteTestNG.initAndRun(RemoteTestNG.java:251)
	at org.testng.remote.RemoteTestNG.main(RemoteTestNG.java:77)
</pre></div></td>
<td>10</td>
<td>Dubai_FleetAndAdmin.Fleet_Towing_AssignRequest_Test@17632c9</td></tr>
</table><p>
<table width='100%' border='1' class='invocation-passed'>
<tr><td colspan='4' align='center'><b>PASSED TESTS</b></td></tr>
<tr><td><b>Test method</b></td>
<td width="30%"><b>Exception</b></td>
<td width="10%"><b>Time (seconds)</b></td>
<td><b>Instance</b></td>
</tr>
<tr>
<td title='login.ClickloginbuttonfromHomescreenTest.addPoliceMobileNumber()'><b>addPoliceMobileNumber</b><br>Test class: login.ClickloginbuttonfromHomescreenTest<br>Parameters: Amiraaa, 1117777777, 4588, Department1, 21244415, 34343434, AA</td>
<td></td>
<td>0</td>
<td>login.ClickloginbuttonfromHomescreenTest@ea6137</td></tr>
<tr>
<td title='DubaiPoliceAccount.SummeryHappyPathTest.confirmSummery()'><b>confirmSummery</b><br>Test class: DubaiPoliceAccount.SummeryHappyPathTest</td>
<td></td>
<td>15</td>
<td>DubaiPoliceAccount.SummeryHappyPathTest@67a738</td></tr>
<tr>
<td title='login.ClickloginbuttonfromHomescreenTest.SelectEgypt()'><b>SelectEgypt</b><br>Test class: login.ClickloginbuttonfromHomescreenTest</td>
<td></td>
<td>0</td>
<td>login.ClickloginbuttonfromHomescreenTest@ea6137</td></tr>
<tr>
<td title='DubaiPoliceAccount.ImageHappyPathTest.takeImage()'><b>takeImage</b><br>Test class: DubaiPoliceAccount.ImageHappyPathTest</td>
<td></td>
<td>0</td>
<td>DubaiPoliceAccount.ImageHappyPathTest@67a849</td></tr>
<tr>
<td title='Dubai_FleetAndAdmin.Fleet_Towing_AssignRequest_Test.clcikAssignbutton()'><b>clcikAssignbutton</b><br>Test class: Dubai_FleetAndAdmin.Fleet_Towing_AssignRequest_Test</td>
<td></td>
<td>9</td>
<td>Dubai_FleetAndAdmin.Fleet_Towing_AssignRequest_Test@17632c9</td></tr>
<tr>
<td title='login.ClickloginbuttonfromHomescreenTest.Searchforcounrty()'><b>Searchforcounrty</b><br>Test class: login.ClickloginbuttonfromHomescreenTest</td>
<td></td>
<td>0</td>
<td>login.ClickloginbuttonfromHomescreenTest@ea6137</td></tr>
<tr>
<td title='Dubai_FleetAndAdmin.Admin_GetGobId_Test.GetRequestAndJobOrderID()'><b>GetRequestAndJobOrderID</b><br>Test class: Dubai_FleetAndAdmin.Admin_GetGobId_Test<br>Parameters: Amiraaa, 1117777777, 4588, Department1, 21244415, 34343434, AA</td>
<td></td>
<td>3</td>
<td>Dubai_FleetAndAdmin.Admin_GetGobId_Test@f0f1be</td></tr>
<tr>
<td title='Dubai_FleetAndAdmin.Fleet_Towing_AssignRequest_Test.SearchWithjoborderId()'><b>SearchWithjoborderId</b><br>Test class: Dubai_FleetAndAdmin.Fleet_Towing_AssignRequest_Test</td>
<td></td>
<td>0</td>
<td>Dubai_FleetAndAdmin.Fleet_Towing_AssignRequest_Test@17632c9</td></tr>
<tr>
<td title='Dubai_FleetAndAdmin.Fleet_Towing_AssignRequest_Test.loginTest()'><b>loginTest</b><br>Test class: Dubai_FleetAndAdmin.Fleet_Towing_AssignRequest_Test</td>
<td></td>
<td>20</td>
<td>Dubai_FleetAndAdmin.Fleet_Towing_AssignRequest_Test@17632c9</td></tr>
<tr>
<td title='login.ClickloginbuttonfromHomescreenTest.clcikLogin()'><b>clcikLogin</b><br>Test class: login.ClickloginbuttonfromHomescreenTest</td>
<td></td>
<td>2</td>
<td>login.ClickloginbuttonfromHomescreenTest@ea6137</td></tr>
<tr>
<td title='login.ClickloginbuttonfromHomescreenTest.getotpPolice()'><b>getotpPolice</b><br>Test class: login.ClickloginbuttonfromHomescreenTest<br>Parameters: Amiraaa, 1117777777, 4588, Department1, 21244415, 34343434, AA</td>
<td></td>
<td>9</td>
<td>login.ClickloginbuttonfromHomescreenTest@ea6137</td></tr>
<tr>
<td title='login.ClickloginbuttonfromHomescreenTest.clickContinue()'><b>clickContinue</b><br>Test class: login.ClickloginbuttonfromHomescreenTest</td>
<td></td>
<td>0</td>
<td>login.ClickloginbuttonfromHomescreenTest@ea6137</td></tr>
<tr>
<td title='Dubai_FleetAndAdmin.Admin_GetGobId_Test.loginTest()'><b>loginTest</b><br>Test class: Dubai_FleetAndAdmin.Admin_GetGobId_Test</td>
<td></td>
<td>7</td>
<td>Dubai_FleetAndAdmin.Admin_GetGobId_Test@f0f1be</td></tr>
<tr>
<td title='Dubai_FleetAndAdmin.Fleet_Towing_AssignRequest_Test.SerchWithdriverName()'><b>SerchWithdriverName</b><br>Test class: Dubai_FleetAndAdmin.Fleet_Towing_AssignRequest_Test</td>
<td></td>
<td>13</td>
<td>Dubai_FleetAndAdmin.Fleet_Towing_AssignRequest_Test@17632c9</td></tr>
<tr>
<td title='DubaiPoliceAccount.DropOffTest.confirmdropOff()'><b>confirmdropOff</b><br>Test class: DubaiPoliceAccount.DropOffTest</td>
<td></td>
<td>0</td>
<td>DubaiPoliceAccount.DropOffTest@1d5872c</td></tr>
<tr>
<td title='driverApi.API_Driver_completejob_Test.completejob()'><b>completejob</b><br>Test class: driverApi.API_Driver_completejob_Test</td>
<td></td>
<td>13</td>
<td>driverApi.API_Driver_completejob_Test@c87930</td></tr>
<tr>
<td title='login.ClickloginbuttonfromHomescreenTest.SelectCountyCode()'><b>SelectCountyCode</b><br>Test class: login.ClickloginbuttonfromHomescreenTest</td>
<td></td>
<td>0</td>
<td>login.ClickloginbuttonfromHomescreenTest@ea6137</td></tr>
<tr>
<td title='Dubai_FleetAndAdmin.Admin_GetGobId_Test.OpenRequest()'><b>OpenRequest</b><br>Test class: Dubai_FleetAndAdmin.Admin_GetGobId_Test</td>
<td></td>
<td>12</td>
<td>Dubai_FleetAndAdmin.Admin_GetGobId_Test@f0f1be</td></tr>
<tr>
<td title='driverApi.API_Driver_Startjob_Test.Startjob_Test()'><b>Startjob_Test</b><br>Test class: driverApi.API_Driver_Startjob_Test</td>
<td></td>
<td>51</td>
<td>driverApi.API_Driver_Startjob_Test@1040f2f</td></tr>
<tr>
<td title='common.allowLocationPermissionTest.clcallowLocationPermissionTestLogin()'><b>clcallowLocationPermissionTestLogin</b><br>Test class: common.allowLocationPermissionTest</td>
<td></td>
<td>2</td>
<td>common.allowLocationPermissionTest@19fcf7f</td></tr>
<tr>
<td title='driverApi.API_Driver_Login_Test.driverLogin()'><b>driverLogin</b><br>Test class: driverApi.API_Driver_Login_Test</td>
<td></td>
<td>2</td>
<td>driverApi.API_Driver_Login_Test@e12bac</td></tr>
<tr>
<td title='Dubai_FleetAndAdmin.Admin_GetGobId_Test.setup()'><b>setup</b><br>Test class: Dubai_FleetAndAdmin.Admin_GetGobId_Test</td>
<td></td>
<td>3</td>
<td>Dubai_FleetAndAdmin.Admin_GetGobId_Test@f0f1be</td></tr>
<tr>
<td title='DubaiPoliceAccount.DubaiPoliceTest.selectSubService()'><b>selectSubService</b><br>Test class: DubaiPoliceAccount.DubaiPoliceTest</td>
<td></td>
<td>0</td>
<td>DubaiPoliceAccount.DubaiPoliceTest@1ee392b</td></tr>
<tr>
<td title='DubaiPoliceAccount.SummeryHappyPathTest.finish()'><b>finish</b><br>Test class: DubaiPoliceAccount.SummeryHappyPathTest</td>
<td></td>
<td>0</td>
<td>DubaiPoliceAccount.SummeryHappyPathTest@67a738</td></tr>
<tr>
<td title='DubaiPoliceAccount.ImageHappyPathTest.ConfirmImage()'><b>ConfirmImage</b><br>Test class: DubaiPoliceAccount.ImageHappyPathTest</td>
<td></td>
<td>0</td>
<td>DubaiPoliceAccount.ImageHappyPathTest@67a849</td></tr>
<tr>
<td title='Dubai_FleetAndAdmin.Fleet_Towing_AssignRequest_Test.clcikAction()'><b>clcikAction</b><br>Test class: Dubai_FleetAndAdmin.Fleet_Towing_AssignRequest_Test</td>
<td></td>
<td>5</td>
<td>Dubai_FleetAndAdmin.Fleet_Towing_AssignRequest_Test@17632c9</td></tr>
<tr>
<td title='Dubai_FleetAndAdmin.Fleet_Towing_AssignRequest_Test.Clickdetails()'><b>Clickdetails</b><br>Test class: Dubai_FleetAndAdmin.Fleet_Towing_AssignRequest_Test</td>
<td></td>
<td>5</td>
<td>Dubai_FleetAndAdmin.Fleet_Towing_AssignRequest_Test@17632c9</td></tr>
<tr>
<td title='DubaiPoliceAccount.DubaiPoliceTest.confirmSubService()'><b>confirmSubService</b><br>Test class: DubaiPoliceAccount.DubaiPoliceTest</td>
<td></td>
<td>0</td>
<td>DubaiPoliceAccount.DubaiPoliceTest@1ee392b</td></tr>
<tr>
<td title='DubaiPoliceAccount.ImageHappyPathTest.ConfirmImagebutton()'><b>ConfirmImagebutton</b><br>Test class: DubaiPoliceAccount.ImageHappyPathTest</td>
<td></td>
<td>0</td>
<td>DubaiPoliceAccount.ImageHappyPathTest@67a849</td></tr>
<tr>
<td title='DubaiPoliceAccount.DubaiPoliceTest.confirmlocation()'><b>confirmlocation</b><br>Test class: DubaiPoliceAccount.DubaiPoliceTest</td>
<td></td>
<td>13</td>
<td>DubaiPoliceAccount.DubaiPoliceTest@1ee392b</td></tr>
<tr>
<td title='DubaiPoliceAccount.ImageHappyPathTest.allowcameraPermission()'><b>allowcameraPermission</b><br>Test class: DubaiPoliceAccount.ImageHappyPathTest</td>
<td></td>
<td>0</td>
<td>DubaiPoliceAccount.ImageHappyPathTest@67a849</td></tr>
<tr>
<td title='Dubai_FleetAndAdmin.Fleet_Towing_AssignRequest_Test.setup()'><b>setup</b><br>Test class: Dubai_FleetAndAdmin.Fleet_Towing_AssignRequest_Test</td>
<td></td>
<td>8</td>
<td>Dubai_FleetAndAdmin.Fleet_Towing_AssignRequest_Test@17632c9</td></tr>
<tr>
<td title='DubaiPoliceAccount.DropOffTest.SelectropOff()'><b>SelectropOff</b><br>Test class: DubaiPoliceAccount.DropOffTest</td>
<td></td>
<td>0</td>
<td>DubaiPoliceAccount.DropOffTest@1d5872c</td></tr>
<tr>
<td title='Dubai_FleetAndAdmin.Admin_GetGobId_Test.SearchWithMobileNumber()'><b>SearchWithMobileNumber</b><br>Test class: Dubai_FleetAndAdmin.Admin_GetGobId_Test<br>Parameters: Amiraaa, 1117777777, 4588, Department1, 21244415, 34343434, AA</td>
<td></td>
<td>16</td>
<td>Dubai_FleetAndAdmin.Admin_GetGobId_Test@f0f1be</td></tr>
<tr>
<td title='DubaiPoliceAccount.ImageHappyPathTest.cameraTakeImage()'><b>cameraTakeImage</b><br>Test class: DubaiPoliceAccount.ImageHappyPathTest</td>
<td></td>
<td>1</td>
<td>DubaiPoliceAccount.ImageHappyPathTest@67a849</td></tr>
</table><p>
</body>
</html>