<?xml version="1.0" encoding="UTF-8"?>
<!-- Generated by org.testng.reporters.JUnitXMLReporter -->
<testsuite hostname="AS-40" ignored="22" name="OpenAdminAndCancelPoliceRequestTest" tests="23" failures="1" timestamp="2023-01-24T13:43:13 EET" time="145.767" errors="0">
  <testcase name="setup" time="3.629" classname="RTA_FleetAndAdmin.Cancel_From_AdminRequest_Test"/>
  <testcase name="loginTest" time="7.218" classname="RTA_FleetAndAdmin.Cancel_From_AdminRequest_Test"/>
  <testcase name="OpenRequest" time="12.169" classname="RTA_FleetAndAdmin.Cancel_From_AdminRequest_Test"/>
  <testcase name="SearchWithMobileNumber" time="16.559" classname="RTA_FleetAndAdmin.Cancel_From_AdminRequest_Test"/>
  <testcase name="GetRequestAndJobOrderID" time="3.072" classname="RTA_FleetAndAdmin.Cancel_From_AdminRequest_Test"/>
  <testcase name="OpenAction" time="1.068" classname="RTA_FleetAndAdmin.Cancel_From_AdminRequest_Test"/>
  <testcase name="Cancel" time="1.07" classname="RTA_FleetAndAdmin.Cancel_From_AdminRequest_Test"/>
  <testcase name="Confirm_cancel" time="1.043" classname="RTA_FleetAndAdmin.Cancel_From_AdminRequest_Test"/>
  <testcase name="setup" time="9.793" classname="RTA_FleetAndAdmin.Check_Status_Cancel_In_Fleet_Test"/>
  <testcase name="loginTest" time="15.469" classname="RTA_FleetAndAdmin.Check_Status_Cancel_In_Fleet_Test"/>
  <testcase name="SearchWithjoborderId" time="0.096" classname="RTA_FleetAndAdmin.Check_Status_Cancel_In_Fleet_Test"/>
  <testcase name="check_Request_is_Cancelled" time="0.07" classname="RTA_FleetAndAdmin.Check_Status_Cancel_In_Fleet_Test"/>
  <testcase name="clcallowLocationPermissionTestLogin" time="15.584" classname="common.allowLocationPermissionTest">
    <failure type="org.openqa.selenium.NoSuchElementException" message="Can&amp;apos;t locate an element by this strategy: By.chained({By.id: com.android.permissioncontroller:id/permission_allow_foreground_only_button})">
      <![CDATA[org.openqa.selenium.NoSuchElementException: Can't locate an element by this strategy: By.chained({By.id: com.android.permissioncontroller:id/permission_allow_foreground_only_button})
at io.appium.java_client.pagefactory.AppiumElementLocator.findElement(AppiumElementLocator.java:126)
at io.appium.java_client.pagefactory.interceptors.InterceptorOfASingleElement.intercept(InterceptorOfASingleElement.java:59)
at io.appium.java_client.android.AndroidElement$$EnhancerByCGLIB$$b598166c.click(<generated>)
at com.ERA.screens.allowLocationPermission.ClickallowLocation(allowLocationPermission.java:21)
at common.allowLocationPermissionTest.clcallowLocationPermissionTestLogin(allowLocationPermissionTest.java:25)
at java.util.ArrayList.forEach(ArrayList.java:1259)
Caused by: org.openqa.selenium.TimeoutException: Expected condition failed: waiting for io.appium.java_client.pagefactory.AppiumElementLocator$WaitingFunction@1a290ee (tried for 1 second(s) with 500 milliseconds interval)
at org.openqa.selenium.support.ui.FluentWait.timeoutException(FluentWait.java:304)
at org.openqa.selenium.support.ui.FluentWait.until(FluentWait.java:272)
at io.appium.java_client.pagefactory.AppiumElementLocator.waitFor(AppiumElementLocator.java:99)
at io.appium.java_client.pagefactory.AppiumElementLocator.findElement(AppiumElementLocator.java:119)
... 32 more
Caused by: org.openqa.selenium.NoSuchElementException: Cannot locate an element using By.chained({By.id: com.android.permissioncontroller:id/permission_allow_foreground_only_button})
For documentation on this error, please visit: https://www.seleniumhq.org/exceptions/no_such_element.html
Build info: version: '3.141.59', revision: 'e82be7d358', time: '2018-11-14T08:17:03'
System info: host: 'AS-40', ip: '192.168.8.101', os.name: 'Windows 10', os.arch: 'x86', os.version: '10.0', java.version: '1.8.0_352-352'
Driver info: driver.version: AndroidDriver
at io.appium.java_client.pagefactory.bys.builder.ByChained.findElement(ByChained.java:74)
at org.openqa.selenium.remote.RemoteWebDriver.findElement(RemoteWebDriver.java:315)
at io.appium.java_client.DefaultGenericMobileDriver.findElement(DefaultGenericMobileDriver.java:58)
at io.appium.java_client.AppiumDriver.findElement(AppiumDriver.java:1)
at io.appium.java_client.android.AndroidDriver.findElement(AndroidDriver.java:1)
at io.appium.java_client.pagefactory.bys.ContentMappedBy.findElement(ContentMappedBy.java:50)
at org.openqa.selenium.remote.RemoteWebDriver.findElement(RemoteWebDriver.java:315)
at io.appium.java_client.DefaultGenericMobileDriver.findElement(DefaultGenericMobileDriver.java:58)
at io.appium.java_client.AppiumDriver.findElement(AppiumDriver.java:1)
at io.appium.java_client.android.AndroidDriver.findElement(AndroidDriver.java:1)
at io.appium.java_client.pagefactory.AppiumElementLocator.lambda$0(AppiumElementLocator.java:120)
at io.appium.java_client.pagefactory.AppiumElementLocator$WaitingFunction.apply(AppiumElementLocator.java:172)
at io.appium.java_client.pagefactory.AppiumElementLocator$WaitingFunction.apply(AppiumElementLocator.java:1)
at org.openqa.selenium.support.ui.FluentWait.until(FluentWait.java:249)
... 34 more
... Removed 27 stack frames]]>
    </failure>
  </testcase> <!-- clcallowLocationPermissionTestLogin -->
  <testcase name="clcikLogin" time="2.981" classname="login.ClickloginbuttonfromHomescreenTest"/>
  <testcase name="SelectCountyCode" time="0.2" classname="login.ClickloginbuttonfromHomescreenTest"/>
  <testcase name="Searchforcounrty" time="0.876" classname="login.ClickloginbuttonfromHomescreenTest"/>
  <testcase name="SelectEgypt" time="0.296" classname="login.ClickloginbuttonfromHomescreenTest"/>
  <testcase name="add_RTA_MobileNumber" time="0.749" classname="login.ClickloginbuttonfromHomescreenTest"/>
  <testcase name="clickContinue" time="0.955" classname="login.ClickloginbuttonfromHomescreenTest"/>
  <testcase name="getotpRTA" time="9.305" classname="login.ClickloginbuttonfromHomescreenTest"/>
  <testcase name="ClickMenu" time="5.243" classname="common.MenuTest"/>
  <testcase name="ClickSubmittedRequest" time="7.772" classname="common.SubmittedRequestTest"/>
  <testcase name="confirmRequestCancelledTest" time="1.358" classname="RTA.RequestCancelledTest"/>
  <testcase name="addPoliceMobileNumber" time="0.0" classname="login.ClickloginbuttonfromHomescreenTest">
    <ignored/>
  </testcase> <!-- addPoliceMobileNumber -->
  <testcase name="@AfterTest afterTest" time="0.0" classname="com.ERA.base.Base">
    <ignored/>
  </testcase> <!-- @AfterTest afterTest -->
  <testcase name="@AfterTest afterTest" time="0.0" classname="com.ERA.base.Base">
    <ignored/>
  </testcase> <!-- @AfterTest afterTest -->
  <testcase name="@AfterTest afterTest" time="0.0" classname="com.ERA.base.Base">
    <ignored/>
  </testcase> <!-- @AfterTest afterTest -->
  <testcase name="@AfterTest afterTest" time="0.0" classname="com.ERA.base.Base">
    <ignored/>
  </testcase> <!-- @AfterTest afterTest -->
  <testcase name="@BeforeSuite beforeSuite" time="0.0" classname="com.ERA.base.Base">
    <ignored/>
  </testcase> <!-- @BeforeSuite beforeSuite -->
  <testcase name="@BeforeSuite beforeSuite" time="0.0" classname="com.ERA.base.Base">
    <ignored/>
  </testcase> <!-- @BeforeSuite beforeSuite -->
  <testcase name="@BeforeSuite beforeSuite" time="0.0" classname="com.ERA.base.Base">
    <ignored/>
  </testcase> <!-- @BeforeSuite beforeSuite -->
  <testcase name="@BeforeSuite beforeSuite" time="0.0" classname="com.ERA.base.Base">
    <ignored/>
  </testcase> <!-- @BeforeSuite beforeSuite -->
  <testcase name="@AfterSuite afterSuite" time="0.0" classname="com.ERA.base.BaseClass">
    <ignored/>
  </testcase> <!-- @AfterSuite afterSuite -->
  <testcase name="getotp" time="0.0" classname="login.ClickloginbuttonfromHomescreenTest">
    <ignored/>
  </testcase> <!-- getotp -->
  <testcase name="addMobileNumber" time="0.0" classname="login.ClickloginbuttonfromHomescreenTest">
    <ignored/>
  </testcase> <!-- addMobileNumber -->
  <testcase name="@BeforeSuite loadConfig" time="0.0" classname="com.ERA.base.BaseClass">
    <ignored/>
  </testcase> <!-- @BeforeSuite loadConfig -->
  <testcase name="@BeforeTest beforeClass" time="0.0" classname="com.ERA.base.Base">
    <ignored/>
  </testcase> <!-- @BeforeTest beforeClass -->
  <testcase name="@BeforeTest beforeClass" time="0.0" classname="com.ERA.base.Base">
    <ignored/>
  </testcase> <!-- @BeforeTest beforeClass -->
  <testcase name="@BeforeTest beforeClass" time="0.0" classname="com.ERA.base.Base">
    <ignored/>
  </testcase> <!-- @BeforeTest beforeClass -->
  <testcase name="@BeforeTest beforeClass" time="0.0" classname="com.ERA.base.Base">
    <ignored/>
  </testcase> <!-- @BeforeTest beforeClass -->
  <testcase name="getotpPolice" time="0.0" classname="login.ClickloginbuttonfromHomescreenTest">
    <ignored/>
  </testcase> <!-- getotpPolice -->
  <testcase name="@AfterSuite afterSuite" time="0.0" classname="com.ERA.base.Base">
    <ignored/>
  </testcase> <!-- @AfterSuite afterSuite -->
  <testcase name="@AfterSuite afterSuite" time="0.0" classname="com.ERA.base.Base">
    <ignored/>
  </testcase> <!-- @AfterSuite afterSuite -->
  <testcase name="@AfterSuite afterSuite" time="0.0" classname="com.ERA.base.Base">
    <ignored/>
  </testcase> <!-- @AfterSuite afterSuite -->
  <testcase name="@AfterSuite afterSuite" time="0.0" classname="com.ERA.base.Base">
    <ignored/>
  </testcase> <!-- @AfterSuite afterSuite -->
</testsuite> <!-- OpenAdminAndCancelPoliceRequestTest -->
