<html>
<head>
<title>TestNG:  ShareAndDownload</title>
<link href="../testng.css" rel="stylesheet" type="text/css" />
<link href="../my-testng.css" rel="stylesheet" type="text/css" />

<style type="text/css">
.log { display: none;} 
.stack-trace { display: none;} 
</style>
<script type="text/javascript">
<!--
function flip(e) {
  current = e.style.display;
  if (current == 'block') {
    e.style.display = 'none';
    return 0;
  }
  else {
    e.style.display = 'block';
    return 1;
  }
}

function toggleBox(szDivId, elem, msg1, msg2)
{
  var res = -1;  if (document.getElementById) {
    res = flip(document.getElementById(szDivId));
  }
  else if (document.all) {
    // this is the way old msie versions work
    res = flip(document.all[szDivId]);
  }
  if(elem) {
    if(res == 0) elem.innerHTML = msg1; else elem.innerHTML = msg2;
  }

}

function toggleAllBoxes() {
  if (document.getElementsByTagName) {
    d = document.getElementsByTagName('div');
    for (i = 0; i < d.length; i++) {
      if (d[i].className == 'log') {
        flip(d[i]);
      }
    }
  }
}

// -->
</script>

</head>
<body>
<h2 align='center'>ShareAndDownload</h2><table border='1' align="center">
<tr>
<td>Tests passed/Failed/Skipped:</td><td>76/6/0</td>
</tr><tr>
<td>Started on:</td><td>Wed Jan 25 11:50:25 EET 2023</td>
</tr>
<tr><td>Total time:</td><td>318 seconds (318555 ms)</td>
</tr><tr>
<td>Included groups:</td><td></td>
</tr><tr>
<td>Excluded groups:</td><td></td>
</tr>
</table><p/>
<small><i>(Hover the method name to see the test class name)</i></small><p/>
<table width='100%' border='1' class='invocation-failed'>
<tr><td colspan='4' align='center'><b>FAILED TESTS</b></td></tr>
<tr><td><b>Test method</b></td>
<td width="30%"><b>Exception</b></td>
<td width="10%"><b>Time (seconds)</b></td>
<td><b>Instance</b></td>
</tr>
<tr>
<td title='DubaiPoliceAccount.CompleteVehicleDataInfoTest.confirmRequestCompletedTest()'><b>confirmRequestCompletedTest</b><br>Test class: DubaiPoliceAccount.CompleteVehicleDataInfoTest</td>
<td><div><pre>org.openqa.selenium.NoSuchElementException: Can&apos;t locate an element by this strategy: By.chained({By.id: com.eci.era:id/viewVehiclesBtn})
	at io.appium.java_client.pagefactory.AppiumElementLocator.findElement(AppiumElementLocator.java:126)
	at io.appium.java_client.pagefactory.interceptors.InterceptorOfASingleElement.intercept(InterceptorOfASingleElement.java:59)
	at io.appium.java_client.android.AndroidElement$$EnhancerByCGLIB$$b598166c.click(&lt;generated&gt;)
	at com.ERA.screens.CompleteVehicleDataScreen.ViewRequestdata(CompleteVehicleDataScreen.java:19)
	at DubaiPoliceAccount.CompleteVehicleDataInfoTest.confirmRequestCompletedTest(CompleteVehicleDataInfoTest.java:12)
	at java.util.ArrayList.forEach(ArrayList.java:1259)
Caused by: org.openqa.selenium.TimeoutException: Expected condition failed: waiting for io.appium.java_client.pagefactory.AppiumElementLocator$WaitingFunction@12b90fc (tried for 1 second(s) with 500 milliseconds interval)
	at org.openqa.selenium.support.ui.FluentWait.timeoutException(FluentWait.java:304)
	at org.openqa.selenium.support.ui.FluentWait.until(FluentWait.java:272)
	at io.appium.java_client.pagefactory.AppiumElementLocator.waitFor(AppiumElementLocator.java:99)
	at io.appium.java_client.pagefactory.AppiumElementLocator.findElement(AppiumElementLocator.java:119)
	... 32 more
Caused by: org.openqa.selenium.NoSuchElementException: Cannot locate an element using By.chained({By.id: com.eci.era:id/viewVehiclesBtn})
For documentation on this error, please visit: https://www.seleniumhq.org/exceptions/no_such_element.html
Build info: version: &apos;3.141.59&apos;, revision: &apos;e82be7d358&apos;, time: &apos;2018-11-14T08:17:03&apos;
System info: host: &apos;AS-40&apos;, ip: &apos;192.168.80.157&apos;, os.name: &apos;Windows 10&apos;, os.arch: &apos;x86&apos;, os.version: &apos;10.0&apos;, java.version: &apos;1.8.0_352-352&apos;
Driver info: driver.version: AndroidDriver
	at io.appium.java_client.pagefactory.bys.builder.ByChained.findElement(ByChained.java:74)
	at org.openqa.selenium.remote.RemoteWebDriver.findElement(RemoteWebDriver.java:315)
	at io.appium.java_client.DefaultGenericMobileDriver.findElement(DefaultGenericMobileDriver.java:58)
	at io.appium.java_client.AppiumDriver.findElement(AppiumDriver.java:1)
	at io.appium.java_client.android.AndroidDriver.findElement(AndroidDriver.java:1)
	at io.appium.java_client.pagefactory.bys.ContentMappedBy.findElement(ContentMappedBy.java:50)
	at org.openqa.selenium.remote.RemoteWebDriver.findElement(RemoteWebDriver.java:315)
	at io.appium.java_client.DefaultGenericMobileDriver.findElement(DefaultGenericMobileDriver.java:58)
	at io.appium.java_client.AppiumDriver.findElement(AppiumDriver.java:1)
	at io.appium.java_client.android.AndroidDriver.findElement(AndroidDriver.java:1)
	at io.appium.java_client.pagefactory.AppiumElementLocator.lambda$0(AppiumElementLocator.java:120)
	at io.appium.java_client.pagefactory.AppiumElementLocator$WaitingFunction.apply(AppiumElementLocator.java:172)
	at io.appium.java_client.pagefactory.AppiumElementLocator$WaitingFunction.apply(AppiumElementLocator.java:1)
	at org.openqa.selenium.support.ui.FluentWait.until(FluentWait.java:249)
	... 34 more
... Removed 27 stack frames</pre></div><a href='#' onClick='toggleBox("stack-trace14284536", this, "Click to show all stack frames", "Click to hide stack frames")'>Click to show all stack frames</a>
<div class='stack-trace' id='stack-trace14284536'><pre>org.openqa.selenium.NoSuchElementException: Can&apos;t locate an element by this strategy: By.chained({By.id: com.eci.era:id/viewVehiclesBtn})
	at io.appium.java_client.pagefactory.AppiumElementLocator.findElement(AppiumElementLocator.java:126)
	at io.appium.java_client.pagefactory.interceptors.InterceptorOfASingleElement.intercept(InterceptorOfASingleElement.java:59)
	at io.appium.java_client.android.AndroidElement$$EnhancerByCGLIB$$b598166c.click(&lt;generated&gt;)
	at com.ERA.screens.CompleteVehicleDataScreen.ViewRequestdata(CompleteVehicleDataScreen.java:19)
	at DubaiPoliceAccount.CompleteVehicleDataInfoTest.confirmRequestCompletedTest(CompleteVehicleDataInfoTest.java:12)
	at sun.reflect.NativeMethodAccessorImpl.invoke0(Native Method)
	at sun.reflect.NativeMethodAccessorImpl.invoke(NativeMethodAccessorImpl.java:62)
	at sun.reflect.DelegatingMethodAccessorImpl.invoke(DelegatingMethodAccessorImpl.java:43)
	at java.lang.reflect.Method.invoke(Method.java:498)
	at org.testng.internal.MethodInvocationHelper.invokeMethod(MethodInvocationHelper.java:133)
	at org.testng.internal.TestInvoker.invokeMethod(TestInvoker.java:598)
	at org.testng.internal.TestInvoker.invokeTestMethod(TestInvoker.java:173)
	at org.testng.internal.MethodRunner.runInSequence(MethodRunner.java:46)
	at org.testng.internal.TestInvoker$MethodInvocationAgent.invoke(TestInvoker.java:824)
	at org.testng.internal.TestInvoker.invokeTestMethods(TestInvoker.java:146)
	at org.testng.internal.TestMethodWorker.invokeTestMethods(TestMethodWorker.java:146)
	at org.testng.internal.TestMethodWorker.run(TestMethodWorker.java:128)
	at java.util.ArrayList.forEach(ArrayList.java:1259)
	at org.testng.TestRunner.privateRun(TestRunner.java:794)
	at org.testng.TestRunner.run(TestRunner.java:596)
	at org.testng.SuiteRunner.runTest(SuiteRunner.java:377)
	at org.testng.SuiteRunner.runSequentially(SuiteRunner.java:371)
	at org.testng.SuiteRunner.privateRun(SuiteRunner.java:332)
	at org.testng.SuiteRunner.run(SuiteRunner.java:276)
	at org.testng.SuiteRunnerWorker.runSuite(SuiteRunnerWorker.java:53)
	at org.testng.SuiteRunnerWorker.run(SuiteRunnerWorker.java:96)
	at org.testng.TestNG.runSuitesSequentially(TestNG.java:1212)
	at org.testng.TestNG.runSuitesLocally(TestNG.java:1134)
	at org.testng.TestNG.runSuites(TestNG.java:1063)
	at org.testng.TestNG.run(TestNG.java:1031)
	at org.testng.remote.AbstractRemoteTestNG.run(AbstractRemoteTestNG.java:115)
	at org.testng.remote.RemoteTestNG.initAndRun(RemoteTestNG.java:251)
	at org.testng.remote.RemoteTestNG.main(RemoteTestNG.java:77)
Caused by: org.openqa.selenium.TimeoutException: Expected condition failed: waiting for io.appium.java_client.pagefactory.AppiumElementLocator$WaitingFunction@12b90fc (tried for 1 second(s) with 500 milliseconds interval)
	at org.openqa.selenium.support.ui.FluentWait.timeoutException(FluentWait.java:304)
	at org.openqa.selenium.support.ui.FluentWait.until(FluentWait.java:272)
	at io.appium.java_client.pagefactory.AppiumElementLocator.waitFor(AppiumElementLocator.java:99)
	at io.appium.java_client.pagefactory.AppiumElementLocator.findElement(AppiumElementLocator.java:119)
	... 32 more
Caused by: org.openqa.selenium.NoSuchElementException: Cannot locate an element using By.chained({By.id: com.eci.era:id/viewVehiclesBtn})
For documentation on this error, please visit: https://www.seleniumhq.org/exceptions/no_such_element.html
Build info: version: &apos;3.141.59&apos;, revision: &apos;e82be7d358&apos;, time: &apos;2018-11-14T08:17:03&apos;
System info: host: &apos;AS-40&apos;, ip: &apos;192.168.80.157&apos;, os.name: &apos;Windows 10&apos;, os.arch: &apos;x86&apos;, os.version: &apos;10.0&apos;, java.version: &apos;1.8.0_352-352&apos;
Driver info: driver.version: AndroidDriver
	at io.appium.java_client.pagefactory.bys.builder.ByChained.findElement(ByChained.java:74)
	at org.openqa.selenium.remote.RemoteWebDriver.findElement(RemoteWebDriver.java:315)
	at io.appium.java_client.DefaultGenericMobileDriver.findElement(DefaultGenericMobileDriver.java:58)
	at io.appium.java_client.AppiumDriver.findElement(AppiumDriver.java:1)
	at io.appium.java_client.android.AndroidDriver.findElement(AndroidDriver.java:1)
	at io.appium.java_client.pagefactory.bys.ContentMappedBy.findElement(ContentMappedBy.java:50)
	at org.openqa.selenium.remote.RemoteWebDriver.findElement(RemoteWebDriver.java:315)
	at io.appium.java_client.DefaultGenericMobileDriver.findElement(DefaultGenericMobileDriver.java:58)
	at io.appium.java_client.AppiumDriver.findElement(AppiumDriver.java:1)
	at io.appium.java_client.android.AndroidDriver.findElement(AndroidDriver.java:1)
	at io.appium.java_client.pagefactory.AppiumElementLocator.lambda$0(AppiumElementLocator.java:120)
	at io.appium.java_client.pagefactory.AppiumElementLocator$WaitingFunction.apply(AppiumElementLocator.java:172)
	at io.appium.java_client.pagefactory.AppiumElementLocator$WaitingFunction.apply(AppiumElementLocator.java:1)
	at org.openqa.selenium.support.ui.FluentWait.until(FluentWait.java:249)
	... 34 more
</pre></div></td>
<td>15</td>
<td>DubaiPoliceAccount.CompleteVehicleDataInfoTest@aa2946</td></tr>
<tr>
<td title='common.allowLocationPermissionTest2.clickallowLocationbutton2()'><b>clickallowLocationbutton2</b><br>Test class: common.allowLocationPermissionTest2</td>
<td><div><pre>org.openqa.selenium.NoSuchElementException: Can&apos;t locate an element by this strategy: By.chained({By.id: android:id/button1})
	at io.appium.java_client.pagefactory.AppiumElementLocator.findElement(AppiumElementLocator.java:126)
	at io.appium.java_client.pagefactory.interceptors.InterceptorOfASingleElement.intercept(InterceptorOfASingleElement.java:59)
	at io.appium.java_client.android.AndroidElement$$EnhancerByCGLIB$$b598166c.click(&lt;generated&gt;)
	at com.ERA.screens.allowLocationPermission.allowLocationbutton2(allowLocationPermission.java:42)
	at common.allowLocationPermissionTest2.clickallowLocationbutton2(allowLocationPermissionTest2.java:26)
	at java.util.ArrayList.forEach(ArrayList.java:1259)
Caused by: org.openqa.selenium.TimeoutException: Expected condition failed: waiting for io.appium.java_client.pagefactory.AppiumElementLocator$WaitingFunction@193bf8b (tried for 1 second(s) with 500 milliseconds interval)
	at org.openqa.selenium.support.ui.FluentWait.timeoutException(FluentWait.java:304)
	at org.openqa.selenium.support.ui.FluentWait.until(FluentWait.java:272)
	at io.appium.java_client.pagefactory.AppiumElementLocator.waitFor(AppiumElementLocator.java:99)
	at io.appium.java_client.pagefactory.AppiumElementLocator.findElement(AppiumElementLocator.java:119)
	... 32 more
Caused by: org.openqa.selenium.NoSuchElementException: Cannot locate an element using By.chained({By.id: android:id/button1})
For documentation on this error, please visit: https://www.seleniumhq.org/exceptions/no_such_element.html
Build info: version: &apos;3.141.59&apos;, revision: &apos;e82be7d358&apos;, time: &apos;2018-11-14T08:17:03&apos;
System info: host: &apos;AS-40&apos;, ip: &apos;192.168.80.157&apos;, os.name: &apos;Windows 10&apos;, os.arch: &apos;x86&apos;, os.version: &apos;10.0&apos;, java.version: &apos;1.8.0_352-352&apos;
Driver info: driver.version: AndroidDriver
	at io.appium.java_client.pagefactory.bys.builder.ByChained.findElement(ByChained.java:74)
	at org.openqa.selenium.remote.RemoteWebDriver.findElement(RemoteWebDriver.java:315)
	at io.appium.java_client.DefaultGenericMobileDriver.findElement(DefaultGenericMobileDriver.java:58)
	at io.appium.java_client.AppiumDriver.findElement(AppiumDriver.java:1)
	at io.appium.java_client.android.AndroidDriver.findElement(AndroidDriver.java:1)
	at io.appium.java_client.pagefactory.bys.ContentMappedBy.findElement(ContentMappedBy.java:50)
	at org.openqa.selenium.remote.RemoteWebDriver.findElement(RemoteWebDriver.java:315)
	at io.appium.java_client.DefaultGenericMobileDriver.findElement(DefaultGenericMobileDriver.java:58)
	at io.appium.java_client.AppiumDriver.findElement(AppiumDriver.java:1)
	at io.appium.java_client.android.AndroidDriver.findElement(AndroidDriver.java:1)
	at io.appium.java_client.pagefactory.AppiumElementLocator.lambda$0(AppiumElementLocator.java:120)
	at io.appium.java_client.pagefactory.AppiumElementLocator$WaitingFunction.apply(AppiumElementLocator.java:172)
	at io.appium.java_client.pagefactory.AppiumElementLocator$WaitingFunction.apply(AppiumElementLocator.java:1)
	at org.openqa.selenium.support.ui.FluentWait.until(FluentWait.java:249)
	... 34 more
... Removed 27 stack frames</pre></div><a href='#' onClick='toggleBox("stack-trace30680386", this, "Click to show all stack frames", "Click to hide stack frames")'>Click to show all stack frames</a>
<div class='stack-trace' id='stack-trace30680386'><pre>org.openqa.selenium.NoSuchElementException: Can&apos;t locate an element by this strategy: By.chained({By.id: android:id/button1})
	at io.appium.java_client.pagefactory.AppiumElementLocator.findElement(AppiumElementLocator.java:126)
	at io.appium.java_client.pagefactory.interceptors.InterceptorOfASingleElement.intercept(InterceptorOfASingleElement.java:59)
	at io.appium.java_client.android.AndroidElement$$EnhancerByCGLIB$$b598166c.click(&lt;generated&gt;)
	at com.ERA.screens.allowLocationPermission.allowLocationbutton2(allowLocationPermission.java:42)
	at common.allowLocationPermissionTest2.clickallowLocationbutton2(allowLocationPermissionTest2.java:26)
	at sun.reflect.NativeMethodAccessorImpl.invoke0(Native Method)
	at sun.reflect.NativeMethodAccessorImpl.invoke(NativeMethodAccessorImpl.java:62)
	at sun.reflect.DelegatingMethodAccessorImpl.invoke(DelegatingMethodAccessorImpl.java:43)
	at java.lang.reflect.Method.invoke(Method.java:498)
	at org.testng.internal.MethodInvocationHelper.invokeMethod(MethodInvocationHelper.java:133)
	at org.testng.internal.TestInvoker.invokeMethod(TestInvoker.java:598)
	at org.testng.internal.TestInvoker.invokeTestMethod(TestInvoker.java:173)
	at org.testng.internal.MethodRunner.runInSequence(MethodRunner.java:46)
	at org.testng.internal.TestInvoker$MethodInvocationAgent.invoke(TestInvoker.java:824)
	at org.testng.internal.TestInvoker.invokeTestMethods(TestInvoker.java:146)
	at org.testng.internal.TestMethodWorker.invokeTestMethods(TestMethodWorker.java:146)
	at org.testng.internal.TestMethodWorker.run(TestMethodWorker.java:128)
	at java.util.ArrayList.forEach(ArrayList.java:1259)
	at org.testng.TestRunner.privateRun(TestRunner.java:794)
	at org.testng.TestRunner.run(TestRunner.java:596)
	at org.testng.SuiteRunner.runTest(SuiteRunner.java:377)
	at org.testng.SuiteRunner.runSequentially(SuiteRunner.java:371)
	at org.testng.SuiteRunner.privateRun(SuiteRunner.java:332)
	at org.testng.SuiteRunner.run(SuiteRunner.java:276)
	at org.testng.SuiteRunnerWorker.runSuite(SuiteRunnerWorker.java:53)
	at org.testng.SuiteRunnerWorker.run(SuiteRunnerWorker.java:96)
	at org.testng.TestNG.runSuitesSequentially(TestNG.java:1212)
	at org.testng.TestNG.runSuitesLocally(TestNG.java:1134)
	at org.testng.TestNG.runSuites(TestNG.java:1063)
	at org.testng.TestNG.run(TestNG.java:1031)
	at org.testng.remote.AbstractRemoteTestNG.run(AbstractRemoteTestNG.java:115)
	at org.testng.remote.RemoteTestNG.initAndRun(RemoteTestNG.java:251)
	at org.testng.remote.RemoteTestNG.main(RemoteTestNG.java:77)
Caused by: org.openqa.selenium.TimeoutException: Expected condition failed: waiting for io.appium.java_client.pagefactory.AppiumElementLocator$WaitingFunction@193bf8b (tried for 1 second(s) with 500 milliseconds interval)
	at org.openqa.selenium.support.ui.FluentWait.timeoutException(FluentWait.java:304)
	at org.openqa.selenium.support.ui.FluentWait.until(FluentWait.java:272)
	at io.appium.java_client.pagefactory.AppiumElementLocator.waitFor(AppiumElementLocator.java:99)
	at io.appium.java_client.pagefactory.AppiumElementLocator.findElement(AppiumElementLocator.java:119)
	... 32 more
Caused by: org.openqa.selenium.NoSuchElementException: Cannot locate an element using By.chained({By.id: android:id/button1})
For documentation on this error, please visit: https://www.seleniumhq.org/exceptions/no_such_element.html
Build info: version: &apos;3.141.59&apos;, revision: &apos;e82be7d358&apos;, time: &apos;2018-11-14T08:17:03&apos;
System info: host: &apos;AS-40&apos;, ip: &apos;192.168.80.157&apos;, os.name: &apos;Windows 10&apos;, os.arch: &apos;x86&apos;, os.version: &apos;10.0&apos;, java.version: &apos;1.8.0_352-352&apos;
Driver info: driver.version: AndroidDriver
	at io.appium.java_client.pagefactory.bys.builder.ByChained.findElement(ByChained.java:74)
	at org.openqa.selenium.remote.RemoteWebDriver.findElement(RemoteWebDriver.java:315)
	at io.appium.java_client.DefaultGenericMobileDriver.findElement(DefaultGenericMobileDriver.java:58)
	at io.appium.java_client.AppiumDriver.findElement(AppiumDriver.java:1)
	at io.appium.java_client.android.AndroidDriver.findElement(AndroidDriver.java:1)
	at io.appium.java_client.pagefactory.bys.ContentMappedBy.findElement(ContentMappedBy.java:50)
	at org.openqa.selenium.remote.RemoteWebDriver.findElement(RemoteWebDriver.java:315)
	at io.appium.java_client.DefaultGenericMobileDriver.findElement(DefaultGenericMobileDriver.java:58)
	at io.appium.java_client.AppiumDriver.findElement(AppiumDriver.java:1)
	at io.appium.java_client.android.AndroidDriver.findElement(AndroidDriver.java:1)
	at io.appium.java_client.pagefactory.AppiumElementLocator.lambda$0(AppiumElementLocator.java:120)
	at io.appium.java_client.pagefactory.AppiumElementLocator$WaitingFunction.apply(AppiumElementLocator.java:172)
	at io.appium.java_client.pagefactory.AppiumElementLocator$WaitingFunction.apply(AppiumElementLocator.java:1)
	at org.openqa.selenium.support.ui.FluentWait.until(FluentWait.java:249)
	... 34 more
</pre></div></td>
<td>15</td>
<td>common.allowLocationPermissionTest2@17632c9</td></tr>
<tr>
<td title='common.allowLocationPermissionTest2.clcallowLocationbutton()'><b>clcallowLocationbutton</b><br>Test class: common.allowLocationPermissionTest2</td>
<td><div><pre>org.openqa.selenium.NoSuchElementException: Can&apos;t locate an element by this strategy: By.chained({By.id: com.eci.era:id/turnOnLocationTxt})
	at io.appium.java_client.pagefactory.AppiumElementLocator.findElement(AppiumElementLocator.java:126)
	at io.appium.java_client.pagefactory.interceptors.InterceptorOfASingleElement.intercept(InterceptorOfASingleElement.java:59)
	at io.appium.java_client.android.AndroidElement$$EnhancerByCGLIB$$b598166c.click(&lt;generated&gt;)
	at com.ERA.screens.allowLocationPermission.allowLocationbutton(allowLocationPermission.java:31)
	at common.allowLocationPermissionTest2.clcallowLocationbutton(allowLocationPermissionTest2.java:15)
	at java.util.ArrayList.forEach(ArrayList.java:1259)
Caused by: org.openqa.selenium.TimeoutException: Expected condition failed: waiting for io.appium.java_client.pagefactory.AppiumElementLocator$WaitingFunction@35151c (tried for 1 second(s) with 500 milliseconds interval)
	at org.openqa.selenium.support.ui.FluentWait.timeoutException(FluentWait.java:304)
	at org.openqa.selenium.support.ui.FluentWait.until(FluentWait.java:272)
	at io.appium.java_client.pagefactory.AppiumElementLocator.waitFor(AppiumElementLocator.java:99)
	at io.appium.java_client.pagefactory.AppiumElementLocator.findElement(AppiumElementLocator.java:119)
	... 32 more
Caused by: org.openqa.selenium.NoSuchElementException: Cannot locate an element using By.chained({By.id: com.eci.era:id/turnOnLocationTxt})
For documentation on this error, please visit: https://www.seleniumhq.org/exceptions/no_such_element.html
Build info: version: &apos;3.141.59&apos;, revision: &apos;e82be7d358&apos;, time: &apos;2018-11-14T08:17:03&apos;
System info: host: &apos;AS-40&apos;, ip: &apos;192.168.80.157&apos;, os.name: &apos;Windows 10&apos;, os.arch: &apos;x86&apos;, os.version: &apos;10.0&apos;, java.version: &apos;1.8.0_352-352&apos;
Driver info: driver.version: AndroidDriver
	at io.appium.java_client.pagefactory.bys.builder.ByChained.findElement(ByChained.java:74)
	at org.openqa.selenium.remote.RemoteWebDriver.findElement(RemoteWebDriver.java:315)
	at io.appium.java_client.DefaultGenericMobileDriver.findElement(DefaultGenericMobileDriver.java:58)
	at io.appium.java_client.AppiumDriver.findElement(AppiumDriver.java:1)
	at io.appium.java_client.android.AndroidDriver.findElement(AndroidDriver.java:1)
	at io.appium.java_client.pagefactory.bys.ContentMappedBy.findElement(ContentMappedBy.java:50)
	at org.openqa.selenium.remote.RemoteWebDriver.findElement(RemoteWebDriver.java:315)
	at io.appium.java_client.DefaultGenericMobileDriver.findElement(DefaultGenericMobileDriver.java:58)
	at io.appium.java_client.AppiumDriver.findElement(AppiumDriver.java:1)
	at io.appium.java_client.android.AndroidDriver.findElement(AndroidDriver.java:1)
	at io.appium.java_client.pagefactory.AppiumElementLocator.lambda$0(AppiumElementLocator.java:120)
	at io.appium.java_client.pagefactory.AppiumElementLocator$WaitingFunction.apply(AppiumElementLocator.java:172)
	at io.appium.java_client.pagefactory.AppiumElementLocator$WaitingFunction.apply(AppiumElementLocator.java:1)
	at org.openqa.selenium.support.ui.FluentWait.until(FluentWait.java:249)
	... 34 more
... Removed 27 stack frames</pre></div><a href='#' onClick='toggleBox("stack-trace30810273", this, "Click to show all stack frames", "Click to hide stack frames")'>Click to show all stack frames</a>
<div class='stack-trace' id='stack-trace30810273'><pre>org.openqa.selenium.NoSuchElementException: Can&apos;t locate an element by this strategy: By.chained({By.id: com.eci.era:id/turnOnLocationTxt})
	at io.appium.java_client.pagefactory.AppiumElementLocator.findElement(AppiumElementLocator.java:126)
	at io.appium.java_client.pagefactory.interceptors.InterceptorOfASingleElement.intercept(InterceptorOfASingleElement.java:59)
	at io.appium.java_client.android.AndroidElement$$EnhancerByCGLIB$$b598166c.click(&lt;generated&gt;)
	at com.ERA.screens.allowLocationPermission.allowLocationbutton(allowLocationPermission.java:31)
	at common.allowLocationPermissionTest2.clcallowLocationbutton(allowLocationPermissionTest2.java:15)
	at sun.reflect.NativeMethodAccessorImpl.invoke0(Native Method)
	at sun.reflect.NativeMethodAccessorImpl.invoke(NativeMethodAccessorImpl.java:62)
	at sun.reflect.DelegatingMethodAccessorImpl.invoke(DelegatingMethodAccessorImpl.java:43)
	at java.lang.reflect.Method.invoke(Method.java:498)
	at org.testng.internal.MethodInvocationHelper.invokeMethod(MethodInvocationHelper.java:133)
	at org.testng.internal.TestInvoker.invokeMethod(TestInvoker.java:598)
	at org.testng.internal.TestInvoker.invokeTestMethod(TestInvoker.java:173)
	at org.testng.internal.MethodRunner.runInSequence(MethodRunner.java:46)
	at org.testng.internal.TestInvoker$MethodInvocationAgent.invoke(TestInvoker.java:824)
	at org.testng.internal.TestInvoker.invokeTestMethods(TestInvoker.java:146)
	at org.testng.internal.TestMethodWorker.invokeTestMethods(TestMethodWorker.java:146)
	at org.testng.internal.TestMethodWorker.run(TestMethodWorker.java:128)
	at java.util.ArrayList.forEach(ArrayList.java:1259)
	at org.testng.TestRunner.privateRun(TestRunner.java:794)
	at org.testng.TestRunner.run(TestRunner.java:596)
	at org.testng.SuiteRunner.runTest(SuiteRunner.java:377)
	at org.testng.SuiteRunner.runSequentially(SuiteRunner.java:371)
	at org.testng.SuiteRunner.privateRun(SuiteRunner.java:332)
	at org.testng.SuiteRunner.run(SuiteRunner.java:276)
	at org.testng.SuiteRunnerWorker.runSuite(SuiteRunnerWorker.java:53)
	at org.testng.SuiteRunnerWorker.run(SuiteRunnerWorker.java:96)
	at org.testng.TestNG.runSuitesSequentially(TestNG.java:1212)
	at org.testng.TestNG.runSuitesLocally(TestNG.java:1134)
	at org.testng.TestNG.runSuites(TestNG.java:1063)
	at org.testng.TestNG.run(TestNG.java:1031)
	at org.testng.remote.AbstractRemoteTestNG.run(AbstractRemoteTestNG.java:115)
	at org.testng.remote.RemoteTestNG.initAndRun(RemoteTestNG.java:251)
	at org.testng.remote.RemoteTestNG.main(RemoteTestNG.java:77)
Caused by: org.openqa.selenium.TimeoutException: Expected condition failed: waiting for io.appium.java_client.pagefactory.AppiumElementLocator$WaitingFunction@35151c (tried for 1 second(s) with 500 milliseconds interval)
	at org.openqa.selenium.support.ui.FluentWait.timeoutException(FluentWait.java:304)
	at org.openqa.selenium.support.ui.FluentWait.until(FluentWait.java:272)
	at io.appium.java_client.pagefactory.AppiumElementLocator.waitFor(AppiumElementLocator.java:99)
	at io.appium.java_client.pagefactory.AppiumElementLocator.findElement(AppiumElementLocator.java:119)
	... 32 more
Caused by: org.openqa.selenium.NoSuchElementException: Cannot locate an element using By.chained({By.id: com.eci.era:id/turnOnLocationTxt})
For documentation on this error, please visit: https://www.seleniumhq.org/exceptions/no_such_element.html
Build info: version: &apos;3.141.59&apos;, revision: &apos;e82be7d358&apos;, time: &apos;2018-11-14T08:17:03&apos;
System info: host: &apos;AS-40&apos;, ip: &apos;192.168.80.157&apos;, os.name: &apos;Windows 10&apos;, os.arch: &apos;x86&apos;, os.version: &apos;10.0&apos;, java.version: &apos;1.8.0_352-352&apos;
Driver info: driver.version: AndroidDriver
	at io.appium.java_client.pagefactory.bys.builder.ByChained.findElement(ByChained.java:74)
	at org.openqa.selenium.remote.RemoteWebDriver.findElement(RemoteWebDriver.java:315)
	at io.appium.java_client.DefaultGenericMobileDriver.findElement(DefaultGenericMobileDriver.java:58)
	at io.appium.java_client.AppiumDriver.findElement(AppiumDriver.java:1)
	at io.appium.java_client.android.AndroidDriver.findElement(AndroidDriver.java:1)
	at io.appium.java_client.pagefactory.bys.ContentMappedBy.findElement(ContentMappedBy.java:50)
	at org.openqa.selenium.remote.RemoteWebDriver.findElement(RemoteWebDriver.java:315)
	at io.appium.java_client.DefaultGenericMobileDriver.findElement(DefaultGenericMobileDriver.java:58)
	at io.appium.java_client.AppiumDriver.findElement(AppiumDriver.java:1)
	at io.appium.java_client.android.AndroidDriver.findElement(AndroidDriver.java:1)
	at io.appium.java_client.pagefactory.AppiumElementLocator.lambda$0(AppiumElementLocator.java:120)
	at io.appium.java_client.pagefactory.AppiumElementLocator$WaitingFunction.apply(AppiumElementLocator.java:172)
	at io.appium.java_client.pagefactory.AppiumElementLocator$WaitingFunction.apply(AppiumElementLocator.java:1)
	at org.openqa.selenium.support.ui.FluentWait.until(FluentWait.java:249)
	... 34 more
</pre></div></td>
<td>15</td>
<td>common.allowLocationPermissionTest2@17632c9</td></tr>
<tr>
<td title='common.SubmittedRequestTest.ClickSubmittedRequest()'><b>ClickSubmittedRequest</b><br>Test class: common.SubmittedRequestTest</td>
<td><div><pre>org.openqa.selenium.NoSuchElementException: Can&apos;t locate an element by this strategy: By.chained({By.AndroidUIAutomator: new UiSelector().text(&quot;??????&quot;)})
	at io.appium.java_client.pagefactory.AppiumElementLocator.findElement(AppiumElementLocator.java:126)
	at io.appium.java_client.pagefactory.interceptors.InterceptorOfASingleElement.intercept(InterceptorOfASingleElement.java:59)
	at io.appium.java_client.android.AndroidElement$$EnhancerByCGLIB$$b598166c.click(&lt;generated&gt;)
	at com.ERA.screens.submittedRequestScreen.ClickSubmittedRequest(submittedRequestScreen.java:20)
	at common.SubmittedRequestTest.ClickSubmittedRequest(SubmittedRequestTest.java:16)
	at java.util.ArrayList.forEach(ArrayList.java:1259)
Caused by: org.openqa.selenium.TimeoutException: Expected condition failed: waiting for io.appium.java_client.pagefactory.AppiumElementLocator$WaitingFunction@17890ea (tried for 1 second(s) with 500 milliseconds interval)
	at org.openqa.selenium.support.ui.FluentWait.timeoutException(FluentWait.java:304)
	at org.openqa.selenium.support.ui.FluentWait.until(FluentWait.java:272)
	at io.appium.java_client.pagefactory.AppiumElementLocator.waitFor(AppiumElementLocator.java:99)
	at io.appium.java_client.pagefactory.AppiumElementLocator.findElement(AppiumElementLocator.java:119)
	... 32 more
Caused by: org.openqa.selenium.NoSuchElementException: Cannot locate an element using By.chained({By.AndroidUIAutomator: new UiSelector().text(&quot;??????&quot;)})
For documentation on this error, please visit: https://www.seleniumhq.org/exceptions/no_such_element.html
Build info: version: &apos;3.141.59&apos;, revision: &apos;e82be7d358&apos;, time: &apos;2018-11-14T08:17:03&apos;
System info: host: &apos;AS-40&apos;, ip: &apos;192.168.80.157&apos;, os.name: &apos;Windows 10&apos;, os.arch: &apos;x86&apos;, os.version: &apos;10.0&apos;, java.version: &apos;1.8.0_352-352&apos;
Driver info: driver.version: AndroidDriver
	at io.appium.java_client.pagefactory.bys.builder.ByChained.findElement(ByChained.java:74)
	at org.openqa.selenium.remote.RemoteWebDriver.findElement(RemoteWebDriver.java:315)
	at io.appium.java_client.DefaultGenericMobileDriver.findElement(DefaultGenericMobileDriver.java:58)
	at io.appium.java_client.AppiumDriver.findElement(AppiumDriver.java:1)
	at io.appium.java_client.android.AndroidDriver.findElement(AndroidDriver.java:1)
	at io.appium.java_client.pagefactory.bys.ContentMappedBy.findElement(ContentMappedBy.java:50)
	at org.openqa.selenium.remote.RemoteWebDriver.findElement(RemoteWebDriver.java:315)
	at io.appium.java_client.DefaultGenericMobileDriver.findElement(DefaultGenericMobileDriver.java:58)
	at io.appium.java_client.AppiumDriver.findElement(AppiumDriver.java:1)
	at io.appium.java_client.android.AndroidDriver.findElement(AndroidDriver.java:1)
	at io.appium.java_client.pagefactory.AppiumElementLocator.lambda$0(AppiumElementLocator.java:120)
	at io.appium.java_client.pagefactory.AppiumElementLocator$WaitingFunction.apply(AppiumElementLocator.java:172)
	at io.appium.java_client.pagefactory.AppiumElementLocator$WaitingFunction.apply(AppiumElementLocator.java:1)
	at org.openqa.selenium.support.ui.FluentWait.until(FluentWait.java:249)
	... 34 more
... Removed 27 stack frames</pre></div><a href='#' onClick='toggleBox("stack-trace2807266", this, "Click to show all stack frames", "Click to hide stack frames")'>Click to show all stack frames</a>
<div class='stack-trace' id='stack-trace2807266'><pre>org.openqa.selenium.NoSuchElementException: Can&apos;t locate an element by this strategy: By.chained({By.AndroidUIAutomator: new UiSelector().text(&quot;??????&quot;)})
	at io.appium.java_client.pagefactory.AppiumElementLocator.findElement(AppiumElementLocator.java:126)
	at io.appium.java_client.pagefactory.interceptors.InterceptorOfASingleElement.intercept(InterceptorOfASingleElement.java:59)
	at io.appium.java_client.android.AndroidElement$$EnhancerByCGLIB$$b598166c.click(&lt;generated&gt;)
	at com.ERA.screens.submittedRequestScreen.ClickSubmittedRequest(submittedRequestScreen.java:20)
	at common.SubmittedRequestTest.ClickSubmittedRequest(SubmittedRequestTest.java:16)
	at sun.reflect.NativeMethodAccessorImpl.invoke0(Native Method)
	at sun.reflect.NativeMethodAccessorImpl.invoke(NativeMethodAccessorImpl.java:62)
	at sun.reflect.DelegatingMethodAccessorImpl.invoke(DelegatingMethodAccessorImpl.java:43)
	at java.lang.reflect.Method.invoke(Method.java:498)
	at org.testng.internal.MethodInvocationHelper.invokeMethod(MethodInvocationHelper.java:133)
	at org.testng.internal.TestInvoker.invokeMethod(TestInvoker.java:598)
	at org.testng.internal.TestInvoker.invokeTestMethod(TestInvoker.java:173)
	at org.testng.internal.MethodRunner.runInSequence(MethodRunner.java:46)
	at org.testng.internal.TestInvoker$MethodInvocationAgent.invoke(TestInvoker.java:824)
	at org.testng.internal.TestInvoker.invokeTestMethods(TestInvoker.java:146)
	at org.testng.internal.TestMethodWorker.invokeTestMethods(TestMethodWorker.java:146)
	at org.testng.internal.TestMethodWorker.run(TestMethodWorker.java:128)
	at java.util.ArrayList.forEach(ArrayList.java:1259)
	at org.testng.TestRunner.privateRun(TestRunner.java:794)
	at org.testng.TestRunner.run(TestRunner.java:596)
	at org.testng.SuiteRunner.runTest(SuiteRunner.java:377)
	at org.testng.SuiteRunner.runSequentially(SuiteRunner.java:371)
	at org.testng.SuiteRunner.privateRun(SuiteRunner.java:332)
	at org.testng.SuiteRunner.run(SuiteRunner.java:276)
	at org.testng.SuiteRunnerWorker.runSuite(SuiteRunnerWorker.java:53)
	at org.testng.SuiteRunnerWorker.run(SuiteRunnerWorker.java:96)
	at org.testng.TestNG.runSuitesSequentially(TestNG.java:1212)
	at org.testng.TestNG.runSuitesLocally(TestNG.java:1134)
	at org.testng.TestNG.runSuites(TestNG.java:1063)
	at org.testng.TestNG.run(TestNG.java:1031)
	at org.testng.remote.AbstractRemoteTestNG.run(AbstractRemoteTestNG.java:115)
	at org.testng.remote.RemoteTestNG.initAndRun(RemoteTestNG.java:251)
	at org.testng.remote.RemoteTestNG.main(RemoteTestNG.java:77)
Caused by: org.openqa.selenium.TimeoutException: Expected condition failed: waiting for io.appium.java_client.pagefactory.AppiumElementLocator$WaitingFunction@17890ea (tried for 1 second(s) with 500 milliseconds interval)
	at org.openqa.selenium.support.ui.FluentWait.timeoutException(FluentWait.java:304)
	at org.openqa.selenium.support.ui.FluentWait.until(FluentWait.java:272)
	at io.appium.java_client.pagefactory.AppiumElementLocator.waitFor(AppiumElementLocator.java:99)
	at io.appium.java_client.pagefactory.AppiumElementLocator.findElement(AppiumElementLocator.java:119)
	... 32 more
Caused by: org.openqa.selenium.NoSuchElementException: Cannot locate an element using By.chained({By.AndroidUIAutomator: new UiSelector().text(&quot;??????&quot;)})
For documentation on this error, please visit: https://www.seleniumhq.org/exceptions/no_such_element.html
Build info: version: &apos;3.141.59&apos;, revision: &apos;e82be7d358&apos;, time: &apos;2018-11-14T08:17:03&apos;
System info: host: &apos;AS-40&apos;, ip: &apos;192.168.80.157&apos;, os.name: &apos;Windows 10&apos;, os.arch: &apos;x86&apos;, os.version: &apos;10.0&apos;, java.version: &apos;1.8.0_352-352&apos;
Driver info: driver.version: AndroidDriver
	at io.appium.java_client.pagefactory.bys.builder.ByChained.findElement(ByChained.java:74)
	at org.openqa.selenium.remote.RemoteWebDriver.findElement(RemoteWebDriver.java:315)
	at io.appium.java_client.DefaultGenericMobileDriver.findElement(DefaultGenericMobileDriver.java:58)
	at io.appium.java_client.AppiumDriver.findElement(AppiumDriver.java:1)
	at io.appium.java_client.android.AndroidDriver.findElement(AndroidDriver.java:1)
	at io.appium.java_client.pagefactory.bys.ContentMappedBy.findElement(ContentMappedBy.java:50)
	at org.openqa.selenium.remote.RemoteWebDriver.findElement(RemoteWebDriver.java:315)
	at io.appium.java_client.DefaultGenericMobileDriver.findElement(DefaultGenericMobileDriver.java:58)
	at io.appium.java_client.AppiumDriver.findElement(AppiumDriver.java:1)
	at io.appium.java_client.android.AndroidDriver.findElement(AndroidDriver.java:1)
	at io.appium.java_client.pagefactory.AppiumElementLocator.lambda$0(AppiumElementLocator.java:120)
	at io.appium.java_client.pagefactory.AppiumElementLocator$WaitingFunction.apply(AppiumElementLocator.java:172)
	at io.appium.java_client.pagefactory.AppiumElementLocator$WaitingFunction.apply(AppiumElementLocator.java:1)
	at org.openqa.selenium.support.ui.FluentWait.until(FluentWait.java:249)
	... 34 more
</pre></div></td>
<td>21</td>
<td>common.SubmittedRequestTest@5f1e4e</td></tr>
<tr>
<td title='DubaiPoliceAccount.CompleteVehicleDataInfoTest.clcikcompletebuttonTest()'><b>clcikcompletebuttonTest</b><br>Test class: DubaiPoliceAccount.CompleteVehicleDataInfoTest</td>
<td><div><pre>org.openqa.selenium.NoSuchElementException: Can&apos;t locate an element by this strategy: By.chained({By.id: com.eci.era:id/addVehicleInfoBtn})
	at io.appium.java_client.pagefactory.AppiumElementLocator.findElement(AppiumElementLocator.java:126)
	at io.appium.java_client.pagefactory.interceptors.InterceptorOfASingleElement.intercept(InterceptorOfASingleElement.java:59)
	at io.appium.java_client.android.AndroidElement$$EnhancerByCGLIB$$b598166c.click(&lt;generated&gt;)
	at com.ERA.screens.CompleteVehicleDataScreen.clcikcompletebutton(CompleteVehicleDataScreen.java:27)
	at DubaiPoliceAccount.CompleteVehicleDataInfoTest.clcikcompletebuttonTest(CompleteVehicleDataInfoTest.java:18)
	at java.util.ArrayList.forEach(ArrayList.java:1259)
Caused by: org.openqa.selenium.TimeoutException: Expected condition failed: waiting for io.appium.java_client.pagefactory.AppiumElementLocator$WaitingFunction@16a3d6b (tried for 1 second(s) with 500 milliseconds interval)
	at org.openqa.selenium.support.ui.FluentWait.timeoutException(FluentWait.java:304)
	at org.openqa.selenium.support.ui.FluentWait.until(FluentWait.java:272)
	at io.appium.java_client.pagefactory.AppiumElementLocator.waitFor(AppiumElementLocator.java:99)
	at io.appium.java_client.pagefactory.AppiumElementLocator.findElement(AppiumElementLocator.java:119)
	... 32 more
Caused by: org.openqa.selenium.NoSuchElementException: Cannot locate an element using By.chained({By.id: com.eci.era:id/addVehicleInfoBtn})
For documentation on this error, please visit: https://www.seleniumhq.org/exceptions/no_such_element.html
Build info: version: &apos;3.141.59&apos;, revision: &apos;e82be7d358&apos;, time: &apos;2018-11-14T08:17:03&apos;
System info: host: &apos;AS-40&apos;, ip: &apos;192.168.80.157&apos;, os.name: &apos;Windows 10&apos;, os.arch: &apos;x86&apos;, os.version: &apos;10.0&apos;, java.version: &apos;1.8.0_352-352&apos;
Driver info: driver.version: AndroidDriver
	at io.appium.java_client.pagefactory.bys.builder.ByChained.findElement(ByChained.java:74)
	at org.openqa.selenium.remote.RemoteWebDriver.findElement(RemoteWebDriver.java:315)
	at io.appium.java_client.DefaultGenericMobileDriver.findElement(DefaultGenericMobileDriver.java:58)
	at io.appium.java_client.AppiumDriver.findElement(AppiumDriver.java:1)
	at io.appium.java_client.android.AndroidDriver.findElement(AndroidDriver.java:1)
	at io.appium.java_client.pagefactory.bys.ContentMappedBy.findElement(ContentMappedBy.java:50)
	at org.openqa.selenium.remote.RemoteWebDriver.findElement(RemoteWebDriver.java:315)
	at io.appium.java_client.DefaultGenericMobileDriver.findElement(DefaultGenericMobileDriver.java:58)
	at io.appium.java_client.AppiumDriver.findElement(AppiumDriver.java:1)
	at io.appium.java_client.android.AndroidDriver.findElement(AndroidDriver.java:1)
	at io.appium.java_client.pagefactory.AppiumElementLocator.lambda$0(AppiumElementLocator.java:120)
	at io.appium.java_client.pagefactory.AppiumElementLocator$WaitingFunction.apply(AppiumElementLocator.java:172)
	at io.appium.java_client.pagefactory.AppiumElementLocator$WaitingFunction.apply(AppiumElementLocator.java:1)
	at org.openqa.selenium.support.ui.FluentWait.until(FluentWait.java:249)
	... 34 more
... Removed 27 stack frames</pre></div><a href='#' onClick='toggleBox("stack-trace18420258", this, "Click to show all stack frames", "Click to hide stack frames")'>Click to show all stack frames</a>
<div class='stack-trace' id='stack-trace18420258'><pre>org.openqa.selenium.NoSuchElementException: Can&apos;t locate an element by this strategy: By.chained({By.id: com.eci.era:id/addVehicleInfoBtn})
	at io.appium.java_client.pagefactory.AppiumElementLocator.findElement(AppiumElementLocator.java:126)
	at io.appium.java_client.pagefactory.interceptors.InterceptorOfASingleElement.intercept(InterceptorOfASingleElement.java:59)
	at io.appium.java_client.android.AndroidElement$$EnhancerByCGLIB$$b598166c.click(&lt;generated&gt;)
	at com.ERA.screens.CompleteVehicleDataScreen.clcikcompletebutton(CompleteVehicleDataScreen.java:27)
	at DubaiPoliceAccount.CompleteVehicleDataInfoTest.clcikcompletebuttonTest(CompleteVehicleDataInfoTest.java:18)
	at sun.reflect.NativeMethodAccessorImpl.invoke0(Native Method)
	at sun.reflect.NativeMethodAccessorImpl.invoke(NativeMethodAccessorImpl.java:62)
	at sun.reflect.DelegatingMethodAccessorImpl.invoke(DelegatingMethodAccessorImpl.java:43)
	at java.lang.reflect.Method.invoke(Method.java:498)
	at org.testng.internal.MethodInvocationHelper.invokeMethod(MethodInvocationHelper.java:133)
	at org.testng.internal.TestInvoker.invokeMethod(TestInvoker.java:598)
	at org.testng.internal.TestInvoker.invokeTestMethod(TestInvoker.java:173)
	at org.testng.internal.MethodRunner.runInSequence(MethodRunner.java:46)
	at org.testng.internal.TestInvoker$MethodInvocationAgent.invoke(TestInvoker.java:824)
	at org.testng.internal.TestInvoker.invokeTestMethods(TestInvoker.java:146)
	at org.testng.internal.TestMethodWorker.invokeTestMethods(TestMethodWorker.java:146)
	at org.testng.internal.TestMethodWorker.run(TestMethodWorker.java:128)
	at java.util.ArrayList.forEach(ArrayList.java:1259)
	at org.testng.TestRunner.privateRun(TestRunner.java:794)
	at org.testng.TestRunner.run(TestRunner.java:596)
	at org.testng.SuiteRunner.runTest(SuiteRunner.java:377)
	at org.testng.SuiteRunner.runSequentially(SuiteRunner.java:371)
	at org.testng.SuiteRunner.privateRun(SuiteRunner.java:332)
	at org.testng.SuiteRunner.run(SuiteRunner.java:276)
	at org.testng.SuiteRunnerWorker.runSuite(SuiteRunnerWorker.java:53)
	at org.testng.SuiteRunnerWorker.run(SuiteRunnerWorker.java:96)
	at org.testng.TestNG.runSuitesSequentially(TestNG.java:1212)
	at org.testng.TestNG.runSuitesLocally(TestNG.java:1134)
	at org.testng.TestNG.runSuites(TestNG.java:1063)
	at org.testng.TestNG.run(TestNG.java:1031)
	at org.testng.remote.AbstractRemoteTestNG.run(AbstractRemoteTestNG.java:115)
	at org.testng.remote.RemoteTestNG.initAndRun(RemoteTestNG.java:251)
	at org.testng.remote.RemoteTestNG.main(RemoteTestNG.java:77)
Caused by: org.openqa.selenium.TimeoutException: Expected condition failed: waiting for io.appium.java_client.pagefactory.AppiumElementLocator$WaitingFunction@16a3d6b (tried for 1 second(s) with 500 milliseconds interval)
	at org.openqa.selenium.support.ui.FluentWait.timeoutException(FluentWait.java:304)
	at org.openqa.selenium.support.ui.FluentWait.until(FluentWait.java:272)
	at io.appium.java_client.pagefactory.AppiumElementLocator.waitFor(AppiumElementLocator.java:99)
	at io.appium.java_client.pagefactory.AppiumElementLocator.findElement(AppiumElementLocator.java:119)
	... 32 more
Caused by: org.openqa.selenium.NoSuchElementException: Cannot locate an element using By.chained({By.id: com.eci.era:id/addVehicleInfoBtn})
For documentation on this error, please visit: https://www.seleniumhq.org/exceptions/no_such_element.html
Build info: version: &apos;3.141.59&apos;, revision: &apos;e82be7d358&apos;, time: &apos;2018-11-14T08:17:03&apos;
System info: host: &apos;AS-40&apos;, ip: &apos;192.168.80.157&apos;, os.name: &apos;Windows 10&apos;, os.arch: &apos;x86&apos;, os.version: &apos;10.0&apos;, java.version: &apos;1.8.0_352-352&apos;
Driver info: driver.version: AndroidDriver
	at io.appium.java_client.pagefactory.bys.builder.ByChained.findElement(ByChained.java:74)
	at org.openqa.selenium.remote.RemoteWebDriver.findElement(RemoteWebDriver.java:315)
	at io.appium.java_client.DefaultGenericMobileDriver.findElement(DefaultGenericMobileDriver.java:58)
	at io.appium.java_client.AppiumDriver.findElement(AppiumDriver.java:1)
	at io.appium.java_client.android.AndroidDriver.findElement(AndroidDriver.java:1)
	at io.appium.java_client.pagefactory.bys.ContentMappedBy.findElement(ContentMappedBy.java:50)
	at org.openqa.selenium.remote.RemoteWebDriver.findElement(RemoteWebDriver.java:315)
	at io.appium.java_client.DefaultGenericMobileDriver.findElement(DefaultGenericMobileDriver.java:58)
	at io.appium.java_client.AppiumDriver.findElement(AppiumDriver.java:1)
	at io.appium.java_client.android.AndroidDriver.findElement(AndroidDriver.java:1)
	at io.appium.java_client.pagefactory.AppiumElementLocator.lambda$0(AppiumElementLocator.java:120)
	at io.appium.java_client.pagefactory.AppiumElementLocator$WaitingFunction.apply(AppiumElementLocator.java:172)
	at io.appium.java_client.pagefactory.AppiumElementLocator$WaitingFunction.apply(AppiumElementLocator.java:1)
	at org.openqa.selenium.support.ui.FluentWait.until(FluentWait.java:249)
	... 34 more
</pre></div></td>
<td>15</td>
<td>DubaiPoliceAccount.CompleteVehicleDataInfoTest@aa2946</td></tr>
<tr>
<td title='common.MenuTest.ClickMenu()'><b>ClickMenu</b><br>Test class: common.MenuTest</td>
<td><div><pre>org.openqa.selenium.NoSuchElementException: Can&apos;t locate an element by this strategy: By.chained({By.id: com.eci.era:id/btnMenu})
	at io.appium.java_client.pagefactory.AppiumElementLocator.findElement(AppiumElementLocator.java:126)
	at io.appium.java_client.pagefactory.interceptors.InterceptorOfASingleElement.intercept(InterceptorOfASingleElement.java:59)
	at io.appium.java_client.android.AndroidElement$$EnhancerByCGLIB$$b598166c.click(&lt;generated&gt;)
	at com.ERA.screens.MenuScreen.ClickMenuIcon(MenuScreen.java:15)
	at common.MenuTest.ClickMenu(MenuTest.java:21)
	at java.util.ArrayList.forEach(ArrayList.java:1259)
Caused by: org.openqa.selenium.TimeoutException: Expected condition failed: waiting for io.appium.java_client.pagefactory.AppiumElementLocator$WaitingFunction@5ae15 (tried for 1 second(s) with 500 milliseconds interval)
	at org.openqa.selenium.support.ui.FluentWait.timeoutException(FluentWait.java:304)
	at org.openqa.selenium.support.ui.FluentWait.until(FluentWait.java:272)
	at io.appium.java_client.pagefactory.AppiumElementLocator.waitFor(AppiumElementLocator.java:99)
	at io.appium.java_client.pagefactory.AppiumElementLocator.findElement(AppiumElementLocator.java:119)
	... 32 more
Caused by: org.openqa.selenium.NoSuchElementException: Cannot locate an element using By.chained({By.id: com.eci.era:id/btnMenu})
For documentation on this error, please visit: https://www.seleniumhq.org/exceptions/no_such_element.html
Build info: version: &apos;3.141.59&apos;, revision: &apos;e82be7d358&apos;, time: &apos;2018-11-14T08:17:03&apos;
System info: host: &apos;AS-40&apos;, ip: &apos;192.168.80.157&apos;, os.name: &apos;Windows 10&apos;, os.arch: &apos;x86&apos;, os.version: &apos;10.0&apos;, java.version: &apos;1.8.0_352-352&apos;
Driver info: driver.version: AndroidDriver
	at io.appium.java_client.pagefactory.bys.builder.ByChained.findElement(ByChained.java:74)
	at org.openqa.selenium.remote.RemoteWebDriver.findElement(RemoteWebDriver.java:315)
	at io.appium.java_client.DefaultGenericMobileDriver.findElement(DefaultGenericMobileDriver.java:58)
	at io.appium.java_client.AppiumDriver.findElement(AppiumDriver.java:1)
	at io.appium.java_client.android.AndroidDriver.findElement(AndroidDriver.java:1)
	at io.appium.java_client.pagefactory.bys.ContentMappedBy.findElement(ContentMappedBy.java:50)
	at org.openqa.selenium.remote.RemoteWebDriver.findElement(RemoteWebDriver.java:315)
	at io.appium.java_client.DefaultGenericMobileDriver.findElement(DefaultGenericMobileDriver.java:58)
	at io.appium.java_client.AppiumDriver.findElement(AppiumDriver.java:1)
	at io.appium.java_client.android.AndroidDriver.findElement(AndroidDriver.java:1)
	at io.appium.java_client.pagefactory.AppiumElementLocator.lambda$0(AppiumElementLocator.java:120)
	at io.appium.java_client.pagefactory.AppiumElementLocator$WaitingFunction.apply(AppiumElementLocator.java:172)
	at io.appium.java_client.pagefactory.AppiumElementLocator$WaitingFunction.apply(AppiumElementLocator.java:1)
	at org.openqa.selenium.support.ui.FluentWait.until(FluentWait.java:249)
	... 34 more
... Removed 27 stack frames</pre></div><a href='#' onClick='toggleBox("stack-trace17535924", this, "Click to show all stack frames", "Click to hide stack frames")'>Click to show all stack frames</a>
<div class='stack-trace' id='stack-trace17535924'><pre>org.openqa.selenium.NoSuchElementException: Can&apos;t locate an element by this strategy: By.chained({By.id: com.eci.era:id/btnMenu})
	at io.appium.java_client.pagefactory.AppiumElementLocator.findElement(AppiumElementLocator.java:126)
	at io.appium.java_client.pagefactory.interceptors.InterceptorOfASingleElement.intercept(InterceptorOfASingleElement.java:59)
	at io.appium.java_client.android.AndroidElement$$EnhancerByCGLIB$$b598166c.click(&lt;generated&gt;)
	at com.ERA.screens.MenuScreen.ClickMenuIcon(MenuScreen.java:15)
	at common.MenuTest.ClickMenu(MenuTest.java:21)
	at sun.reflect.NativeMethodAccessorImpl.invoke0(Native Method)
	at sun.reflect.NativeMethodAccessorImpl.invoke(NativeMethodAccessorImpl.java:62)
	at sun.reflect.DelegatingMethodAccessorImpl.invoke(DelegatingMethodAccessorImpl.java:43)
	at java.lang.reflect.Method.invoke(Method.java:498)
	at org.testng.internal.MethodInvocationHelper.invokeMethod(MethodInvocationHelper.java:133)
	at org.testng.internal.TestInvoker.invokeMethod(TestInvoker.java:598)
	at org.testng.internal.TestInvoker.invokeTestMethod(TestInvoker.java:173)
	at org.testng.internal.MethodRunner.runInSequence(MethodRunner.java:46)
	at org.testng.internal.TestInvoker$MethodInvocationAgent.invoke(TestInvoker.java:824)
	at org.testng.internal.TestInvoker.invokeTestMethods(TestInvoker.java:146)
	at org.testng.internal.TestMethodWorker.invokeTestMethods(TestMethodWorker.java:146)
	at org.testng.internal.TestMethodWorker.run(TestMethodWorker.java:128)
	at java.util.ArrayList.forEach(ArrayList.java:1259)
	at org.testng.TestRunner.privateRun(TestRunner.java:794)
	at org.testng.TestRunner.run(TestRunner.java:596)
	at org.testng.SuiteRunner.runTest(SuiteRunner.java:377)
	at org.testng.SuiteRunner.runSequentially(SuiteRunner.java:371)
	at org.testng.SuiteRunner.privateRun(SuiteRunner.java:332)
	at org.testng.SuiteRunner.run(SuiteRunner.java:276)
	at org.testng.SuiteRunnerWorker.runSuite(SuiteRunnerWorker.java:53)
	at org.testng.SuiteRunnerWorker.run(SuiteRunnerWorker.java:96)
	at org.testng.TestNG.runSuitesSequentially(TestNG.java:1212)
	at org.testng.TestNG.runSuitesLocally(TestNG.java:1134)
	at org.testng.TestNG.runSuites(TestNG.java:1063)
	at org.testng.TestNG.run(TestNG.java:1031)
	at org.testng.remote.AbstractRemoteTestNG.run(AbstractRemoteTestNG.java:115)
	at org.testng.remote.RemoteTestNG.initAndRun(RemoteTestNG.java:251)
	at org.testng.remote.RemoteTestNG.main(RemoteTestNG.java:77)
Caused by: org.openqa.selenium.TimeoutException: Expected condition failed: waiting for io.appium.java_client.pagefactory.AppiumElementLocator$WaitingFunction@5ae15 (tried for 1 second(s) with 500 milliseconds interval)
	at org.openqa.selenium.support.ui.FluentWait.timeoutException(FluentWait.java:304)
	at org.openqa.selenium.support.ui.FluentWait.until(FluentWait.java:272)
	at io.appium.java_client.pagefactory.AppiumElementLocator.waitFor(AppiumElementLocator.java:99)
	at io.appium.java_client.pagefactory.AppiumElementLocator.findElement(AppiumElementLocator.java:119)
	... 32 more
Caused by: org.openqa.selenium.NoSuchElementException: Cannot locate an element using By.chained({By.id: com.eci.era:id/btnMenu})
For documentation on this error, please visit: https://www.seleniumhq.org/exceptions/no_such_element.html
Build info: version: &apos;3.141.59&apos;, revision: &apos;e82be7d358&apos;, time: &apos;2018-11-14T08:17:03&apos;
System info: host: &apos;AS-40&apos;, ip: &apos;192.168.80.157&apos;, os.name: &apos;Windows 10&apos;, os.arch: &apos;x86&apos;, os.version: &apos;10.0&apos;, java.version: &apos;1.8.0_352-352&apos;
Driver info: driver.version: AndroidDriver
	at io.appium.java_client.pagefactory.bys.builder.ByChained.findElement(ByChained.java:74)
	at org.openqa.selenium.remote.RemoteWebDriver.findElement(RemoteWebDriver.java:315)
	at io.appium.java_client.DefaultGenericMobileDriver.findElement(DefaultGenericMobileDriver.java:58)
	at io.appium.java_client.AppiumDriver.findElement(AppiumDriver.java:1)
	at io.appium.java_client.android.AndroidDriver.findElement(AndroidDriver.java:1)
	at io.appium.java_client.pagefactory.bys.ContentMappedBy.findElement(ContentMappedBy.java:50)
	at org.openqa.selenium.remote.RemoteWebDriver.findElement(RemoteWebDriver.java:315)
	at io.appium.java_client.DefaultGenericMobileDriver.findElement(DefaultGenericMobileDriver.java:58)
	at io.appium.java_client.AppiumDriver.findElement(AppiumDriver.java:1)
	at io.appium.java_client.android.AndroidDriver.findElement(AndroidDriver.java:1)
	at io.appium.java_client.pagefactory.AppiumElementLocator.lambda$0(AppiumElementLocator.java:120)
	at io.appium.java_client.pagefactory.AppiumElementLocator$WaitingFunction.apply(AppiumElementLocator.java:172)
	at io.appium.java_client.pagefactory.AppiumElementLocator$WaitingFunction.apply(AppiumElementLocator.java:1)
	at org.openqa.selenium.support.ui.FluentWait.until(FluentWait.java:249)
	... 34 more
</pre></div></td>
<td>20</td>
<td>common.MenuTest@15710fc</td></tr>
</table><p>
<table width='100%' border='1' class='invocation-passed'>
<tr><td colspan='4' align='center'><b>PASSED TESTS</b></td></tr>
<tr><td><b>Test method</b></td>
<td width="30%"><b>Exception</b></td>
<td width="10%"><b>Time (seconds)</b></td>
<td><b>Instance</b></td>
</tr>
<tr>
<td title='DubaiPoliceAccount.CaptureVehicleImageTest.ClicktakeImage2()'><b>ClicktakeImage2</b><br>Test class: DubaiPoliceAccount.CaptureVehicleImageTest</td>
<td></td>
<td>0</td>
<td>DubaiPoliceAccount.CaptureVehicleImageTest@1e5031f</td></tr>
<tr>
<td title='DubaiPoliceAccount.ImpoundDataTest.AddNoteTest()'><b>AddNoteTest</b><br>Test class: DubaiPoliceAccount.ImpoundDataTest<br>Parameters: EDAH6666888, Amira Kamal, 011156612121, 656596, 8787, court, Reason, 667, adding notes in General , Adding Custody Notes In custody</td>
<td></td>
<td>0</td>
<td>DubaiPoliceAccount.ImpoundDataTest@1f45fa1</td></tr>
<tr>
<td title='DubaiPoliceAccount.PlatedataTest.ClickEmirateListItemTest2()'><b>ClickEmirateListItemTest2</b><br>Test class: DubaiPoliceAccount.PlatedataTest</td>
<td></td>
<td>0</td>
<td>DubaiPoliceAccount.PlatedataTest@9b3632</td></tr>
<tr>
<td title='DubaiPoliceAccount.CaptureVehicleImageTest.cameraTakeImage3()'><b>cameraTakeImage3</b><br>Test class: DubaiPoliceAccount.CaptureVehicleImageTest</td>
<td></td>
<td>0</td>
<td>DubaiPoliceAccount.CaptureVehicleImageTest@1e5031f</td></tr>
<tr>
<td title='DubaiPoliceAccount.OwnerDataTest.AddLicenceNumberTest()'><b>AddLicenceNumberTest</b><br>Test class: DubaiPoliceAccount.OwnerDataTest<br>Parameters: EDAH6666888, Amira Kamal, 011156612121, 656596, 8787, court, Reason, 667, adding notes in General , Adding Custody Notes In custody</td>
<td></td>
<td>0</td>
<td>DubaiPoliceAccount.OwnerDataTest@a263c2</td></tr>
<tr>
<td title='DubaiPoliceAccount.OwnerDataTest.Clcikcalenderday()'><b>Clcikcalenderday</b><br>Test class: DubaiPoliceAccount.OwnerDataTest</td>
<td></td>
<td>1</td>
<td>DubaiPoliceAccount.OwnerDataTest@a263c2</td></tr>
<tr>
<td title='DubaiPoliceAccount.DropOffTest.confirmdropOff()'><b>confirmdropOff</b><br>Test class: DubaiPoliceAccount.DropOffTest</td>
<td></td>
<td>0</td>
<td>DubaiPoliceAccount.DropOffTest@c87930</td></tr>
<tr>
<td title='DubaiPoliceAccount.CaptureVehicleImageTest.cameraTakeImage()'><b>cameraTakeImage</b><br>Test class: DubaiPoliceAccount.CaptureVehicleImageTest</td>
<td></td>
<td>1</td>
<td>DubaiPoliceAccount.CaptureVehicleImageTest@1e5031f</td></tr>
<tr>
<td title='DubaiPoliceAccount.PlatedataTest.ClickEmirateListItemTest()'><b>ClickEmirateListItemTest</b><br>Test class: DubaiPoliceAccount.PlatedataTest</td>
<td></td>
<td>0</td>
<td>DubaiPoliceAccount.PlatedataTest@9b3632</td></tr>
<tr>
<td title='DubaiPoliceAccount.CaptureVehicleImageTest.ClicktakeImage()'><b>ClicktakeImage</b><br>Test class: DubaiPoliceAccount.CaptureVehicleImageTest</td>
<td></td>
<td>0</td>
<td>DubaiPoliceAccount.CaptureVehicleImageTest@1e5031f</td></tr>
<tr>
<td title='DubaiPoliceAccount.PlatedataTest.SwitchToggleOffTest()'><b>SwitchToggleOffTest</b><br>Test class: DubaiPoliceAccount.PlatedataTest</td>
<td></td>
<td>0</td>
<td>DubaiPoliceAccount.PlatedataTest@9b3632</td></tr>
<tr>
<td title='DubaiPoliceAccount.VehicleMakeAndModelTest.dragsheetTest()'><b>dragsheetTest</b><br>Test class: DubaiPoliceAccount.VehicleMakeAndModelTest</td>
<td></td>
<td>1</td>
<td>DubaiPoliceAccount.VehicleMakeAndModelTest@1e2d983</td></tr>
<tr>
<td title='common.FristItemCompleteTest.completeVehData()'><b>completeVehData</b><br>Test class: common.FristItemCompleteTest</td>
<td></td>
<td>0</td>
<td>common.FristItemCompleteTest@1f9eccc</td></tr>
<tr>
<td title='DubaiPoliceAccount.OwnerDataTest.AddOwnerMobileNumberTest()'><b>AddOwnerMobileNumberTest</b><br>Test class: DubaiPoliceAccount.OwnerDataTest<br>Parameters: EDAH6666888, Amira Kamal, 011156612121, 656596, 8787, court, Reason, 667, adding notes in General , Adding Custody Notes In custody</td>
<td></td>
<td>0</td>
<td>DubaiPoliceAccount.OwnerDataTest@a263c2</td></tr>
<tr>
<td title='DubaiPoliceAccount.ImageHappyPathTest.ConfirmImagebutton()'><b>ConfirmImagebutton</b><br>Test class: DubaiPoliceAccount.ImageHappyPathTest</td>
<td></td>
<td>0</td>
<td>DubaiPoliceAccount.ImageHappyPathTest@1040f2f</td></tr>
<tr>
<td title='login.ClickloginbuttonfromHomescreenTest.addPoliceMobileNumber()'><b>addPoliceMobileNumber</b><br>Test class: login.ClickloginbuttonfromHomescreenTest<br>Parameters: Amiraaa, 1117777777, 4588, Department1, 21244415, 34343434, AA</td>
<td></td>
<td>0</td>
<td>login.ClickloginbuttonfromHomescreenTest@f0f1be</td></tr>
<tr>
<td title='DubaiPoliceAccount.ImpoundDataTest.AddCaseNumberTest()'><b>AddCaseNumberTest</b><br>Test class: DubaiPoliceAccount.ImpoundDataTest<br>Parameters: EDAH6666888, Amira Kamal, 011156612121, 656596, 8787, court, Reason, 667, adding notes in General , Adding Custody Notes In custody</td>
<td></td>
<td>0</td>
<td>DubaiPoliceAccount.ImpoundDataTest@1f45fa1</td></tr>
<tr>
<td title='DubaiPoliceAccount.ImpoundDataTest.SwitchCustodyToggleONTest()'><b>SwitchCustodyToggleONTest</b><br>Test class: DubaiPoliceAccount.ImpoundDataTest</td>
<td></td>
<td>0</td>
<td>DubaiPoliceAccount.ImpoundDataTest@1f45fa1</td></tr>
<tr>
<td title='DubaiPoliceAccount.SelectHasKeyTest.HasKeyTest()'><b>HasKeyTest</b><br>Test class: DubaiPoliceAccount.SelectHasKeyTest</td>
<td></td>
<td>0</td>
<td>DubaiPoliceAccount.SelectHasKeyTest@1f69090</td></tr>
<tr>
<td title='DubaiPoliceAccount.DownloadAndShareTest.ClickDownloadTest()'><b>ClickDownloadTest</b><br>Test class: DubaiPoliceAccount.DownloadAndShareTest</td>
<td></td>
<td>2</td>
<td>DubaiPoliceAccount.DownloadAndShareTest@6e276e</td></tr>
<tr>
<td title='DubaiPoliceAccount.DubaiPoliceTest.confirmlocation()'><b>confirmlocation</b><br>Test class: DubaiPoliceAccount.DubaiPoliceTest</td>
<td></td>
<td>12</td>
<td>DubaiPoliceAccount.DubaiPoliceTest@e12bac</td></tr>
<tr>
<td title='DubaiPoliceAccount.CaptureVehicleImageTest.clcikContentImage()'><b>clcikContentImage</b><br>Test class: DubaiPoliceAccount.CaptureVehicleImageTest</td>
<td></td>
<td>0</td>
<td>DubaiPoliceAccount.CaptureVehicleImageTest@1e5031f</td></tr>
<tr>
<td title='login.ClickloginbuttonfromHomescreenTest.clickContinue()'><b>clickContinue</b><br>Test class: login.ClickloginbuttonfromHomescreenTest</td>
<td></td>
<td>0</td>
<td>login.ClickloginbuttonfromHomescreenTest@f0f1be</td></tr>
<tr>
<td title='DubaiPoliceAccount.PlatedataTest.ClickCodeListTest()'><b>ClickCodeListTest</b><br>Test class: DubaiPoliceAccount.PlatedataTest</td>
<td></td>
<td>0</td>
<td>DubaiPoliceAccount.PlatedataTest@9b3632</td></tr>
<tr>
<td title='DubaiPoliceAccount.PlatedataTest.AddPlateNumberTest2()'><b>AddPlateNumberTest2</b><br>Test class: DubaiPoliceAccount.PlatedataTest<br>Parameters: EDAH6666888, Amira Kamal, 011156612121, 656596, 8787, court, Reason, 667, adding notes in General , Adding Custody Notes In custody</td>
<td></td>
<td>0</td>
<td>DubaiPoliceAccount.PlatedataTest@9b3632</td></tr>
<tr>
<td title='DubaiPoliceAccount.ImpoundDataTest.AddReasonsTest()'><b>AddReasonsTest</b><br>Test class: DubaiPoliceAccount.ImpoundDataTest<br>Parameters: EDAH6666888, Amira Kamal, 011156612121, 656596, 8787, court, Reason, 667, adding notes in General , Adding Custody Notes In custody</td>
<td></td>
<td>0</td>
<td>DubaiPoliceAccount.ImpoundDataTest@1f45fa1</td></tr>
<tr>
<td title='DubaiPoliceAccount.VehicleMakeAndModelTest.SelectModelItemTest()'><b>SelectModelItemTest</b><br>Test class: DubaiPoliceAccount.VehicleMakeAndModelTest</td>
<td></td>
<td>0</td>
<td>DubaiPoliceAccount.VehicleMakeAndModelTest@1e2d983</td></tr>
<tr>
<td title='DubaiPoliceAccount.SummeryHappyPathTest.confirmSummery()'><b>confirmSummery</b><br>Test class: DubaiPoliceAccount.SummeryHappyPathTest</td>
<td></td>
<td>15</td>
<td>DubaiPoliceAccount.SummeryHappyPathTest@cff1a</td></tr>
<tr>
<td title='DubaiPoliceAccount.ImpoundDataTest.AddMorgateToTest()'><b>AddMorgateToTest</b><br>Test class: DubaiPoliceAccount.ImpoundDataTest<br>Parameters: EDAH6666888, Amira Kamal, 011156612121, 656596, 8787, court, Reason, 667, adding notes in General , Adding Custody Notes In custody</td>
<td></td>
<td>0</td>
<td>DubaiPoliceAccount.ImpoundDataTest@1f45fa1</td></tr>
<tr>
<td title='DubaiPoliceAccount.DownloadAndShareTest.ClickShareTest()'><b>ClickShareTest</b><br>Test class: DubaiPoliceAccount.DownloadAndShareTest</td>
<td></td>
<td>0</td>
<td>DubaiPoliceAccount.DownloadAndShareTest@6e276e</td></tr>
<tr>
<td title='DubaiPoliceAccount.ImageHappyPathTest.cameraTakeImage()'><b>cameraTakeImage</b><br>Test class: DubaiPoliceAccount.ImageHappyPathTest</td>
<td></td>
<td>0</td>
<td>DubaiPoliceAccount.ImageHappyPathTest@1040f2f</td></tr>
<tr>
<td title='DubaiPoliceAccount.VehicleMakeAndModelTest.SelectMakeItemTest()'><b>SelectMakeItemTest</b><br>Test class: DubaiPoliceAccount.VehicleMakeAndModelTest</td>
<td></td>
<td>0</td>
<td>DubaiPoliceAccount.VehicleMakeAndModelTest@1e2d983</td></tr>
<tr>
<td title='DubaiPoliceAccount.CaptureVehicleImageTest.clcikContentImage2()'><b>clcikContentImage2</b><br>Test class: DubaiPoliceAccount.CaptureVehicleImageTest</td>
<td></td>
<td>0</td>
<td>DubaiPoliceAccount.CaptureVehicleImageTest@1e5031f</td></tr>
<tr>
<td title='common.FristItemCompleteTest.ClickFristItem()'><b>ClickFristItem</b><br>Test class: common.FristItemCompleteTest</td>
<td></td>
<td>0</td>
<td>common.FristItemCompleteTest@1f9eccc</td></tr>
<tr>
<td title='DubaiPoliceAccount.PlatedataTest.ClickcodeItemListTest()'><b>ClickcodeItemListTest</b><br>Test class: DubaiPoliceAccount.PlatedataTest</td>
<td></td>
<td>0</td>
<td>DubaiPoliceAccount.PlatedataTest@9b3632</td></tr>
<tr>
<td title='common.allowLocationPermissionTest.clcallowLocationPermissionTestLogin()'><b>clcallowLocationPermissionTestLogin</b><br>Test class: common.allowLocationPermissionTest</td>
<td></td>
<td>3</td>
<td>common.allowLocationPermissionTest@b96fde</td></tr>
<tr>
<td title='DubaiPoliceAccount.SelectVehicleWieghtTest.SelectweightlistItemTest()'><b>SelectweightlistItemTest</b><br>Test class: DubaiPoliceAccount.SelectVehicleWieghtTest</td>
<td></td>
<td>0</td>
<td>DubaiPoliceAccount.SelectVehicleWieghtTest@e3c1cd</td></tr>
<tr>
<td title='DubaiPoliceAccount.OwnerDataTest.ConfirmOwnerdata()'><b>ConfirmOwnerdata</b><br>Test class: DubaiPoliceAccount.OwnerDataTest</td>
<td></td>
<td>0</td>
<td>DubaiPoliceAccount.OwnerDataTest@a263c2</td></tr>
<tr>
<td title='DubaiPoliceAccount.CaptureVehicleImageTest.delImage()'><b>delImage</b><br>Test class: DubaiPoliceAccount.CaptureVehicleImageTest</td>
<td></td>
<td>0</td>
<td>DubaiPoliceAccount.CaptureVehicleImageTest@1e5031f</td></tr>
<tr>
<td title='DubaiPoliceAccount.SummeryHappyPathTest.viewRequestetails()'><b>viewRequestetails</b><br>Test class: DubaiPoliceAccount.SummeryHappyPathTest</td>
<td></td>
<td>0</td>
<td>DubaiPoliceAccount.SummeryHappyPathTest@cff1a</td></tr>
<tr>
<td title='DubaiPoliceAccount.SelectVehicleWieghtTest.ClickweightlistTest()'><b>ClickweightlistTest</b><br>Test class: DubaiPoliceAccount.SelectVehicleWieghtTest</td>
<td></td>
<td>0</td>
<td>DubaiPoliceAccount.SelectVehicleWieghtTest@e3c1cd</td></tr>
<tr>
<td title='DubaiPoliceAccount.ImpoundDataTest.scrolldownTest()'><b>scrolldownTest</b><br>Test class: DubaiPoliceAccount.ImpoundDataTest</td>
<td></td>
<td>0</td>
<td>DubaiPoliceAccount.ImpoundDataTest@1f45fa1</td></tr>
<tr>
<td title='DubaiPoliceAccount.DubaiPoliceTest.selectSubService()'><b>selectSubService</b><br>Test class: DubaiPoliceAccount.DubaiPoliceTest</td>
<td></td>
<td>0</td>
<td>DubaiPoliceAccount.DubaiPoliceTest@e12bac</td></tr>
<tr>
<td title='DubaiPoliceAccount.ImageHappyPathTest.allowcameraPermission()'><b>allowcameraPermission</b><br>Test class: DubaiPoliceAccount.ImageHappyPathTest</td>
<td></td>
<td>0</td>
<td>DubaiPoliceAccount.ImageHappyPathTest@1040f2f</td></tr>
<tr>
<td title='DubaiPoliceAccount.ImageHappyPathTest.takeImage()'><b>takeImage</b><br>Test class: DubaiPoliceAccount.ImageHappyPathTest</td>
<td></td>
<td>0</td>
<td>DubaiPoliceAccount.ImageHappyPathTest@1040f2f</td></tr>
<tr>
<td title='DubaiPoliceAccount.VehicleMakeAndModelTest.SelectMakeTest()'><b>SelectMakeTest</b><br>Test class: DubaiPoliceAccount.VehicleMakeAndModelTest</td>
<td></td>
<td>0</td>
<td>DubaiPoliceAccount.VehicleMakeAndModelTest@1e2d983</td></tr>
<tr>
<td title='DubaiPoliceAccount.SelectColorTest.ClickColorTest()'><b>ClickColorTest</b><br>Test class: DubaiPoliceAccount.SelectColorTest</td>
<td></td>
<td>0</td>
<td>DubaiPoliceAccount.SelectColorTest@1bc39f8</td></tr>
<tr>
<td title='DubaiPoliceAccount.PlatedataTest.AddPlateNumberTest()'><b>AddPlateNumberTest</b><br>Test class: DubaiPoliceAccount.PlatedataTest<br>Parameters: EDAH6666888, Amira Kamal, 011156612121, 656596, 8787, court, Reason, 667, adding notes in General , Adding Custody Notes In custody</td>
<td></td>
<td>0</td>
<td>DubaiPoliceAccount.PlatedataTest@9b3632</td></tr>
<tr>
<td title='DubaiPoliceAccount.ConfirmVehicleTest.confirmVehicleTest()'><b>confirmVehicleTest</b><br>Test class: DubaiPoliceAccount.ConfirmVehicleTest</td>
<td></td>
<td>0</td>
<td>DubaiPoliceAccount.ConfirmVehicleTest@8bf312</td></tr>
<tr>
<td title='DubaiPoliceAccount.CaptureVehicleImageTest.RetakeImage()'><b>RetakeImage</b><br>Test class: DubaiPoliceAccount.CaptureVehicleImageTest</td>
<td></td>
<td>0</td>
<td>DubaiPoliceAccount.CaptureVehicleImageTest@1e5031f</td></tr>
<tr>
<td title='DubaiPoliceAccount.CaptureVehicleImageTest.cameraTakeImage2()'><b>cameraTakeImage2</b><br>Test class: DubaiPoliceAccount.CaptureVehicleImageTest</td>
<td></td>
<td>0</td>
<td>DubaiPoliceAccount.CaptureVehicleImageTest@1e5031f</td></tr>
<tr>
<td title='DubaiPoliceAccount.PlatedataTest.SwitchToggleONTest()'><b>SwitchToggleONTest</b><br>Test class: DubaiPoliceAccount.PlatedataTest</td>
<td></td>
<td>0</td>
<td>DubaiPoliceAccount.PlatedataTest@9b3632</td></tr>
<tr>
<td title='DubaiPoliceAccount.PlatedataTest.ClickEmirateListTest2()'><b>ClickEmirateListTest2</b><br>Test class: DubaiPoliceAccount.PlatedataTest</td>
<td></td>
<td>0</td>
<td>DubaiPoliceAccount.PlatedataTest@9b3632</td></tr>
<tr>
<td title='DubaiPoliceAccount.ImpoundDataTest.ConfirmImpounddataTest()'><b>ConfirmImpounddataTest</b><br>Test class: DubaiPoliceAccount.ImpoundDataTest</td>
<td></td>
<td>0</td>
<td>DubaiPoliceAccount.ImpoundDataTest@1f45fa1</td></tr>
<tr>
<td title='DubaiPoliceAccount.VehicleMakeAndModelTest.SelectModelTest()'><b>SelectModelTest</b><br>Test class: DubaiPoliceAccount.VehicleMakeAndModelTest</td>
<td></td>
<td>0</td>
<td>DubaiPoliceAccount.VehicleMakeAndModelTest@1e2d983</td></tr>
<tr>
<td title='login.ClickloginbuttonfromHomescreenTest.clcikLogin()'><b>clcikLogin</b><br>Test class: login.ClickloginbuttonfromHomescreenTest</td>
<td></td>
<td>2</td>
<td>login.ClickloginbuttonfromHomescreenTest@f0f1be</td></tr>
<tr>
<td title='DubaiPoliceAccount.OwnerDataTest.AddLicenceIssueDate()'><b>AddLicenceIssueDate</b><br>Test class: DubaiPoliceAccount.OwnerDataTest</td>
<td></td>
<td>0</td>
<td>DubaiPoliceAccount.OwnerDataTest@a263c2</td></tr>
<tr>
<td title='DubaiPoliceAccount.OwnerDataTest.Clcikconfirmcalendar()'><b>Clcikconfirmcalendar</b><br>Test class: DubaiPoliceAccount.OwnerDataTest</td>
<td></td>
<td>0</td>
<td>DubaiPoliceAccount.OwnerDataTest@a263c2</td></tr>
<tr>
<td title='DubaiPoliceAccount.DropOffTest.SelectropOff()'><b>SelectropOff</b><br>Test class: DubaiPoliceAccount.DropOffTest</td>
<td></td>
<td>0</td>
<td>DubaiPoliceAccount.DropOffTest@c87930</td></tr>
<tr>
<td title='DubaiPoliceAccount.CaptureVehicleImageTest.ConfirmImage3()'><b>ConfirmImage3</b><br>Test class: DubaiPoliceAccount.CaptureVehicleImageTest</td>
<td></td>
<td>0</td>
<td>DubaiPoliceAccount.CaptureVehicleImageTest@1e5031f</td></tr>
<tr>
<td title='DubaiPoliceAccount.ImageHappyPathTest.ConfirmImage()'><b>ConfirmImage</b><br>Test class: DubaiPoliceAccount.ImageHappyPathTest</td>
<td></td>
<td>0</td>
<td>DubaiPoliceAccount.ImageHappyPathTest@1040f2f</td></tr>
<tr>
<td title='DubaiPoliceAccount.SelectYearTest.SelectYearItemTest()'><b>SelectYearItemTest</b><br>Test class: DubaiPoliceAccount.SelectYearTest</td>
<td></td>
<td>0</td>
<td>DubaiPoliceAccount.SelectYearTest@147c63f</td></tr>
<tr>
<td title='DubaiPoliceAccount.DownloadAndShareTest.CopyLinkTest()'><b>CopyLinkTest</b><br>Test class: DubaiPoliceAccount.DownloadAndShareTest</td>
<td></td>
<td>0</td>
<td>DubaiPoliceAccount.DownloadAndShareTest@6e276e</td></tr>
<tr>
<td title='DubaiPoliceAccount.CaptureVehicleImageTest.ConfirmImage()'><b>ConfirmImage</b><br>Test class: DubaiPoliceAccount.CaptureVehicleImageTest</td>
<td></td>
<td>0</td>
<td>DubaiPoliceAccount.CaptureVehicleImageTest@1e5031f</td></tr>
<tr>
<td title='DubaiPoliceAccount.OwnerDataTest.AddOwnerNameTest()'><b>AddOwnerNameTest</b><br>Test class: DubaiPoliceAccount.OwnerDataTest<br>Parameters: EDAH6666888, Amira Kamal, 011156612121, 656596, 8787, court, Reason, 667, adding notes in General , Adding Custody Notes In custody</td>
<td></td>
<td>0</td>
<td>DubaiPoliceAccount.OwnerDataTest@a263c2</td></tr>
<tr>
<td title='DubaiPoliceAccount.PlatedataTest.ConfirmplatedataTest()'><b>ConfirmplatedataTest</b><br>Test class: DubaiPoliceAccount.PlatedataTest</td>
<td></td>
<td>0</td>
<td>DubaiPoliceAccount.PlatedataTest@9b3632</td></tr>
<tr>
<td title='login.ClickloginbuttonfromHomescreenTest.getotpPolice()'><b>getotpPolice</b><br>Test class: login.ClickloginbuttonfromHomescreenTest<br>Parameters: Amiraaa, 1117777777, 4588, Department1, 21244415, 34343434, AA</td>
<td></td>
<td>9</td>
<td>login.ClickloginbuttonfromHomescreenTest@f0f1be</td></tr>
<tr>
<td title='DubaiPoliceAccount.CaptureVehicleImageTest.ConfirmImage2()'><b>ConfirmImage2</b><br>Test class: DubaiPoliceAccount.CaptureVehicleImageTest</td>
<td></td>
<td>0</td>
<td>DubaiPoliceAccount.CaptureVehicleImageTest@1e5031f</td></tr>
<tr>
<td title='DubaiPoliceAccount.ImpoundDataTest.AddCustodyNoteest()'><b>AddCustodyNoteest</b><br>Test class: DubaiPoliceAccount.ImpoundDataTest<br>Parameters: EDAH6666888, Amira Kamal, 011156612121, 656596, 8787, court, Reason, 667, adding notes in General , Adding Custody Notes In custody</td>
<td></td>
<td>0</td>
<td>DubaiPoliceAccount.ImpoundDataTest@1f45fa1</td></tr>
<tr>
<td title='DubaiPoliceAccount.SelectYearTest.ClickYearTest()'><b>ClickYearTest</b><br>Test class: DubaiPoliceAccount.SelectYearTest</td>
<td></td>
<td>0</td>
<td>DubaiPoliceAccount.SelectYearTest@147c63f</td></tr>
<tr>
<td title='DubaiPoliceAccount.DubaiPoliceTest.confirmSubService()'><b>confirmSubService</b><br>Test class: DubaiPoliceAccount.DubaiPoliceTest</td>
<td></td>
<td>0</td>
<td>DubaiPoliceAccount.DubaiPoliceTest@e12bac</td></tr>
<tr>
<td title='DubaiPoliceAccount.PlatedataTest.ClickEmirateListTest()'><b>ClickEmirateListTest</b><br>Test class: DubaiPoliceAccount.PlatedataTest</td>
<td></td>
<td>0</td>
<td>DubaiPoliceAccount.PlatedataTest@9b3632</td></tr>
<tr>
<td title='common.FristItemCompleteTest.completeData()'><b>completeData</b><br>Test class: common.FristItemCompleteTest</td>
<td></td>
<td>0</td>
<td>common.FristItemCompleteTest@1f9eccc</td></tr>
<tr>
<td title='DubaiPoliceAccount.VehicleMakeAndModelTest.scrolldownTest()'><b>scrolldownTest</b><br>Test class: DubaiPoliceAccount.VehicleMakeAndModelTest</td>
<td></td>
<td>0</td>
<td>DubaiPoliceAccount.VehicleMakeAndModelTest@1e2d983</td></tr>
<tr>
<td title='DubaiPoliceAccount.chassisNumberTest.ChassisNumberTest()'><b>ChassisNumberTest</b><br>Test class: DubaiPoliceAccount.chassisNumberTest<br>Parameters: EDAH6666888, Amira Kamal, 011156612121, 656596, 8787, court, Reason, 667, adding notes in General , Adding Custody Notes In custody</td>
<td></td>
<td>0</td>
<td>DubaiPoliceAccount.chassisNumberTest@a434c8</td></tr>
<tr>
<td title='DubaiPoliceAccount.SelectColorTest.SelectColorItemTest()'><b>SelectColorItemTest</b><br>Test class: DubaiPoliceAccount.SelectColorTest</td>
<td></td>
<td>0</td>
<td>DubaiPoliceAccount.SelectColorTest@1bc39f8</td></tr>
</table><p>
</body>
</html>