<html>
<head>
<title>TestNG:  towing</title>
<link href="../testng.css" rel="stylesheet" type="text/css" />
<link href="../my-testng.css" rel="stylesheet" type="text/css" />

<style type="text/css">
.log { display: none;} 
.stack-trace { display: none;} 
</style>
<script type="text/javascript">
<!--
function flip(e) {
  current = e.style.display;
  if (current == 'block') {
    e.style.display = 'none';
    return 0;
  }
  else {
    e.style.display = 'block';
    return 1;
  }
}

function toggleBox(szDivId, elem, msg1, msg2)
{
  var res = -1;  if (document.getElementById) {
    res = flip(document.getElementById(szDivId));
  }
  else if (document.all) {
    // this is the way old msie versions work
    res = flip(document.all[szDivId]);
  }
  if(elem) {
    if(res == 0) elem.innerHTML = msg1; else elem.innerHTML = msg2;
  }

}

function toggleAllBoxes() {
  if (document.getElementsByTagName) {
    d = document.getElementsByTagName('div');
    for (i = 0; i < d.length; i++) {
      if (d[i].className == 'log') {
        flip(d[i]);
      }
    }
  }
}

// -->
</script>

</head>
<body>
<h2 align='center'>towing</h2><table border='1' align="center">
<tr>
<td>Tests passed/Failed/Skipped:</td><td>19/1/0</td>
</tr><tr>
<td>Started on:</td><td>Sun Jan 29 12:09:16 EET 2023</td>
</tr>
<tr><td>Total time:</td><td>101 seconds (101355 ms)</td>
</tr><tr>
<td>Included groups:</td><td></td>
</tr><tr>
<td>Excluded groups:</td><td></td>
</tr>
</table><p/>
<small><i>(Hover the method name to see the test class name)</i></small><p/>
<table width='100%' border='1' class='invocation-failed'>
<tr><td colspan='4' align='center'><b>FAILED TESTS</b></td></tr>
<tr><td><b>Test method</b></td>
<td width="30%"><b>Exception</b></td>
<td width="10%"><b>Time (seconds)</b></td>
<td><b>Instance</b></td>
</tr>
<tr>
<td title='common.allowLocationPermissionTest.clcallowLocationPermissionTestLogin()'><b>clcallowLocationPermissionTestLogin</b><br>Test class: common.allowLocationPermissionTest</td>
<td><div><pre>org.openqa.selenium.NoSuchElementException: Can&apos;t locate an element by this strategy: By.chained({By.id: com.android.permissioncontroller:id/permission_allow_foreground_only_button})
	at io.appium.java_client.pagefactory.AppiumElementLocator.findElement(AppiumElementLocator.java:126)
	at io.appium.java_client.pagefactory.interceptors.InterceptorOfASingleElement.intercept(InterceptorOfASingleElement.java:59)
	at io.appium.java_client.android.AndroidElement$$EnhancerByCGLIB$$b598166c.click(&lt;generated&gt;)
	at com.ERA.screens.allowLocationPermission.ClickallowLocation(allowLocationPermission.java:21)
	at common.allowLocationPermissionTest.clcallowLocationPermissionTestLogin(allowLocationPermissionTest.java:25)
	at java.util.ArrayList.forEach(ArrayList.java:1259)
Caused by: org.openqa.selenium.TimeoutException: Expected condition failed: waiting for io.appium.java_client.pagefactory.AppiumElementLocator$WaitingFunction@18bc345 (tried for 1 second(s) with 500 milliseconds interval)
	at org.openqa.selenium.support.ui.FluentWait.timeoutException(FluentWait.java:304)
	at org.openqa.selenium.support.ui.FluentWait.until(FluentWait.java:272)
	at io.appium.java_client.pagefactory.AppiumElementLocator.waitFor(AppiumElementLocator.java:99)
	at io.appium.java_client.pagefactory.AppiumElementLocator.findElement(AppiumElementLocator.java:119)
	... 32 more
Caused by: org.openqa.selenium.NoSuchElementException: Cannot locate an element using By.chained({By.id: com.android.permissioncontroller:id/permission_allow_foreground_only_button})
For documentation on this error, please visit: https://www.seleniumhq.org/exceptions/no_such_element.html
Build info: version: &apos;3.141.59&apos;, revision: &apos;e82be7d358&apos;, time: &apos;2018-11-14T08:17:03&apos;
System info: host: &apos;AS-40&apos;, ip: &apos;192.168.80.157&apos;, os.name: &apos;Windows 10&apos;, os.arch: &apos;x86&apos;, os.version: &apos;10.0&apos;, java.version: &apos;1.8.0_352-352&apos;
Driver info: driver.version: AndroidDriver
	at io.appium.java_client.pagefactory.bys.builder.ByChained.findElement(ByChained.java:74)
	at org.openqa.selenium.remote.RemoteWebDriver.findElement(RemoteWebDriver.java:315)
	at io.appium.java_client.DefaultGenericMobileDriver.findElement(DefaultGenericMobileDriver.java:58)
	at io.appium.java_client.AppiumDriver.findElement(AppiumDriver.java:1)
	at io.appium.java_client.android.AndroidDriver.findElement(AndroidDriver.java:1)
	at io.appium.java_client.pagefactory.bys.ContentMappedBy.findElement(ContentMappedBy.java:50)
	at org.openqa.selenium.remote.RemoteWebDriver.findElement(RemoteWebDriver.java:315)
	at io.appium.java_client.DefaultGenericMobileDriver.findElement(DefaultGenericMobileDriver.java:58)
	at io.appium.java_client.AppiumDriver.findElement(AppiumDriver.java:1)
	at io.appium.java_client.android.AndroidDriver.findElement(AndroidDriver.java:1)
	at io.appium.java_client.pagefactory.AppiumElementLocator.lambda$0(AppiumElementLocator.java:120)
	at io.appium.java_client.pagefactory.AppiumElementLocator$WaitingFunction.apply(AppiumElementLocator.java:172)
	at io.appium.java_client.pagefactory.AppiumElementLocator$WaitingFunction.apply(AppiumElementLocator.java:1)
	at org.openqa.selenium.support.ui.FluentWait.until(FluentWait.java:249)
	... 34 more
... Removed 27 stack frames</pre></div><a href='#' onClick='toggleBox("stack-trace2745588", this, "Click to show all stack frames", "Click to hide stack frames")'>Click to show all stack frames</a>
<div class='stack-trace' id='stack-trace2745588'><pre>org.openqa.selenium.NoSuchElementException: Can&apos;t locate an element by this strategy: By.chained({By.id: com.android.permissioncontroller:id/permission_allow_foreground_only_button})
	at io.appium.java_client.pagefactory.AppiumElementLocator.findElement(AppiumElementLocator.java:126)
	at io.appium.java_client.pagefactory.interceptors.InterceptorOfASingleElement.intercept(InterceptorOfASingleElement.java:59)
	at io.appium.java_client.android.AndroidElement$$EnhancerByCGLIB$$b598166c.click(&lt;generated&gt;)
	at com.ERA.screens.allowLocationPermission.ClickallowLocation(allowLocationPermission.java:21)
	at common.allowLocationPermissionTest.clcallowLocationPermissionTestLogin(allowLocationPermissionTest.java:25)
	at sun.reflect.NativeMethodAccessorImpl.invoke0(Native Method)
	at sun.reflect.NativeMethodAccessorImpl.invoke(NativeMethodAccessorImpl.java:62)
	at sun.reflect.DelegatingMethodAccessorImpl.invoke(DelegatingMethodAccessorImpl.java:43)
	at java.lang.reflect.Method.invoke(Method.java:498)
	at org.testng.internal.MethodInvocationHelper.invokeMethod(MethodInvocationHelper.java:133)
	at org.testng.internal.TestInvoker.invokeMethod(TestInvoker.java:598)
	at org.testng.internal.TestInvoker.invokeTestMethod(TestInvoker.java:173)
	at org.testng.internal.MethodRunner.runInSequence(MethodRunner.java:46)
	at org.testng.internal.TestInvoker$MethodInvocationAgent.invoke(TestInvoker.java:824)
	at org.testng.internal.TestInvoker.invokeTestMethods(TestInvoker.java:146)
	at org.testng.internal.TestMethodWorker.invokeTestMethods(TestMethodWorker.java:146)
	at org.testng.internal.TestMethodWorker.run(TestMethodWorker.java:128)
	at java.util.ArrayList.forEach(ArrayList.java:1259)
	at org.testng.TestRunner.privateRun(TestRunner.java:794)
	at org.testng.TestRunner.run(TestRunner.java:596)
	at org.testng.SuiteRunner.runTest(SuiteRunner.java:377)
	at org.testng.SuiteRunner.runSequentially(SuiteRunner.java:371)
	at org.testng.SuiteRunner.privateRun(SuiteRunner.java:332)
	at org.testng.SuiteRunner.run(SuiteRunner.java:276)
	at org.testng.SuiteRunnerWorker.runSuite(SuiteRunnerWorker.java:53)
	at org.testng.SuiteRunnerWorker.run(SuiteRunnerWorker.java:96)
	at org.testng.TestNG.runSuitesSequentially(TestNG.java:1212)
	at org.testng.TestNG.runSuitesLocally(TestNG.java:1134)
	at org.testng.TestNG.runSuites(TestNG.java:1063)
	at org.testng.TestNG.run(TestNG.java:1031)
	at org.testng.remote.AbstractRemoteTestNG.run(AbstractRemoteTestNG.java:115)
	at org.testng.remote.RemoteTestNG.initAndRun(RemoteTestNG.java:251)
	at org.testng.remote.RemoteTestNG.main(RemoteTestNG.java:77)
Caused by: org.openqa.selenium.TimeoutException: Expected condition failed: waiting for io.appium.java_client.pagefactory.AppiumElementLocator$WaitingFunction@18bc345 (tried for 1 second(s) with 500 milliseconds interval)
	at org.openqa.selenium.support.ui.FluentWait.timeoutException(FluentWait.java:304)
	at org.openqa.selenium.support.ui.FluentWait.until(FluentWait.java:272)
	at io.appium.java_client.pagefactory.AppiumElementLocator.waitFor(AppiumElementLocator.java:99)
	at io.appium.java_client.pagefactory.AppiumElementLocator.findElement(AppiumElementLocator.java:119)
	... 32 more
Caused by: org.openqa.selenium.NoSuchElementException: Cannot locate an element using By.chained({By.id: com.android.permissioncontroller:id/permission_allow_foreground_only_button})
For documentation on this error, please visit: https://www.seleniumhq.org/exceptions/no_such_element.html
Build info: version: &apos;3.141.59&apos;, revision: &apos;e82be7d358&apos;, time: &apos;2018-11-14T08:17:03&apos;
System info: host: &apos;AS-40&apos;, ip: &apos;192.168.80.157&apos;, os.name: &apos;Windows 10&apos;, os.arch: &apos;x86&apos;, os.version: &apos;10.0&apos;, java.version: &apos;1.8.0_352-352&apos;
Driver info: driver.version: AndroidDriver
	at io.appium.java_client.pagefactory.bys.builder.ByChained.findElement(ByChained.java:74)
	at org.openqa.selenium.remote.RemoteWebDriver.findElement(RemoteWebDriver.java:315)
	at io.appium.java_client.DefaultGenericMobileDriver.findElement(DefaultGenericMobileDriver.java:58)
	at io.appium.java_client.AppiumDriver.findElement(AppiumDriver.java:1)
	at io.appium.java_client.android.AndroidDriver.findElement(AndroidDriver.java:1)
	at io.appium.java_client.pagefactory.bys.ContentMappedBy.findElement(ContentMappedBy.java:50)
	at org.openqa.selenium.remote.RemoteWebDriver.findElement(RemoteWebDriver.java:315)
	at io.appium.java_client.DefaultGenericMobileDriver.findElement(DefaultGenericMobileDriver.java:58)
	at io.appium.java_client.AppiumDriver.findElement(AppiumDriver.java:1)
	at io.appium.java_client.android.AndroidDriver.findElement(AndroidDriver.java:1)
	at io.appium.java_client.pagefactory.AppiumElementLocator.lambda$0(AppiumElementLocator.java:120)
	at io.appium.java_client.pagefactory.AppiumElementLocator$WaitingFunction.apply(AppiumElementLocator.java:172)
	at io.appium.java_client.pagefactory.AppiumElementLocator$WaitingFunction.apply(AppiumElementLocator.java:1)
	at org.openqa.selenium.support.ui.FluentWait.until(FluentWait.java:249)
	... 34 more
</pre></div></td>
<td>15</td>
<td>common.allowLocationPermissionTest@10c2e6b</td></tr>
</table><p>
<table width='100%' border='1' class='invocation-passed'>
<tr><td colspan='4' align='center'><b>PASSED TESTS</b></td></tr>
<tr><td><b>Test method</b></td>
<td width="30%"><b>Exception</b></td>
<td width="10%"><b>Time (seconds)</b></td>
<td><b>Instance</b></td>
</tr>
<tr>
<td title='towing.validDestTrackingLocationTest.SendDestLocation()'><b>SendDestLocation</b><br>Test class: towing.validDestTrackingLocationTest<br>Parameters: Towing destination Location, 2G9V+6VC Lahbab, Dubai - United Arab Emirates</td>
<td></td>
<td>1</td>
<td>towing.validDestTrackingLocationTest@5eaa29</td></tr>
<tr>
<td title='login.ClickloginbuttonfromHomescreenTest.clcikLogin()'><b>clcikLogin</b><br>Test class: login.ClickloginbuttonfromHomescreenTest</td>
<td></td>
<td>2</td>
<td>login.ClickloginbuttonfromHomescreenTest@a664f2</td></tr>
<tr>
<td title='Battery.Confirm_SummeryTest.ConfirmSummery()'><b>ConfirmSummery</b><br>Test class: Battery.Confirm_SummeryTest</td>
<td></td>
<td>1</td>
<td>Battery.Confirm_SummeryTest@b96fde</td></tr>
<tr>
<td title='login.ClickloginbuttonfromHomescreenTest.clickContinue()'><b>clickContinue</b><br>Test class: login.ClickloginbuttonfromHomescreenTest</td>
<td></td>
<td>1</td>
<td>login.ClickloginbuttonfromHomescreenTest@a664f2</td></tr>
<tr>
<td title='towing.validDestTrackingLocationTest.ConfirmDestination()'><b>ConfirmDestination</b><br>Test class: towing.validDestTrackingLocationTest</td>
<td></td>
<td>7</td>
<td>towing.validDestTrackingLocationTest@5eaa29</td></tr>
<tr>
<td title='Battery.Confirm_PaymentTest.ConfirmPayment()'><b>ConfirmPayment</b><br>Test class: Battery.Confirm_PaymentTest</td>
<td></td>
<td>5</td>
<td>Battery.Confirm_PaymentTest@12e5f00</td></tr>
<tr>
<td title='towing.NewFlow_addNormalTowingRequestTest.selectNormalTowing()'><b>selectNormalTowing</b><br>Test class: towing.NewFlow_addNormalTowingRequestTest</td>
<td></td>
<td>0</td>
<td>towing.NewFlow_addNormalTowingRequestTest@19fcf7f</td></tr>
<tr>
<td title='Battery.NoteTest.ConfirmNote()'><b>ConfirmNote</b><br>Test class: Battery.NoteTest</td>
<td></td>
<td>0</td>
<td>Battery.NoteTest@1bb6bea</td></tr>
<tr>
<td title='towing.validDestTrackingLocationTest.ClickSearchDest()'><b>ClickSearchDest</b><br>Test class: towing.validDestTrackingLocationTest</td>
<td></td>
<td>0</td>
<td>towing.validDestTrackingLocationTest@5eaa29</td></tr>
<tr>
<td title='Battery.NoteTest.Sendnotevalue()'><b>Sendnotevalue</b><br>Test class: Battery.NoteTest</td>
<td></td>
<td>0</td>
<td>Battery.NoteTest@1bb6bea</td></tr>
<tr>
<td title='login.ClickloginbuttonfromHomescreenTest.addMobileNumber()'><b>addMobileNumber</b><br>Test class: login.ClickloginbuttonfromHomescreenTest<br>Parameters: Amira, 1021132355</td>
<td></td>
<td>0</td>
<td>login.ClickloginbuttonfromHomescreenTest@a664f2</td></tr>
<tr>
<td title='towing.NewFlow_addNormalTowingRequestTest.selectTowingService()'><b>selectTowingService</b><br>Test class: towing.NewFlow_addNormalTowingRequestTest</td>
<td></td>
<td>3</td>
<td>towing.NewFlow_addNormalTowingRequestTest@19fcf7f</td></tr>
<tr>
<td title='Battery.NoteTest.TowingclickAddNote()'><b>TowingclickAddNote</b><br>Test class: Battery.NoteTest</td>
<td></td>
<td>0</td>
<td>Battery.NoteTest@1bb6bea</td></tr>
<tr>
<td title='towing.validPickUPLocationTrackingTest.ClickSearchresultItem()'><b>ClickSearchresultItem</b><br>Test class: towing.validPickUPLocationTrackingTest</td>
<td></td>
<td>1</td>
<td>towing.validPickUPLocationTrackingTest@157d90a</td></tr>
<tr>
<td title='login.ClickloginbuttonfromHomescreenTest.getotp()'><b>getotp</b><br>Test class: login.ClickloginbuttonfromHomescreenTest<br>Parameters: Amira, 1021132355</td>
<td></td>
<td>10</td>
<td>login.ClickloginbuttonfromHomescreenTest@a664f2</td></tr>
<tr>
<td title='Battery.Confirm_LocationTest.Confirm_location()'><b>Confirm_location</b><br>Test class: Battery.Confirm_LocationTest</td>
<td></td>
<td>5</td>
<td>Battery.Confirm_LocationTest@128d34a</td></tr>
<tr>
<td title='towing.validDestTrackingLocationTest.ClickSearchItem()'><b>ClickSearchItem</b><br>Test class: towing.validDestTrackingLocationTest</td>
<td></td>
<td>0</td>
<td>towing.validDestTrackingLocationTest@5eaa29</td></tr>
<tr>
<td title='towing.validPickUPLocationTrackingTest.SendPickupLocation()'><b>SendPickupLocation</b><br>Test class: towing.validPickUPLocationTrackingTest<br>Parameters: valid PickUp Location, 2HC3+M2Q Lahbab, Dubai - United Arab Emirates</td>
<td></td>
<td>0</td>
<td>towing.validPickUPLocationTrackingTest@157d90a</td></tr>
<tr>
<td title='towing.validPickUPLocationTrackingTest.Addingvalidpickup()'><b>Addingvalidpickup</b><br>Test class: towing.validPickUPLocationTrackingTest</td>
<td></td>
<td>1</td>
<td>towing.validPickUPLocationTrackingTest@157d90a</td></tr>
</table><p>
</body>
</html>