<html>
<head>
<title>TestNG:  login</title>
<link href="../testng.css" rel="stylesheet" type="text/css" />
<link href="../my-testng.css" rel="stylesheet" type="text/css" />

<style type="text/css">
.log { display: none;} 
.stack-trace { display: none;} 
</style>
<script type="text/javascript">
<!--
function flip(e) {
  current = e.style.display;
  if (current == 'block') {
    e.style.display = 'none';
    return 0;
  }
  else {
    e.style.display = 'block';
    return 1;
  }
}

function toggleBox(szDivId, elem, msg1, msg2)
{
  var res = -1;  if (document.getElementById) {
    res = flip(document.getElementById(szDivId));
  }
  else if (document.all) {
    // this is the way old msie versions work
    res = flip(document.all[szDivId]);
  }
  if(elem) {
    if(res == 0) elem.innerHTML = msg1; else elem.innerHTML = msg2;
  }

}

function toggleAllBoxes() {
  if (document.getElementsByTagName) {
    d = document.getElementsByTagName('div');
    for (i = 0; i < d.length; i++) {
      if (d[i].className == 'log') {
        flip(d[i]);
      }
    }
  }
}

// -->
</script>

</head>
<body>
<h2 align='center'>login</h2><table border='1' align="center">
<tr>
<td>Tests passed/Failed/Skipped:</td><td>63/1/0</td>
</tr><tr>
<td>Started on:</td><td>Tue Jan 31 11:04:06 EET 2023</td>
</tr>
<tr><td>Total time:</td><td>242 seconds (242225 ms)</td>
</tr><tr>
<td>Included groups:</td><td></td>
</tr><tr>
<td>Excluded groups:</td><td></td>
</tr>
</table><p/>
<small><i>(Hover the method name to see the test class name)</i></small><p/>
<table width='100%' border='1' class='invocation-failed'>
<tr><td colspan='4' align='center'><b>FAILED TESTS</b></td></tr>
<tr><td><b>Test method</b></td>
<td width="30%"><b>Exception</b></td>
<td width="10%"><b>Time (seconds)</b></td>
<td><b>Instance</b></td>
</tr>
<tr>
<td title='RTA.VehicleMakeAndModelTest.SelectMakeItemTest()'><b>SelectMakeItemTest</b><br>Test class: RTA.VehicleMakeAndModelTest</td>
<td><div><pre>org.openqa.selenium.NoSuchElementException: Can&apos;t locate an element by this strategy: By.chained({By.xpath: //android.widget.FrameLayout/android.view.ViewGroup/android.widget.LinearLayout/android.widget.FrameLayout/android.view.ViewGroup/androidx.recyclerview.widget.RecyclerView/android.widget.FrameLayout[1]/android.view.ViewGroup})
	at io.appium.java_client.pagefactory.AppiumElementLocator.findElement(AppiumElementLocator.java:126)
	at io.appium.java_client.pagefactory.interceptors.InterceptorOfASingleElement.intercept(InterceptorOfASingleElement.java:59)
	at io.appium.java_client.android.AndroidElement$$EnhancerByCGLIB$$b598166c.click(&lt;generated&gt;)
	at com.ERA.screens.CompleteVehicleDataScreen.selectMakeitem(CompleteVehicleDataScreen.java:54)
	at RTA.VehicleMakeAndModelTest.SelectMakeItemTest(VehicleMakeAndModelTest.java:24)
	at java.util.ArrayList.forEach(ArrayList.java:1259)
Caused by: org.openqa.selenium.TimeoutException: Expected condition failed: waiting for io.appium.java_client.pagefactory.AppiumElementLocator$WaitingFunction@1787b64 (tried for 1 second(s) with 500 milliseconds interval)
	at org.openqa.selenium.support.ui.FluentWait.timeoutException(FluentWait.java:304)
	at org.openqa.selenium.support.ui.FluentWait.until(FluentWait.java:272)
	at io.appium.java_client.pagefactory.AppiumElementLocator.waitFor(AppiumElementLocator.java:99)
	at io.appium.java_client.pagefactory.AppiumElementLocator.findElement(AppiumElementLocator.java:119)
	... 32 more
Caused by: org.openqa.selenium.NoSuchElementException: Cannot locate an element using By.chained({By.xpath: //android.widget.FrameLayout/android.view.ViewGroup/android.widget.LinearLayout/android.widget.FrameLayout/android.view.ViewGroup/androidx.recyclerview.widget.RecyclerView/android.widget.FrameLayout[1]/android.view.ViewGroup})
For documentation on this error, please visit: https://www.seleniumhq.org/exceptions/no_such_element.html
Build info: version: &apos;3.141.59&apos;, revision: &apos;e82be7d358&apos;, time: &apos;2018-11-14T08:17:03&apos;
System info: host: &apos;AS-40&apos;, ip: &apos;192.168.80.157&apos;, os.name: &apos;Windows 10&apos;, os.arch: &apos;x86&apos;, os.version: &apos;10.0&apos;, java.version: &apos;1.8.0_352-352&apos;
Driver info: driver.version: AndroidDriver
	at io.appium.java_client.pagefactory.bys.builder.ByChained.findElement(ByChained.java:74)
	at org.openqa.selenium.remote.RemoteWebDriver.findElement(RemoteWebDriver.java:315)
	at io.appium.java_client.DefaultGenericMobileDriver.findElement(DefaultGenericMobileDriver.java:58)
	at io.appium.java_client.AppiumDriver.findElement(AppiumDriver.java:1)
	at io.appium.java_client.android.AndroidDriver.findElement(AndroidDriver.java:1)
	at io.appium.java_client.pagefactory.bys.ContentMappedBy.findElement(ContentMappedBy.java:50)
	at org.openqa.selenium.remote.RemoteWebDriver.findElement(RemoteWebDriver.java:315)
	at io.appium.java_client.DefaultGenericMobileDriver.findElement(DefaultGenericMobileDriver.java:58)
	at io.appium.java_client.AppiumDriver.findElement(AppiumDriver.java:1)
	at io.appium.java_client.android.AndroidDriver.findElement(AndroidDriver.java:1)
	at io.appium.java_client.pagefactory.AppiumElementLocator.lambda$0(AppiumElementLocator.java:120)
	at io.appium.java_client.pagefactory.AppiumElementLocator$WaitingFunction.apply(AppiumElementLocator.java:172)
	at io.appium.java_client.pagefactory.AppiumElementLocator$WaitingFunction.apply(AppiumElementLocator.java:1)
	at org.openqa.selenium.support.ui.FluentWait.until(FluentWait.java:249)
	... 34 more
... Removed 27 stack frames</pre></div><a href='#' onClick='toggleBox("stack-trace27856266", this, "Click to show all stack frames", "Click to hide stack frames")'>Click to show all stack frames</a>
<div class='stack-trace' id='stack-trace27856266'><pre>org.openqa.selenium.NoSuchElementException: Can&apos;t locate an element by this strategy: By.chained({By.xpath: //android.widget.FrameLayout/android.view.ViewGroup/android.widget.LinearLayout/android.widget.FrameLayout/android.view.ViewGroup/androidx.recyclerview.widget.RecyclerView/android.widget.FrameLayout[1]/android.view.ViewGroup})
	at io.appium.java_client.pagefactory.AppiumElementLocator.findElement(AppiumElementLocator.java:126)
	at io.appium.java_client.pagefactory.interceptors.InterceptorOfASingleElement.intercept(InterceptorOfASingleElement.java:59)
	at io.appium.java_client.android.AndroidElement$$EnhancerByCGLIB$$b598166c.click(&lt;generated&gt;)
	at com.ERA.screens.CompleteVehicleDataScreen.selectMakeitem(CompleteVehicleDataScreen.java:54)
	at RTA.VehicleMakeAndModelTest.SelectMakeItemTest(VehicleMakeAndModelTest.java:24)
	at sun.reflect.NativeMethodAccessorImpl.invoke0(Native Method)
	at sun.reflect.NativeMethodAccessorImpl.invoke(NativeMethodAccessorImpl.java:62)
	at sun.reflect.DelegatingMethodAccessorImpl.invoke(DelegatingMethodAccessorImpl.java:43)
	at java.lang.reflect.Method.invoke(Method.java:498)
	at org.testng.internal.MethodInvocationHelper.invokeMethod(MethodInvocationHelper.java:133)
	at org.testng.internal.TestInvoker.invokeMethod(TestInvoker.java:598)
	at org.testng.internal.TestInvoker.invokeTestMethod(TestInvoker.java:173)
	at org.testng.internal.MethodRunner.runInSequence(MethodRunner.java:46)
	at org.testng.internal.TestInvoker$MethodInvocationAgent.invoke(TestInvoker.java:824)
	at org.testng.internal.TestInvoker.invokeTestMethods(TestInvoker.java:146)
	at org.testng.internal.TestMethodWorker.invokeTestMethods(TestMethodWorker.java:146)
	at org.testng.internal.TestMethodWorker.run(TestMethodWorker.java:128)
	at java.util.ArrayList.forEach(ArrayList.java:1259)
	at org.testng.TestRunner.privateRun(TestRunner.java:794)
	at org.testng.TestRunner.run(TestRunner.java:596)
	at org.testng.SuiteRunner.runTest(SuiteRunner.java:377)
	at org.testng.SuiteRunner.runSequentially(SuiteRunner.java:371)
	at org.testng.SuiteRunner.privateRun(SuiteRunner.java:332)
	at org.testng.SuiteRunner.run(SuiteRunner.java:276)
	at org.testng.SuiteRunnerWorker.runSuite(SuiteRunnerWorker.java:53)
	at org.testng.SuiteRunnerWorker.run(SuiteRunnerWorker.java:96)
	at org.testng.TestNG.runSuitesSequentially(TestNG.java:1212)
	at org.testng.TestNG.runSuitesLocally(TestNG.java:1134)
	at org.testng.TestNG.runSuites(TestNG.java:1063)
	at org.testng.TestNG.run(TestNG.java:1031)
	at org.testng.remote.AbstractRemoteTestNG.run(AbstractRemoteTestNG.java:115)
	at org.testng.remote.RemoteTestNG.initAndRun(RemoteTestNG.java:251)
	at org.testng.remote.RemoteTestNG.main(RemoteTestNG.java:77)
Caused by: org.openqa.selenium.TimeoutException: Expected condition failed: waiting for io.appium.java_client.pagefactory.AppiumElementLocator$WaitingFunction@1787b64 (tried for 1 second(s) with 500 milliseconds interval)
	at org.openqa.selenium.support.ui.FluentWait.timeoutException(FluentWait.java:304)
	at org.openqa.selenium.support.ui.FluentWait.until(FluentWait.java:272)
	at io.appium.java_client.pagefactory.AppiumElementLocator.waitFor(AppiumElementLocator.java:99)
	at io.appium.java_client.pagefactory.AppiumElementLocator.findElement(AppiumElementLocator.java:119)
	... 32 more
Caused by: org.openqa.selenium.NoSuchElementException: Cannot locate an element using By.chained({By.xpath: //android.widget.FrameLayout/android.view.ViewGroup/android.widget.LinearLayout/android.widget.FrameLayout/android.view.ViewGroup/androidx.recyclerview.widget.RecyclerView/android.widget.FrameLayout[1]/android.view.ViewGroup})
For documentation on this error, please visit: https://www.seleniumhq.org/exceptions/no_such_element.html
Build info: version: &apos;3.141.59&apos;, revision: &apos;e82be7d358&apos;, time: &apos;2018-11-14T08:17:03&apos;
System info: host: &apos;AS-40&apos;, ip: &apos;192.168.80.157&apos;, os.name: &apos;Windows 10&apos;, os.arch: &apos;x86&apos;, os.version: &apos;10.0&apos;, java.version: &apos;1.8.0_352-352&apos;
Driver info: driver.version: AndroidDriver
	at io.appium.java_client.pagefactory.bys.builder.ByChained.findElement(ByChained.java:74)
	at org.openqa.selenium.remote.RemoteWebDriver.findElement(RemoteWebDriver.java:315)
	at io.appium.java_client.DefaultGenericMobileDriver.findElement(DefaultGenericMobileDriver.java:58)
	at io.appium.java_client.AppiumDriver.findElement(AppiumDriver.java:1)
	at io.appium.java_client.android.AndroidDriver.findElement(AndroidDriver.java:1)
	at io.appium.java_client.pagefactory.bys.ContentMappedBy.findElement(ContentMappedBy.java:50)
	at org.openqa.selenium.remote.RemoteWebDriver.findElement(RemoteWebDriver.java:315)
	at io.appium.java_client.DefaultGenericMobileDriver.findElement(DefaultGenericMobileDriver.java:58)
	at io.appium.java_client.AppiumDriver.findElement(AppiumDriver.java:1)
	at io.appium.java_client.android.AndroidDriver.findElement(AndroidDriver.java:1)
	at io.appium.java_client.pagefactory.AppiumElementLocator.lambda$0(AppiumElementLocator.java:120)
	at io.appium.java_client.pagefactory.AppiumElementLocator$WaitingFunction.apply(AppiumElementLocator.java:172)
	at io.appium.java_client.pagefactory.AppiumElementLocator$WaitingFunction.apply(AppiumElementLocator.java:1)
	at org.openqa.selenium.support.ui.FluentWait.until(FluentWait.java:249)
	... 34 more
</pre></div></td>
<td>15</td>
<td>RTA.VehicleMakeAndModelTest@f0f1be</td></tr>
</table><p>
<table width='100%' border='1' class='invocation-passed'>
<tr><td colspan='4' align='center'><b>PASSED TESTS</b></td></tr>
<tr><td><b>Test method</b></td>
<td width="30%"><b>Exception</b></td>
<td width="10%"><b>Time (seconds)</b></td>
<td><b>Instance</b></td>
</tr>
<tr>
<td title='RTA.RTATest.selectSubService()'><b>selectSubService</b><br>Test class: RTA.RTATest</td>
<td></td>
<td>0</td>
<td>RTA.RTATest@ea6137</td></tr>
<tr>
<td title='RTA.SelectColorTest.ClickColorTest()'><b>ClickColorTest</b><br>Test class: RTA.SelectColorTest</td>
<td></td>
<td>0</td>
<td>RTA.SelectColorTest@1040f2f</td></tr>
<tr>
<td title='RTA.PlatedataTest.ClickcodeItemListTest()'><b>ClickcodeItemListTest</b><br>Test class: RTA.PlatedataTest</td>
<td></td>
<td>0</td>
<td>RTA.PlatedataTest@15710fc</td></tr>
<tr>
<td title='RTA.PlatedataTest.ClickEmirateListItemTest2()'><b>ClickEmirateListItemTest2</b><br>Test class: RTA.PlatedataTest</td>
<td></td>
<td>0</td>
<td>RTA.PlatedataTest@15710fc</td></tr>
<tr>
<td title='RTA.CaptureVehicleImageTest.cameraTakeImage2()'><b>cameraTakeImage2</b><br>Test class: RTA.CaptureVehicleImageTest</td>
<td></td>
<td>1</td>
<td>RTA.CaptureVehicleImageTest@67a738</td></tr>
<tr>
<td title='RTA.ImageHappyPathTest.ConfirmImage()'><b>ConfirmImage</b><br>Test class: RTA.ImageHappyPathTest</td>
<td></td>
<td>0</td>
<td>RTA.ImageHappyPathTest@1ee392b</td></tr>
<tr>
<td title='RTA.CaptureVehicleImageTest.ConfirmImage()'><b>ConfirmImage</b><br>Test class: RTA.CaptureVehicleImageTest</td>
<td></td>
<td>0</td>
<td>RTA.CaptureVehicleImageTest@67a738</td></tr>
<tr>
<td title='login.ClickloginbuttonfromHomescreenTest.add_RTA_MobileNumber()'><b>add_RTA_MobileNumber</b><br>Test class: login.ClickloginbuttonfromHomescreenTest<br>Parameters: Amiraaa, 1017900001, 4588, 11, AA</td>
<td></td>
<td>0</td>
<td>login.ClickloginbuttonfromHomescreenTest@40b76e</td></tr>
<tr>
<td title='RTA.ImageHappyPathTest.cameraTakeImage()'><b>cameraTakeImage</b><br>Test class: RTA.ImageHappyPathTest</td>
<td></td>
<td>1</td>
<td>RTA.ImageHappyPathTest@1ee392b</td></tr>
<tr>
<td title='RTA.VehicleMakeAndModelTest.scrolldownTest()'><b>scrolldownTest</b><br>Test class: RTA.VehicleMakeAndModelTest</td>
<td></td>
<td>0</td>
<td>RTA.VehicleMakeAndModelTest@f0f1be</td></tr>
<tr>
<td title='RTA.VehicleMakeAndModelTest.dragsheetTest()'><b>dragsheetTest</b><br>Test class: RTA.VehicleMakeAndModelTest</td>
<td></td>
<td>1</td>
<td>RTA.VehicleMakeAndModelTest@f0f1be</td></tr>
<tr>
<td title='RTA.CaptureVehicleImageTest.cameraTakeImage3()'><b>cameraTakeImage3</b><br>Test class: RTA.CaptureVehicleImageTest</td>
<td></td>
<td>1</td>
<td>RTA.CaptureVehicleImageTest@67a738</td></tr>
<tr>
<td title='RTA.ImpoundDataTest.AddcustodyNoteTest()'><b>AddcustodyNoteTest</b><br>Test class: RTA.ImpoundDataTest<br>Parameters: EDAH6666888, Amira Kamal, 011156612121, 656596, 8787, court, Reason, 667, adding notes in General , Adding Custody Notes In custody</td>
<td></td>
<td>1</td>
<td>RTA.ImpoundDataTest@1f9eccc</td></tr>
<tr>
<td title='RTA.ConfirmVehicleTest.confirmVehicleTest()'><b>confirmVehicleTest</b><br>Test class: RTA.ConfirmVehicleTest</td>
<td></td>
<td>0</td>
<td>RTA.ConfirmVehicleTest@cff1a</td></tr>
<tr>
<td title='RTA.SelectYearTest.ClickYearTest()'><b>ClickYearTest</b><br>Test class: RTA.SelectYearTest</td>
<td></td>
<td>1</td>
<td>RTA.SelectYearTest@17632c9</td></tr>
<tr>
<td title='RTA.PlatedataTest.SwitchToggleONTest()'><b>SwitchToggleONTest</b><br>Test class: RTA.PlatedataTest</td>
<td></td>
<td>0</td>
<td>RTA.PlatedataTest@15710fc</td></tr>
<tr>
<td title='RTA.ReasonTest.ClickReasondropdown()'><b>ClickReasondropdown</b><br>Test class: RTA.ReasonTest</td>
<td></td>
<td>0</td>
<td>RTA.ReasonTest@5f1e4e</td></tr>
<tr>
<td title='RTA.CaptureVehicleImageTest.RetakeImage()'><b>RetakeImage</b><br>Test class: RTA.CaptureVehicleImageTest</td>
<td></td>
<td>0</td>
<td>RTA.CaptureVehicleImageTest@67a738</td></tr>
<tr>
<td title='common.allowLocationPermissionTest.clcallowLocationPermissionTestLogin()'><b>clcallowLocationPermissionTestLogin</b><br>Test class: common.allowLocationPermissionTest</td>
<td></td>
<td>2</td>
<td>common.allowLocationPermissionTest@a664f2</td></tr>
<tr>
<td title='RTA.DownloadAndShareTest.ClickDownloadTest()'><b>ClickDownloadTest</b><br>Test class: RTA.DownloadAndShareTest</td>
<td></td>
<td>7</td>
<td>RTA.DownloadAndShareTest@aa2946</td></tr>
<tr>
<td title='RTA.CaptureVehicleImageTest.ConfirmImage2()'><b>ConfirmImage2</b><br>Test class: RTA.CaptureVehicleImageTest</td>
<td></td>
<td>0</td>
<td>RTA.CaptureVehicleImageTest@67a738</td></tr>
<tr>
<td title='RTA.ImpoundDataTest.ConfirmcustodyTest()'><b>ConfirmcustodyTest</b><br>Test class: RTA.ImpoundDataTest</td>
<td></td>
<td>0</td>
<td>RTA.ImpoundDataTest@1f9eccc</td></tr>
<tr>
<td title='RTA.CaptureVehicleImageTest.ClicktakeImage()'><b>ClicktakeImage</b><br>Test class: RTA.CaptureVehicleImageTest</td>
<td></td>
<td>9</td>
<td>RTA.CaptureVehicleImageTest@67a738</td></tr>
<tr>
<td title='RTA.CaptureVehicleImageTest.cameraTakeImage()'><b>cameraTakeImage</b><br>Test class: RTA.CaptureVehicleImageTest</td>
<td></td>
<td>1</td>
<td>RTA.CaptureVehicleImageTest@67a738</td></tr>
<tr>
<td title='RTA.ImpoundDataTest.takeImage()'><b>takeImage</b><br>Test class: RTA.ImpoundDataTest</td>
<td></td>
<td>0</td>
<td>RTA.ImpoundDataTest@1f9eccc</td></tr>
<tr>
<td title='RTA.CaptureVehicleImageTest.ClicktakeImage2()'><b>ClicktakeImage2</b><br>Test class: RTA.CaptureVehicleImageTest</td>
<td></td>
<td>0</td>
<td>RTA.CaptureVehicleImageTest@67a738</td></tr>
<tr>
<td title='RTA.CaptureVehicleImageTest.clcikContentImage2()'><b>clcikContentImage2</b><br>Test class: RTA.CaptureVehicleImageTest</td>
<td></td>
<td>0</td>
<td>RTA.CaptureVehicleImageTest@67a738</td></tr>
<tr>
<td title='login.ClickloginbuttonfromHomescreenTest.clcikLogin()'><b>clcikLogin</b><br>Test class: login.ClickloginbuttonfromHomescreenTest</td>
<td></td>
<td>2</td>
<td>login.ClickloginbuttonfromHomescreenTest@40b76e</td></tr>
<tr>
<td title='RTA.PlatedataTest.AddPlateNumberTest2()'><b>AddPlateNumberTest2</b><br>Test class: RTA.PlatedataTest<br>Parameters: EDAH6666888, Amira Kamal, 011156612121, 656596, 8787, court, Reason, 667, adding notes in General , Adding Custody Notes In custody</td>
<td></td>
<td>0</td>
<td>RTA.PlatedataTest@15710fc</td></tr>
<tr>
<td title='RTA.CaptureVehicleImageTest.clcikContentImage()'><b>clcikContentImage</b><br>Test class: RTA.CaptureVehicleImageTest</td>
<td></td>
<td>0</td>
<td>RTA.CaptureVehicleImageTest@67a738</td></tr>
<tr>
<td title='RTA.PlatedataTest.ClickEmirateListItemTest()'><b>ClickEmirateListItemTest</b><br>Test class: RTA.PlatedataTest</td>
<td></td>
<td>0</td>
<td>RTA.PlatedataTest@15710fc</td></tr>
<tr>
<td title='RTA.PlatedataTest.ClickEmirateListTest()'><b>ClickEmirateListTest</b><br>Test class: RTA.PlatedataTest</td>
<td></td>
<td>0</td>
<td>RTA.PlatedataTest@15710fc</td></tr>
<tr>
<td title='RTA.ImpoundDataTest.FinishTest()'><b>FinishTest</b><br>Test class: RTA.ImpoundDataTest</td>
<td></td>
<td>0</td>
<td>RTA.ImpoundDataTest@1f9eccc</td></tr>
<tr>
<td title='login.ClickloginbuttonfromHomescreenTest.clickContinue()'><b>clickContinue</b><br>Test class: login.ClickloginbuttonfromHomescreenTest</td>
<td></td>
<td>0</td>
<td>login.ClickloginbuttonfromHomescreenTest@40b76e</td></tr>
<tr>
<td title='RTA.ReasonTest.SelectItem()'><b>SelectItem</b><br>Test class: RTA.ReasonTest</td>
<td></td>
<td>0</td>
<td>RTA.ReasonTest@5f1e4e</td></tr>
<tr>
<td title='login.ClickloginbuttonfromHomescreenTest.getotpRTA()'><b>getotpRTA</b><br>Test class: login.ClickloginbuttonfromHomescreenTest<br>Parameters: Amiraaa, 1017900001, 4588, 11, AA</td>
<td></td>
<td>9</td>
<td>login.ClickloginbuttonfromHomescreenTest@40b76e</td></tr>
<tr>
<td title='RTA.DownloadAndShareTest.ClickShareTest()'><b>ClickShareTest</b><br>Test class: RTA.DownloadAndShareTest</td>
<td></td>
<td>0</td>
<td>RTA.DownloadAndShareTest@aa2946</td></tr>
<tr>
<td title='RTA.PlatedataTest.AddPlateNumberTest()'><b>AddPlateNumberTest</b><br>Test class: RTA.PlatedataTest<br>Parameters: EDAH6666888, Amira Kamal, 011156612121, 656596, 8787, court, Reason, 667, adding notes in General , Adding Custody Notes In custody</td>
<td></td>
<td>0</td>
<td>RTA.PlatedataTest@15710fc</td></tr>
<tr>
<td title='RTA.chassisNumberTest.ChassisNumberTest()'><b>ChassisNumberTest</b><br>Test class: RTA.chassisNumberTest<br>Parameters: EDAH6666888, Amira Kamal, 011156612121, 656596, 8787, court, Reason, 667, adding notes in General , Adding Custody Notes In custody</td>
<td></td>
<td>0</td>
<td>RTA.chassisNumberTest@e12bac</td></tr>
<tr>
<td title='RTA.ImageHappyPathTest.ConfirmImagebutton()'><b>ConfirmImagebutton</b><br>Test class: RTA.ImageHappyPathTest</td>
<td></td>
<td>0</td>
<td>RTA.ImageHappyPathTest@1ee392b</td></tr>
<tr>
<td title='RTA.ImageHappyPathTest.takeImage()'><b>takeImage</b><br>Test class: RTA.ImageHappyPathTest</td>
<td></td>
<td>0</td>
<td>RTA.ImageHappyPathTest@1ee392b</td></tr>
<tr>
<td title='RTA.OwnerDataTest.AddOwnerNameTest()'><b>AddOwnerNameTest</b><br>Test class: RTA.OwnerDataTest<br>Parameters: EDAH6666888, Amira Kamal, 011156612121, 656596, 8787, court, Reason, 667, adding notes in General , Adding Custody Notes In custody</td>
<td></td>
<td>0</td>
<td>RTA.OwnerDataTest@c87930</td></tr>
<tr>
<td title='RTA.DownloadAndShareTest.CopyLinkTest()'><b>CopyLinkTest</b><br>Test class: RTA.DownloadAndShareTest</td>
<td></td>
<td>0</td>
<td>RTA.DownloadAndShareTest@aa2946</td></tr>
<tr>
<td title='RTA.ImpoundDataTest.switchcustudyToggleOn()'><b>switchcustudyToggleOn</b><br>Test class: RTA.ImpoundDataTest</td>
<td></td>
<td>0</td>
<td>RTA.ImpoundDataTest@1f9eccc</td></tr>
<tr>
<td title='RTA.PlatedataTest.SwitchToggleOffTest()'><b>SwitchToggleOffTest</b><br>Test class: RTA.PlatedataTest</td>
<td></td>
<td>0</td>
<td>RTA.PlatedataTest@15710fc</td></tr>
<tr>
<td title='RTA.ImpoundDataTest.ConfirmImage()'><b>ConfirmImage</b><br>Test class: RTA.ImpoundDataTest</td>
<td></td>
<td>0</td>
<td>RTA.ImpoundDataTest@1f9eccc</td></tr>
<tr>
<td title='RTA.PlatedataTest.ConfirmplatedataTest()'><b>ConfirmplatedataTest</b><br>Test class: RTA.PlatedataTest</td>
<td></td>
<td>0</td>
<td>RTA.PlatedataTest@15710fc</td></tr>
<tr>
<td title='RTA.SelectColorTest.SelectColorItemTest()'><b>SelectColorItemTest</b><br>Test class: RTA.SelectColorTest</td>
<td></td>
<td>0</td>
<td>RTA.SelectColorTest@1040f2f</td></tr>
<tr>
<td title='RTA.RTATest.confirmlocation()'><b>confirmlocation</b><br>Test class: RTA.RTATest</td>
<td></td>
<td>18</td>
<td>RTA.RTATest@ea6137</td></tr>
<tr>
<td title='RTA.SummeryHappyPathTest.confirmSummery()'><b>confirmSummery</b><br>Test class: RTA.SummeryHappyPathTest</td>
<td></td>
<td>20</td>
<td>RTA.SummeryHappyPathTest@1d5872c</td></tr>
<tr>
<td title='RTA.VehicleMakeAndModelTest.SelectMakeTest()'><b>SelectMakeTest</b><br>Test class: RTA.VehicleMakeAndModelTest</td>
<td></td>
<td>0</td>
<td>RTA.VehicleMakeAndModelTest@f0f1be</td></tr>
<tr>
<td title='RTA.RTATest.confirmSubService()'><b>confirmSubService</b><br>Test class: RTA.RTATest</td>
<td></td>
<td>0</td>
<td>RTA.RTATest@ea6137</td></tr>
<tr>
<td title='RTA.VehicleMakeAndModelTest.SelectModelTest()'><b>SelectModelTest</b><br>Test class: RTA.VehicleMakeAndModelTest</td>
<td></td>
<td>9</td>
<td>RTA.VehicleMakeAndModelTest@f0f1be</td></tr>
<tr>
<td title='RTA.ImageHappyPathTest.allowcameraPermission()'><b>allowcameraPermission</b><br>Test class: RTA.ImageHappyPathTest</td>
<td></td>
<td>0</td>
<td>RTA.ImageHappyPathTest@1ee392b</td></tr>
<tr>
<td title='RTA.PlatedataTest.ClickCodeListTest()'><b>ClickCodeListTest</b><br>Test class: RTA.PlatedataTest</td>
<td></td>
<td>0</td>
<td>RTA.PlatedataTest@15710fc</td></tr>
<tr>
<td title='RTA.ReasonTest.clickSave()'><b>clickSave</b><br>Test class: RTA.ReasonTest</td>
<td></td>
<td>0</td>
<td>RTA.ReasonTest@5f1e4e</td></tr>
<tr>
<td title='RTA.VehicleMakeAndModelTest.SelectModelItemTest()'><b>SelectModelItemTest</b><br>Test class: RTA.VehicleMakeAndModelTest</td>
<td></td>
<td>1</td>
<td>RTA.VehicleMakeAndModelTest@f0f1be</td></tr>
<tr>
<td title='RTA.DropOffTest.confirmdropOff()'><b>confirmdropOff</b><br>Test class: RTA.DropOffTest</td>
<td></td>
<td>0</td>
<td>RTA.DropOffTest@67a849</td></tr>
<tr>
<td title='RTA.CaptureVehicleImageTest.ConfirmImage3()'><b>ConfirmImage3</b><br>Test class: RTA.CaptureVehicleImageTest</td>
<td></td>
<td>0</td>
<td>RTA.CaptureVehicleImageTest@67a738</td></tr>
<tr>
<td title='RTA.SelectYearTest.SelectYearItemTest()'><b>SelectYearItemTest</b><br>Test class: RTA.SelectYearTest</td>
<td></td>
<td>0</td>
<td>RTA.SelectYearTest@17632c9</td></tr>
<tr>
<td title='RTA.CaptureVehicleImageTest.delImage()'><b>delImage</b><br>Test class: RTA.CaptureVehicleImageTest</td>
<td></td>
<td>0</td>
<td>RTA.CaptureVehicleImageTest@67a738</td></tr>
<tr>
<td title='RTA.ImpoundDataTest.cameraTakeImage()'><b>cameraTakeImage</b><br>Test class: RTA.ImpoundDataTest</td>
<td></td>
<td>1</td>
<td>RTA.ImpoundDataTest@1f9eccc</td></tr>
<tr>
<td title='RTA.PlatedataTest.ClickEmirateListTest2()'><b>ClickEmirateListTest2</b><br>Test class: RTA.PlatedataTest</td>
<td></td>
<td>0</td>
<td>RTA.PlatedataTest@15710fc</td></tr>
</table><p>
</body>
</html>