<?xml version="1.0" encoding="UTF-8"?>
<!-- Generated by org.testng.reporters.JUnitReportReporter -->
<testsuite skipped="0" hostname="AS-40" name="RTA.InvalidVehicleDataInfoTest" tests="7" failures="1" timestamp="2023-01-26T01:03:36 EET" time="30.269" errors="0">
  <testcase name="scrolldownTest" time="10.130" classname="RTA.InvalidVehicleDataInfoTest"/>
  <system-out/>
  <testcase name="confirmVehicleTest" time="2.126" classname="RTA.InvalidVehicleDataInfoTest"/>
  <system-out/>
  <testcase name="AssertMandatoryModelTest" time="1.831" classname="RTA.InvalidVehicleDataInfoTest"/>
  <system-out/>
  <testcase name="AssertMandatoryChassisNumberTest" time="1.913" classname="RTA.InvalidVehicleDataInfoTest">
    <failure type="java.lang.AssertionError" message="expected [*يجب أن يتكون الرمز المروري من 11 وحتى 17 رقم] but found [*يجب أن يتكون رقم الشاسي من ١١ وحتى ١٧ رقم]">
      <![CDATA[java.lang.AssertionError: expected [*يجب أن يتكون الرمز المروري من 11 وحتى 17 رقم] but found [*يجب أن يتكون رقم الشاسي من ١١ وحتى ١٧ رقم]
at org.testng.Assert.fail(Assert.java:99)
at org.testng.Assert.failNotEquals(Assert.java:1037)
at org.testng.Assert.assertEqualsImpl(Assert.java:140)
at org.testng.Assert.assertEquals(Assert.java:122)
at org.testng.Assert.assertEquals(Assert.java:629)
at org.testng.Assert.assertEquals(Assert.java:639)
at com.ERA.screens.CompleteVehicleDataScreen.assertChassisValidation(CompleteVehicleDataScreen.java:190)
at RTA.InvalidVehicleDataInfoTest.AssertMandatoryChassisNumberTest(InvalidVehicleDataInfoTest.java:37)
at sun.reflect.NativeMethodAccessorImpl.invoke0(Native Method)
at sun.reflect.NativeMethodAccessorImpl.invoke(NativeMethodAccessorImpl.java:62)
at sun.reflect.DelegatingMethodAccessorImpl.invoke(DelegatingMethodAccessorImpl.java:43)
at java.lang.reflect.Method.invoke(Method.java:498)
at org.testng.internal.MethodInvocationHelper.invokeMethod(MethodInvocationHelper.java:133)
at org.testng.internal.TestInvoker.invokeMethod(TestInvoker.java:598)
at org.testng.internal.TestInvoker.invokeTestMethod(TestInvoker.java:173)
at org.testng.internal.MethodRunner.runInSequence(MethodRunner.java:46)
at org.testng.internal.TestInvoker$MethodInvocationAgent.invoke(TestInvoker.java:824)
at org.testng.internal.TestInvoker.invokeTestMethods(TestInvoker.java:146)
at org.testng.internal.TestMethodWorker.invokeTestMethods(TestMethodWorker.java:146)
at org.testng.internal.TestMethodWorker.run(TestMethodWorker.java:128)
at java.util.ArrayList.forEach(ArrayList.java:1259)
at org.testng.TestRunner.privateRun(TestRunner.java:794)
at org.testng.TestRunner.run(TestRunner.java:596)
at org.testng.SuiteRunner.runTest(SuiteRunner.java:377)
at org.testng.SuiteRunner.runSequentially(SuiteRunner.java:371)
at org.testng.SuiteRunner.privateRun(SuiteRunner.java:332)
at org.testng.SuiteRunner.run(SuiteRunner.java:276)
at org.testng.SuiteRunnerWorker.runSuite(SuiteRunnerWorker.java:53)
at org.testng.SuiteRunnerWorker.run(SuiteRunnerWorker.java:96)
at org.testng.TestNG.runSuitesSequentially(TestNG.java:1212)
at org.testng.TestNG.runSuitesLocally(TestNG.java:1134)
at org.testng.TestNG.runSuites(TestNG.java:1063)
at org.testng.TestNG.run(TestNG.java:1031)
at org.testng.remote.AbstractRemoteTestNG.run(AbstractRemoteTestNG.java:115)
at org.testng.remote.RemoteTestNG.initAndRun(RemoteTestNG.java:251)
at org.testng.remote.RemoteTestNG.main(RemoteTestNG.java:77)
]]>
    </failure>
  </testcase> <!-- AssertMandatoryChassisNumberTest -->
  <system-out/>
  <testcase name="scrollUpTest" time="3.276" classname="RTA.InvalidVehicleDataInfoTest"/>
  <system-out/>
  <testcase name="AssertMandatoryMakeTest" time="2.398" classname="RTA.InvalidVehicleDataInfoTest"/>
  <system-out/>
  <testcase name="AssertMandatoryImageTest" time="8.595" classname="RTA.InvalidVehicleDataInfoTest"/>
  <system-out/>
</testsuite> <!-- RTA.InvalidVehicleDataInfoTest -->
